THE SEED IS: 7

OVERALL JOB STATS -
JobId=0 ArrivalTime=0.0 StartTime=0.0 EndTime=4.085106382978722 NumIters=24
IterStartTime=0.0 IterEndTime=0.2 LossValue=0.4014853490916687
IterStartTime=0.2 IterEndTime=0.4 LossValue=0.18243123336183406
IterStartTime=0.4 IterEndTime=0.6000000000000001 LossValue=0.09971193537336367
IterStartTime=0.6000000000000001 IterEndTime=0.8 LossValue=0.06164865410682163
IterStartTime=0.8 IterEndTime=1.0 LossValue=0.0413536314434537
IterStartTime=0.9999999999999999 IterEndTime=1.2 LossValue=0.029345015193465086
IterStartTime=1.2 IterEndTime=1.4 LossValue=0.021679861819575118
IterStartTime=1.4 IterEndTime=1.5999999999999999 LossValue=0.01649915542503231
IterStartTime=1.5999999999999999 IterEndTime=1.7999999999999998 LossValue=0.012838221342534463
IterStartTime=1.7999999999999998 IterEndTime=1.9999999999999998 LossValue=0.010157566813632144
IterStartTime=1.9999999999999998 IterEndTime=2.1999999999999997 LossValue=0.008136883642266666
IterStartTime=2.1999999999999997 IterEndTime=2.4 LossValue=0.006576487326790458
IterStartTime=2.4 IterEndTime=2.6 LossValue=0.005346743023139708
IterStartTime=2.6 IterEndTime=2.8000000000000003 LossValue=0.004360566360157716
IterStartTime=2.8000000000000003 IterEndTime=3.0000000000000004 LossValue=0.003557724027540542
IterStartTime=3.0 IterEndTime=3.2 LossValue=0.0028954906234648463
IterStartTime=3.2 IterEndTime=3.4000000000000004 LossValue=0.0023428854397156825
IterStartTime=3.4000000000000004 IterEndTime=3.6000000000000005 LossValue=0.001877004790471785
IterStartTime=3.6000000000000005 IterEndTime=3.8000000000000007 LossValue=0.0014806230319912247
IterStartTime=3.8000000000000007 IterEndTime=4.000000000000001 LossValue=0.001140584839014048
IterStartTime=4.0 IterEndTime=4.0212765957446805 LossValue=8.467041651243254E-4
IterStartTime=4.0212765957446805 IterEndTime=4.042553191489361 LossValue=5.909954036671839E-4
IterStartTime=4.042553191489361 IterEndTime=4.063829787234042 LossValue=3.6712702087609997E-4
IterStartTime=4.063829787234042 IterEndTime=4.085106382978722 LossValue=1.70027061976778E-4
JobId=1 ArrivalTime=0.0 StartTime=0.0 EndTime=3.691931637519874 NumIters=24
IterStartTime=0.0 IterEndTime=0.2 LossValue=0.49975576963296015
IterStartTime=0.2 IterEndTime=0.4 LossValue=0.30486484614609677
IterStartTime=0.4 IterEndTime=0.6000000000000001 LossValue=0.20582301966270797
IterStartTime=0.6000000000000001 IterEndTime=0.8 LossValue=0.14785752364481033
IterStartTime=0.8 IterEndTime=1.0 LossValue=0.11075820203209907
IterStartTime=0.9999999999999999 IterEndTime=1.2 LossValue=0.08548410313726237
IterStartTime=1.2 IterEndTime=1.4 LossValue=0.06744896845425434
IterStartTime=1.4 IterEndTime=1.5999999999999999 LossValue=0.05410844193210426
IterStartTime=1.5999999999999999 IterEndTime=1.7999999999999998 LossValue=0.04395251156895727
IterStartTime=1.7999999999999998 IterEndTime=1.9999999999999998 LossValue=0.03603638706783703
IterStartTime=1.9999999999999998 IterEndTime=2.1999999999999997 LossValue=0.02974315831695613
IterStartTime=2.1999999999999997 IterEndTime=2.4 LossValue=0.024655554610218424
IterStartTime=2.4 IterEndTime=2.6 LossValue=0.020482841912293815
IterStartTime=2.6 IterEndTime=2.8000000000000003 LossValue=0.017017252995247808
IterStartTime=2.8000000000000003 IterEndTime=2.9250000000000003 LossValue=0.01410702169931946
IterStartTime=2.9250000000000003 IterEndTime=3.1250000000000004 LossValue=0.011639144596219387
IterStartTime=3.1250000000000004 IterEndTime=3.3250000000000006 LossValue=0.00952804679135695
IterStartTime=3.3250000000000006 IterEndTime=3.525000000000001 LossValue=0.007707943497728083
IterStartTime=3.525000000000001 IterEndTime=3.554411764705883 LossValue=0.006127578591361541
IterStartTime=3.554411764705883 IterEndTime=3.5838235294117653 LossValue=0.004746529144140279
IterStartTime=3.5838235294117653 IterEndTime=3.6108505564387925 LossValue=0.0035325640298949842
IterStartTime=3.6108505564387925 IterEndTime=3.6378775834658197 LossValue=0.002459725869013347
IterStartTime=3.6378775834658197 IterEndTime=3.664904610492847 LossValue=0.0015069180948446385
IterStartTime=3.664904610492847 IterEndTime=3.691931637519874 LossValue=6.568504008794829E-4
JobId=2 ArrivalTime=0.0 StartTime=0.0 EndTime=3.2900793650793636 NumIters=24
IterStartTime=0.0 IterEndTime=0.2 LossValue=0.48296576836970523
IterStartTime=0.2 IterEndTime=0.4 LossValue=0.22996960280494896
IterStartTime=0.4 IterEndTime=0.6000000000000001 LossValue=0.12695181801158323
IterStartTime=0.6000000000000001 IterEndTime=0.8 LossValue=0.07858450319478986
IterStartTime=0.8 IterEndTime=1.0 LossValue=0.05265796295148803
IterStartTime=0.9999999999999999 IterEndTime=1.2 LossValue=0.03730712249653612
IterStartTime=1.2 IterEndTime=1.4 LossValue=0.02751781890451779
IterStartTime=1.4 IterEndTime=1.5999999999999999 LossValue=0.020911130343876403
IterStartTime=1.5999999999999999 IterEndTime=1.7999999999999998 LossValue=0.016249914416732035
IterStartTime=1.7999999999999998 IterEndTime=1.9999999999999998 LossValue=0.012842082006422168
IterStartTime=1.9999999999999998 IterEndTime=2.1999999999999997 LossValue=0.010276953491528872
IterStartTime=2.1999999999999997 IterEndTime=2.4 LossValue=0.008298752374058931
IterStartTime=2.4 IterEndTime=2.6 LossValue=0.006741618406892087
IterStartTime=2.6 IterEndTime=2.8000000000000003 LossValue=0.005494265693462239
IterStartTime=2.8000000000000003 IterEndTime=2.8555555555555556 LossValue=0.0044798133742113035
IterStartTime=2.8555555555555556 IterEndTime=2.911111111111111 LossValue=0.003643790428973706
IterStartTime=2.911111111111111 IterEndTime=2.9666666666666663 LossValue=0.0029467427996022586
IterStartTime=2.9666666666666663 IterEndTime=3.0222222222222217 LossValue=0.0023595329560462844
IterStartTime=3.0222222222222217 IterEndTime=3.069841269841269 LossValue=0.001860268337431081
IterStartTime=3.069841269841269 IterEndTime=3.1174603174603166 LossValue=0.001432244859873188
IterStartTime=3.1174603174603166 IterEndTime=3.165079365079364 LossValue=0.0010625398681706035
IterStartTime=3.165079365079364 IterEndTime=3.2067460317460306 LossValue=7.41030515623897E-4
IterStartTime=3.2067460317460306 IterEndTime=3.248412698412697 LossValue=4.5969680280050305E-4
IterStartTime=3.248412698412697 IterEndTime=3.2900793650793636 LossValue=2.121187761949142E-4
JobId=3 ArrivalTime=0.0 StartTime=0.0 EndTime=4.553333333333328 NumIters=24
IterStartTime=0.0 IterEndTime=0.3333333333333333 LossValue=0.4551478196329448
IterStartTime=0.3333333333333333 IterEndTime=0.6666666666666666 LossValue=0.24660379686477107
IterStartTime=0.6666666666666666 IterEndTime=1.0 LossValue=0.15134268638089934
IterStartTime=0.9999999999999999 IterEndTime=1.3333333333333333 LossValue=0.10099142979532816
IterStartTime=1.3333333333333333 IterEndTime=1.6666666666666665 LossValue=0.07142011412478917
IterStartTime=1.6666666666666665 IterEndTime=1.9999999999999998 LossValue=0.05265906929763934
IterStartTime=1.9999999999999998 IterEndTime=2.333333333333333 LossValue=0.04004145472474733
IterStartTime=2.333333333333333 IterEndTime=2.6666666666666665 LossValue=0.03116139702366072
IterStartTime=2.6666666666666665 IterEndTime=3.0 LossValue=0.024681074954104442
IterStartTime=3.0 IterEndTime=3.3333333333333335 LossValue=0.019810091481437878
IterStartTime=3.3333333333333335 IterEndTime=3.666666666666667 LossValue=0.01605778610456319
IterStartTime=3.666666666666667 IterEndTime=4.0 LossValue=0.01310679033641244
IterStartTime=4.0 IterEndTime=4.333333333333333 LossValue=0.01074458826439777
IterStartTime=4.333333333333333 IterEndTime=4.353333333333333 LossValue=0.008824602628853834
IterStartTime=4.353333333333333 IterEndTime=4.373333333333332 LossValue=0.007243119694826157
IterStartTime=4.373333333333332 IterEndTime=4.393333333333332 LossValue=0.005925101525787748
IterStartTime=4.393333333333332 IterEndTime=4.413333333333331 LossValue=0.004815183116583378
IterStartTime=4.413333333333331 IterEndTime=4.433333333333331 LossValue=0.0038717990571054068
IterStartTime=4.433333333333331 IterEndTime=4.4533333333333305 LossValue=0.003063256669165124
IterStartTime=4.4533333333333305 IterEndTime=4.47333333333333 LossValue=0.0023650524685160665
IterStartTime=4.47333333333333 IterEndTime=4.49333333333333 LossValue=0.0017580019440774104
IterStartTime=4.49333333333333 IterEndTime=4.513333333333329 LossValue=0.001226912876992575
IterStartTime=4.513333333333329 IterEndTime=4.533333333333329 LossValue=7.596290044489095E-4
IterStartTime=4.533333333333329 IterEndTime=4.553333333333328 LossValue=3.463304948793794E-4
JobId=4 ArrivalTime=0.0 StartTime=0.0 EndTime=3.942957042957043 NumIters=24
IterStartTime=0.0 IterEndTime=0.2 LossValue=0.4242339156126167
IterStartTime=0.2 IterEndTime=0.4 LossValue=0.20222186832360908
IterStartTime=0.4 IterEndTime=0.6000000000000001 LossValue=0.11347812617401613
IterStartTime=0.6000000000000001 IterEndTime=0.8 LossValue=0.07125905351911038
IterStartTime=0.8 IterEndTime=1.0 LossValue=0.04828076066357349
IterStartTime=0.9999999999999999 IterEndTime=1.2 LossValue=0.034497206274474425
IterStartTime=1.2 IterEndTime=1.4 LossValue=0.02561354546070569
IterStartTime=1.4 IterEndTime=1.5999999999999999 LossValue=0.019566025938035744
IterStartTime=1.5999999999999999 IterEndTime=1.7999999999999998 LossValue=0.015268897541142875
IterStartTime=1.7999999999999998 IterEndTime=1.9999999999999998 LossValue=0.012108610912126361
IterStartTime=1.9999999999999998 IterEndTime=2.1999999999999997 LossValue=0.009717919114167754
IterStartTime=2.1999999999999997 IterEndTime=2.4 LossValue=0.007866379985840508
IterStartTime=2.4220779220779214 IterEndTime=2.6220779220779216 LossValue=0.006403590907851163
IterStartTime=2.6220779220779216 IterEndTime=2.8220779220779217 LossValue=0.0052280661807207925
IterStartTime=2.8220779220779217 IterEndTime=3.022077922077922 LossValue=0.00426934698908457
IterStartTime=3.022077922077922 IterEndTime=3.222077922077922 LossValue=0.003477293257438611
IterStartTime=3.222077922077922 IterEndTime=3.4220779220779223 LossValue=0.002815446116520929
IterStartTime=3.4220779220779223 IterEndTime=3.6220779220779225 LossValue=0.002256786018769492
IterStartTime=3.6220779220779225 IterEndTime=3.8220779220779226 LossValue=0.0017809480006696983
IterStartTime=3.8220779220779226 IterEndTime=3.847718947718948 LossValue=0.0013723494315639596
IterStartTime=3.847718947718948 IterEndTime=3.871528471528472 LossValue=0.0010189041640072212
IterStartTime=3.871528471528472 IterEndTime=3.8953379953379956 LossValue=7.111223674911749E-4
IterStartTime=3.8953379953379956 IterEndTime=3.9191475191475194 LossValue=4.414693808374561E-4
IterStartTime=3.9191475191475194 IterEndTime=3.942957042957043 LossValue=2.0390183462245214E-4
JobId=5 ArrivalTime=0.0 StartTime=0.0 EndTime=3.4762987012987008 NumIters=24
IterStartTime=0.0 IterEndTime=0.2 LossValue=0.902990995518595
IterStartTime=0.2 IterEndTime=0.4 LossValue=0.8144273251463369
IterStartTime=0.4 IterEndTime=0.6000000000000001 LossValue=0.7335737615855497
IterStartTime=0.6000000000000001 IterEndTime=0.8 LossValue=0.6597590843821305
IterStartTime=0.8 IterEndTime=1.0 LossValue=0.5923705076677768
IterStartTime=0.9999999999999999 IterEndTime=1.2 LossValue=0.5308485930074769
IterStartTime=1.2 IterEndTime=1.4 LossValue=0.47468260512034843
IterStartTime=1.4 IterEndTime=1.5999999999999999 LossValue=0.42340627191850266
IterStartTime=1.5999999999999999 IterEndTime=1.7999999999999998 LossValue=0.37659391366513234
IterStartTime=1.7999999999999998 IterEndTime=1.9999999999999998 LossValue=0.33385690911733046
IterStartTime=1.9999999999999998 IterEndTime=2.1999999999999997 LossValue=0.29484046931668567
IterStartTime=2.1999999999999997 IterEndTime=2.4 LossValue=0.25922069224469546
IterStartTime=2.4 IterEndTime=2.5428571428571427 LossValue=0.22670187389168633
IterStartTime=2.5428571428571427 IterEndTime=2.6857142857142855 LossValue=0.19701405341659556
IterStartTime=2.6857142857142855 IterEndTime=2.8285714285714283 LossValue=0.16991077201831362
IterStartTime=2.8285714285714283 IterEndTime=2.919480519480519 LossValue=0.1451670269134548
IterStartTime=2.919480519480519 IterEndTime=3.01038961038961 LossValue=0.12257740343513181
IterStartTime=3.01038961038961 IterEndTime=3.1012987012987008 LossValue=0.10195436974601584
IterStartTime=3.1012987012987008 IterEndTime=3.2262987012987008 LossValue=0.08312672000893458
IterStartTime=3.2262987012987008 IterEndTime=3.3512987012987008 LossValue=0.06593815309070779
IterStartTime=3.3512987012987008 IterEndTime=3.3825487012987008 LossValue=0.05024597500007362
IterStartTime=3.3825487012987008 IterEndTime=3.4137987012987008 LossValue=0.03591991428776019
IterStartTime=3.4137987012987008 IterEndTime=3.4450487012987008 LossValue=0.022841040574532026
IterStartTime=3.4450487012987008 IterEndTime=3.4762987012987008 LossValue=0.01090077722917672
JobId=6 ArrivalTime=0.0 StartTime=0.0 EndTime=2.4772727272727266 NumIters=19
IterStartTime=0.0 IterEndTime=0.16666666666666666 LossValue=0.612218179834301
IterStartTime=0.16666666666666666 IterEndTime=0.3333333333333333 LossValue=0.37481039199745225
IterStartTime=0.3333333333333333 IterEndTime=0.5 LossValue=0.2294645949678171
IterStartTime=0.5 IterEndTime=0.6666666666666666 LossValue=0.1404809904000609
IterStartTime=0.6666666666666666 IterEndTime=0.8333333333333333 LossValue=0.08600344757674591
IterStartTime=0.8333333333333333 IterEndTime=0.9999999999999999 LossValue=0.05265120604323623
IterStartTime=0.9999999999999999 IterEndTime=1.1666666666666665 LossValue=0.032232296568605864
IterStartTime=1.1666666666666665 IterEndTime=1.3333333333333333 LossValue=0.01973143171026494
IterStartTime=1.3333333333333333 IterEndTime=1.5 LossValue=0.012078152165602483
IterStartTime=1.5 IterEndTime=1.625 LossValue=0.00739266132536934
IterStartTime=1.625 IterEndTime=1.75 LossValue=0.004524110100264841
IterStartTime=1.75 IterEndTime=1.8409090909090908 LossValue=0.0027679256552133867
IterStartTime=1.8409090909090908 IterEndTime=1.9318181818181817 LossValue=0.0016927544056818975
IterStartTime=1.9318181818181817 IterEndTime=2.0227272727272725 LossValue=0.0010345130580396039
IterStartTime=2.0227272727272725 IterEndTime=2.1136363636363633 LossValue=6.315245369693583E-4
IterStartTime=2.1136363636363633 IterEndTime=2.204545454545454 LossValue=3.848069026304161E-4
IterStartTime=2.204545454545454 IterEndTime=2.295454545454545 LossValue=2.337614313297739E-4
IterStartTime=2.295454545454545 IterEndTime=2.386363636363636 LossValue=1.4128837215196898E-4
IterStartTime=2.386363636363636 IterEndTime=2.4772727272727266 LossValue=8.467451541023775E-5
JobId=7 ArrivalTime=0.0 StartTime=0.0 EndTime=1.6857142857142855 NumIters=9
IterStartTime=0.0 IterEndTime=0.2 LossValue=0.35292663217168485
IterStartTime=0.2 IterEndTime=0.4 LossValue=0.12455720769398702
IterStartTime=0.4 IterEndTime=0.6000000000000001 LossValue=0.043959555821359915
IterStartTime=0.6000000000000001 IterEndTime=0.8 LossValue=0.015514497984751066
IterStartTime=0.8 IterEndTime=1.0 LossValue=0.005475479520457322
IterStartTime=0.9999999999999999 IterEndTime=1.2 LossValue=0.0019324425435128033
IterStartTime=1.2 IterEndTime=1.4 LossValue=6.820104355687433E-4
IterStartTime=1.4 IterEndTime=1.5428571428571427 LossValue=2.4069964294872324E-4
IterStartTime=1.5428571428571427 IterEndTime=1.6857142857142855 LossValue=8.494931116691732E-5
JobId=8 ArrivalTime=0.0 StartTime=0.0 EndTime=1.4 NumIters=7
IterStartTime=0.0 IterEndTime=0.2 LossValue=0.25654649020482795
IterStartTime=0.2 IterEndTime=0.4 LossValue=0.06581610163641496
IterStartTime=0.4 IterEndTime=0.6000000000000001 LossValue=0.016884889873785315
IterStartTime=0.6000000000000001 IterEndTime=0.8 LossValue=0.004331759234613424
IterStartTime=0.8 IterEndTime=1.0 LossValue=0.0011112976280511708
IterStartTime=0.9999999999999999 IterEndTime=1.2 LossValue=2.850995060482195E-4
IterStartTime=1.2 IterEndTime=1.4 LossValue=7.314127763454109E-5
JobId=9 ArrivalTime=0.0 StartTime=0.0 EndTime=2.7772727272727256 NumIters=24
IterStartTime=0.0 IterEndTime=0.16666666666666666 LossValue=0.7014355290301826
IterStartTime=0.16666666666666666 IterEndTime=0.3333333333333333 LossValue=0.49199919984812396
IterStartTime=0.3333333333333333 IterEndTime=0.5 LossValue=0.34508427779201006
IterStartTime=0.5 IterEndTime=0.6666666666666666 LossValue=0.24202673086570048
IterStartTime=0.6666666666666666 IterEndTime=0.8333333333333333 LossValue=0.16973415615765358
IterStartTime=0.8333333333333333 IterEndTime=0.9999999999999999 LossValue=0.11902252451309771
IterStartTime=0.9999999999999999 IterEndTime=1.1666666666666665 LossValue=0.08344944395207479
IterStartTime=1.1666666666666665 IterEndTime=1.3333333333333333 LossValue=0.058495719933280024
IterStartTime=1.3333333333333333 IterEndTime=1.5 LossValue=0.040991238100788724
IterStartTime=1.5 IterEndTime=1.6428571428571428 LossValue=0.028712233812962312
IterStartTime=1.6428571428571428 IterEndTime=1.7857142857142856 LossValue=0.020098785683318323
IterStartTime=1.7857142857142856 IterEndTime=1.8766233766233764 LossValue=0.01405664358914037
IterStartTime=1.8766233766233764 IterEndTime=1.9675324675324672 LossValue=0.009818215431595284
IterStartTime=1.9675324675324672 IterEndTime=2.058441558441558 LossValue=0.006845052442929238
IterStartTime=2.058441558441558 IterEndTime=2.149350649350649 LossValue=0.004759444800521163
IterStartTime=2.149350649350649 IterEndTime=2.2402597402597397 LossValue=0.0032964374730881808
IterStartTime=2.2402597402597397 IterEndTime=2.3311688311688306 LossValue=0.0022701704051121215
IterStartTime=2.3311688311688306 IterEndTime=2.4220779220779214 LossValue=0.0015502669056127833
IterStartTime=2.4772727272727266 IterEndTime=2.5272727272727264 LossValue=0.0010452706285584337
IterStartTime=2.5272727272727264 IterEndTime=2.5772727272727263 LossValue=6.910269833808367E-4
IterStartTime=2.5772727272727263 IterEndTime=2.627272727272726 LossValue=4.425329531264206E-4
IterStartTime=2.627272727272726 IterEndTime=2.677272727272726 LossValue=2.6821992334398036E-4
IterStartTime=2.677272727272726 IterEndTime=2.7272727272727257 LossValue=1.4594321383580924E-4
IterStartTime=2.7272727272727257 IterEndTime=2.7772727272727256 LossValue=6.016882446969755E-5