THE SEED IS: 7

OVERALL JOB STATS -
JobId=0 ArrivalTime=0.0 StartTime=0.0 EndTime=4.000000000000001 NumIters=25
IterStartTime=0.0 IterEndTime=0.1 LossValue=0.4014853490916687
IterStartTime=0.1 IterEndTime=0.2 LossValue=0.18243123336183406
IterStartTime=0.2 IterEndTime=0.30000000000000004 LossValue=0.09971193537336367
IterStartTime=0.30000000000000004 IterEndTime=0.4 LossValue=0.06164865410682163
IterStartTime=0.4 IterEndTime=0.5 LossValue=0.0413536314434537
IterStartTime=0.5 IterEndTime=0.6 LossValue=0.029345015193465086
IterStartTime=0.6 IterEndTime=0.7 LossValue=0.021679861819575118
IterStartTime=0.7 IterEndTime=0.7999999999999999 LossValue=0.01649915542503231
IterStartTime=0.7999999999999999 IterEndTime=0.8999999999999999 LossValue=0.012838221342534463
IterStartTime=0.8999999999999999 IterEndTime=0.9999999999999999 LossValue=0.010157566813632144
IterStartTime=0.9999999999999999 IterEndTime=1.2 LossValue=0.008136883642266666
IterStartTime=1.2 IterEndTime=1.4 LossValue=0.006576487326790458
IterStartTime=1.4 IterEndTime=1.5999999999999999 LossValue=0.005346743023139708
IterStartTime=1.5999999999999999 IterEndTime=1.7999999999999998 LossValue=0.004360566360157716
IterStartTime=1.7999999999999998 IterEndTime=1.9999999999999998 LossValue=0.003557724027540542
IterStartTime=1.9999999999999998 IterEndTime=2.1999999999999997 LossValue=0.0028954906234648463
IterStartTime=2.1999999999999997 IterEndTime=2.4 LossValue=0.0023428854397156825
IterStartTime=2.4 IterEndTime=2.6 LossValue=0.001877004790471785
IterStartTime=2.6 IterEndTime=2.8000000000000003 LossValue=0.0014806230319912247
IterStartTime=2.8000000000000003 IterEndTime=3.0000000000000004 LossValue=0.001140584839014048
IterStartTime=3.0000000000000004 IterEndTime=3.2000000000000006 LossValue=8.467041651243254E-4
IterStartTime=3.2000000000000006 IterEndTime=3.400000000000001 LossValue=5.909954036671839E-4
IterStartTime=3.400000000000001 IterEndTime=3.600000000000001 LossValue=3.6712702087609997E-4
IterStartTime=3.600000000000001 IterEndTime=3.800000000000001 LossValue=1.70027061976778E-4
IterStartTime=3.800000000000001 IterEndTime=4.000000000000001 LossValue=-4.40584261027872E-6
JobId=1 ArrivalTime=0.0 StartTime=0.0 EndTime=4.000000000000001 NumIters=25
IterStartTime=0.0 IterEndTime=0.1 LossValue=0.44197735100113167
IterStartTime=0.1 IterEndTime=0.2 LossValue=0.23486147742733143
IterStartTime=0.2 IterEndTime=0.30000000000000004 LossValue=0.14240995895112293
IterStartTime=0.30000000000000004 IterEndTime=0.4 LossValue=0.09428089484618588
IterStartTime=0.4 IterEndTime=0.5 LossValue=0.06630776839299006
IterStartTime=0.5 IterEndTime=0.6 LossValue=0.048693363323665535
IterStartTime=0.6 IterEndTime=0.7 LossValue=0.03691344816852433
IterStartTime=0.7 IterEndTime=0.7999999999999999 LossValue=0.028659103764941556
IterStartTime=0.7999999999999999 IterEndTime=0.8999999999999999 LossValue=0.02265635592600863
IterStartTime=0.8999999999999999 IterEndTime=0.9999999999999999 LossValue=0.01815714149785214
IterStartTime=0.9999999999999999 IterEndTime=1.2 LossValue=0.01469938665635825
IterStartTime=1.2 IterEndTime=1.4 LossValue=0.011985440186612725
IterStartTime=1.4 IterEndTime=1.5999999999999999 LossValue=0.009816676356503934
IterStartTime=1.5999999999999999 IterEndTime=1.7999999999999998 LossValue=0.008056500419405203
IterStartTime=1.7999999999999998 IterEndTime=1.9999999999999998 LossValue=0.0066085063800318524
IterStartTime=1.9999999999999998 IterEndTime=2.1999999999999997 LossValue=0.0054030970390867685
IterStartTime=2.1999999999999997 IterEndTime=2.4 LossValue=0.004389020955815577
IterStartTime=2.4 IterEndTime=2.6 LossValue=0.003527866801558534
IterStartTime=2.6 IterEndTime=2.8000000000000003 LossValue=0.0027903914588856193
IterStartTime=2.8000000000000003 IterEndTime=3.0000000000000004 LossValue=0.0021540162515233047
IterStartTime=3.0000000000000004 IterEndTime=3.2000000000000006 LossValue=0.0016010854504013789
IterStartTime=3.2000000000000006 IterEndTime=3.400000000000001 LossValue=0.0011176331014295668
IterStartTime=3.400000000000001 IterEndTime=3.600000000000001 LossValue=6.924955231941542E-4
IterStartTime=3.600000000000001 IterEndTime=3.800000000000001 LossValue=3.1666307988728083E-4
IterStartTime=3.800000000000001 IterEndTime=4.000000000000001 LossValue=-1.7199713491728233E-5
JobId=2 ArrivalTime=0.0 StartTime=0.0 EndTime=4.000000000000001 NumIters=25
IterStartTime=0.0 IterEndTime=0.1 LossValue=0.48372133114866667
IterStartTime=0.1 IterEndTime=0.2 LossValue=0.2183245683082396
IterStartTime=0.2 IterEndTime=0.30000000000000004 LossValue=0.11644909657040294
IterStartTime=0.30000000000000004 IterEndTime=0.4 LossValue=0.07058460870059521
IterStartTime=0.4 IterEndTime=0.5 LossValue=0.046656285917338516
IterStartTime=0.5 IterEndTime=0.6 LossValue=0.03274527802264673
IterStartTime=0.6 IterEndTime=0.7 LossValue=0.023988876108890382
IterStartTime=0.7 IterEndTime=0.7999999999999999 LossValue=0.018136204367784785
IterStartTime=0.7999999999999999 IterEndTime=0.8999999999999999 LossValue=0.014037640843715756
IterStartTime=0.8999999999999999 IterEndTime=0.9999999999999999 LossValue=0.011058815809755894
IterStartTime=0.9999999999999999 IterEndTime=1.2 LossValue=0.008827323639012372
IterStartTime=1.2 IterEndTime=1.4 LossValue=0.007113220173400011
IterStartTime=1.4 IterEndTime=1.5999999999999999 LossValue=0.005768449445081909
IterStartTime=1.5999999999999999 IterEndTime=1.7999999999999998 LossValue=0.004694257596520918
IterStartTime=1.7999999999999998 IterEndTime=1.9999999999999998 LossValue=0.003822762488041427
IterStartTime=1.9999999999999998 IterEndTime=2.1999999999999997 LossValue=0.003106075093969469
IterStartTime=2.1999999999999997 IterEndTime=2.4 LossValue=0.0025096377932914892
IterStartTime=2.4 IterEndTime=2.6 LossValue=0.0020080122458027124
IterStartTime=2.6 IterEndTime=2.8000000000000003 LossValue=0.001582140193408218
IterStartTime=2.8000000000000003 IterEndTime=3.0000000000000004 LossValue=0.0012175172635949835
IterStartTime=3.0000000000000004 IterEndTime=3.2000000000000006 LossValue=9.029481796383148E-4
IterStartTime=3.2000000000000006 IterEndTime=3.400000000000001 LossValue=6.296812473176416E-4
IterStartTime=3.400000000000001 IterEndTime=3.600000000000001 LossValue=3.9079567776181346E-4
IterStartTime=3.600000000000001 IterEndTime=3.800000000000001 LossValue=1.8076078907477066E-4
IterStartTime=3.800000000000001 IterEndTime=4.000000000000001 LossValue=-4.885853393434957E-6
JobId=3 ArrivalTime=0.0 StartTime=0.0 EndTime=4.000000000000001 NumIters=25
IterStartTime=0.0 IterEndTime=0.1 LossValue=0.49975576963296015
IterStartTime=0.1 IterEndTime=0.2 LossValue=0.30486484614609677
IterStartTime=0.2 IterEndTime=0.30000000000000004 LossValue=0.20582301966270797
IterStartTime=0.30000000000000004 IterEndTime=0.4 LossValue=0.14785752364481033
IterStartTime=0.4 IterEndTime=0.5 LossValue=0.11075820203209907
IterStartTime=0.5 IterEndTime=0.6 LossValue=0.08548410313726237
IterStartTime=0.6 IterEndTime=0.7 LossValue=0.06744896845425434
IterStartTime=0.7 IterEndTime=0.7999999999999999 LossValue=0.05410844193210426
IterStartTime=0.7999999999999999 IterEndTime=0.8999999999999999 LossValue=0.04395251156895727
IterStartTime=0.8999999999999999 IterEndTime=0.9999999999999999 LossValue=0.03603638706783703
IterStartTime=0.9999999999999999 IterEndTime=1.2 LossValue=0.02974315831695613
IterStartTime=1.2 IterEndTime=1.4 LossValue=0.024655554610218424
IterStartTime=1.4 IterEndTime=1.5999999999999999 LossValue=0.020482841912293815
IterStartTime=1.5999999999999999 IterEndTime=1.7999999999999998 LossValue=0.017017252995247808
IterStartTime=1.7999999999999998 IterEndTime=1.9999999999999998 LossValue=0.01410702169931946
IterStartTime=1.9999999999999998 IterEndTime=2.1999999999999997 LossValue=0.011639144596219387
IterStartTime=2.1999999999999997 IterEndTime=2.4 LossValue=0.00952804679135695
IterStartTime=2.4 IterEndTime=2.6 LossValue=0.007707943497728083
IterStartTime=2.6 IterEndTime=2.8000000000000003 LossValue=0.006127578591361541
IterStartTime=2.8000000000000003 IterEndTime=3.0000000000000004 LossValue=0.004746529144140279
IterStartTime=3.0000000000000004 IterEndTime=3.2000000000000006 LossValue=0.0035325640298949842
IterStartTime=3.2000000000000006 IterEndTime=3.400000000000001 LossValue=0.002459725869013347
IterStartTime=3.400000000000001 IterEndTime=3.600000000000001 LossValue=0.0015069180948446385
IterStartTime=3.600000000000001 IterEndTime=3.800000000000001 LossValue=6.568504008794829E-4
IterStartTime=3.800000000000001 IterEndTime=4.000000000000001 LossValue=-1.0475782999133827E-4
JobId=4 ArrivalTime=0.0 StartTime=0.0 EndTime=4.000000000000001 NumIters=25
IterStartTime=0.0 IterEndTime=0.1 LossValue=0.48699533426068436
IterStartTime=0.1 IterEndTime=0.2 LossValue=0.3014445061778707
IterStartTime=0.2 IterEndTime=0.30000000000000004 LossValue=0.20784363071469517
IterStartTime=0.30000000000000004 IterEndTime=0.4 LossValue=0.15245191821443052
IterStartTime=0.4 IterEndTime=0.5 LossValue=0.11639053873369354
IterStartTime=0.5 IterEndTime=0.6 LossValue=0.09136178977624176
IterStartTime=0.6 IterEndTime=0.7 LossValue=0.07316878878396428
IterStartTime=0.7 IterEndTime=0.7999999999999999 LossValue=0.05947230679035356
IterStartTime=0.7999999999999999 IterEndTime=0.8999999999999999 LossValue=0.04887187903868577
IterStartTime=0.8999999999999999 IterEndTime=0.9999999999999999 LossValue=0.04048164996548824
IterStartTime=0.9999999999999999 IterEndTime=1.2 LossValue=0.03371622652856099
IterStartTime=1.2 IterEndTime=1.4 LossValue=0.028174721089737346
IterStartTime=1.4 IterEndTime=1.5999999999999999 LossValue=0.023574325660229465
IterStartTime=1.5999999999999999 IterEndTime=1.7999999999999998 LossValue=0.01971045499229682
IterStartTime=1.7999999999999998 IterEndTime=1.9999999999999998 LossValue=0.01643188386426719
IterStartTime=1.9999999999999998 IterEndTime=2.1999999999999997 LossValue=0.013624715965145744
IterStartTime=2.1999999999999997 IterEndTime=2.4 LossValue=0.011201748048387368
IterStartTime=2.4 IterEndTime=2.6 LossValue=0.00909523580977033
IterStartTime=2.6 IterEndTime=2.8000000000000003 LossValue=0.00725186455760966
IterStartTime=2.8000000000000003 IterEndTime=3.0000000000000004 LossValue=0.005629184092371283
IterStartTime=3.0000000000000004 IterEndTime=3.2000000000000006 LossValue=0.004193037231757773
IterStartTime=3.2000000000000006 IterEndTime=3.400000000000001 LossValue=0.002915675827552977
IterStartTime=3.400000000000001 IterEndTime=3.600000000000001 LossValue=0.0017743608172285166
IterStartTime=3.600000000000001 IterEndTime=3.800000000000001 LossValue=7.503084896656916E-4
IterStartTime=3.800000000000001 IterEndTime=4.000000000000001 LossValue=-1.721120276739884E-4
JobId=5 ArrivalTime=1.0 StartTime=0.9999999999999999 EndTime=4.999999999999997 NumIters=25
IterStartTime=0.9999999999999999 IterEndTime=1.2 LossValue=0.6416096019951388
IterStartTime=1.2 IterEndTime=1.4 LossValue=0.41166092893869655
IterStartTime=1.4 IterEndTime=1.5999999999999999 LossValue=0.2641223996288197
IterStartTime=1.5999999999999999 IterEndTime=1.7999999999999998 LossValue=0.16945945880124466
IterStartTime=1.7999999999999998 IterEndTime=1.9999999999999998 LossValue=0.10872229130987077
IterStartTime=1.9999999999999998 IterEndTime=2.1999999999999997 LossValue=0.06975241056641712
IterStartTime=2.1999999999999997 IterEndTime=2.4 LossValue=0.04474874859329857
IterStartTime=2.4 IterEndTime=2.6 LossValue=0.02870602277174222
IterStartTime=2.6 IterEndTime=2.8000000000000003 LossValue=0.01841276844514285
IterStartTime=2.8000000000000003 IterEndTime=3.0000000000000004 LossValue=0.011808461557987052
IterStartTime=3.0000000000000004 IterEndTime=3.2000000000000006 LossValue=0.007571038865824411
IterStartTime=3.2000000000000006 IterEndTime=3.400000000000001 LossValue=0.004852244694255002
IterStartTime=3.400000000000001 IterEndTime=3.600000000000001 LossValue=0.0031078254365228364
IterStartTime=3.600000000000001 IterEndTime=3.800000000000001 LossValue=0.001988579787636409
IterStartTime=3.800000000000001 IterEndTime=4.000000000000001 LossValue=0.0012704549349104718
IterStartTime=4.000000000000001 IterEndTime=4.1000000000000005 LossValue=8.096952217807059E-4
IterStartTime=4.1000000000000005 IterEndTime=4.2 LossValue=5.140648555044873E-4
IterStartTime=4.2 IterEndTime=4.3 LossValue=3.2438396332979156E-4
IterStartTime=4.3 IterEndTime=4.3999999999999995 LossValue=2.026818482548731E-4
IterStartTime=4.3999999999999995 IterEndTime=4.499999999999999 LossValue=1.2459593963278892E-4
IterStartTime=4.499999999999999 IterEndTime=4.599999999999999 LossValue=7.449484548514012E-5
IterStartTime=4.599999999999999 IterEndTime=4.699999999999998 LossValue=4.2349229469580826E-5
IterStartTime=4.699999999999998 IterEndTime=4.799999999999998 LossValue=2.172411844955979E-5
IterStartTime=4.799999999999998 IterEndTime=4.899999999999998 LossValue=8.490736815737904E-6
IterStartTime=4.899999999999998 IterEndTime=4.999999999999997 LossValue=-1.1858461261560205E-20
JobId=6 ArrivalTime=1.0 StartTime=0.9999999999999999 EndTime=4.999999999999997 NumIters=25
IterStartTime=0.9999999999999999 IterEndTime=1.2 LossValue=0.7842559147174561
IterStartTime=1.2 IterEndTime=1.4 LossValue=0.6149486229056698
IterStartTime=1.4 IterEndTime=1.5999999999999999 LossValue=0.48208306126998896
IterStartTime=1.5999999999999999 IterEndTime=1.7999999999999998 LossValue=0.37781550563281396
IterStartTime=1.7999999999999998 IterEndTime=1.9999999999999998 LossValue=0.29599051633753054
IterStartTime=1.9999999999999998 IterEndTime=2.1999999999999997 LossValue=0.23177755160215974
IterStartTime=2.1999999999999997 IterEndTime=2.4 LossValue=0.18138579627633702
IterStartTime=2.4 IterEndTime=2.6 LossValue=0.14184037090495832
IterStartTime=2.6 IterEndTime=2.8000000000000003 LossValue=0.11080670959088398
IterStartTime=2.8000000000000003 IterEndTime=3.0000000000000004 LossValue=0.08645273879623132
IterStartTime=3.0000000000000004 IterEndTime=3.2000000000000006 LossValue=0.06734072080182839
IterStartTime=3.2000000000000006 IterEndTime=3.400000000000001 LossValue=0.05234237679878054
IterStartTime=3.400000000000001 IterEndTime=3.600000000000001 LossValue=0.0405722789001892
IterStartTime=3.600000000000001 IterEndTime=3.800000000000001 LossValue=0.03133557886755413
IterStartTime=3.800000000000001 IterEndTime=4.000000000000001 LossValue=0.02408698771496129
IterStartTime=4.000000000000001 IterEndTime=4.1000000000000005 LossValue=0.018398584550215685
IterStartTime=4.1000000000000005 IterEndTime=4.2 LossValue=0.01393455424646303
IterStartTime=4.2 IterEndTime=4.3 LossValue=0.010431362581651905
IterStartTime=4.3 IterEndTime=4.3999999999999995 LossValue=0.007682198484337094
IterStartTime=4.3999999999999995 IterEndTime=4.499999999999999 LossValue=0.005524764933132224
IterStartTime=4.499999999999999 IterEndTime=4.599999999999999 LossValue=0.0038316977450328824
IterStartTime=4.599999999999999 IterEndTime=4.699999999999998 LossValue=0.0025030466253644396
IterStartTime=4.699999999999998 IterEndTime=4.799999999999998 LossValue=0.0014603745978130885
IterStartTime=4.799999999999998 IterEndTime=4.899999999999998 LossValue=6.42127474136753E-4
IterStartTime=4.899999999999998 IterEndTime=4.999999999999997 LossValue=-4.3368086899420177E-19
JobId=7 ArrivalTime=1.0 StartTime=0.9999999999999999 EndTime=4.999999999999997 NumIters=25
IterStartTime=0.9999999999999999 IterEndTime=1.2 LossValue=0.5889670608266793
IterStartTime=1.2 IterEndTime=1.4 LossValue=0.34688189671446235
IterStartTime=1.4 IterEndTime=1.5999999999999999 LossValue=0.2043015312549271
IterStartTime=1.5999999999999999 IterEndTime=1.7999999999999998 LossValue=0.12032628771149709
IterStartTime=1.7999999999999998 IterEndTime=1.9999999999999998 LossValue=0.07086757363505071
IterStartTime=1.9999999999999998 IterEndTime=2.1999999999999997 LossValue=0.041737983831234615
IterStartTime=2.1999999999999997 IterEndTime=2.4 LossValue=0.02458159353715937
IterStartTime=2.4 IterEndTime=2.6 LossValue=0.014477032164857476
IterStartTime=2.6 IterEndTime=2.8000000000000003 LossValue=0.008525770927703449
IterStartTime=2.8000000000000003 IterEndTime=3.0000000000000004 LossValue=0.00502066971569669
IterStartTime=3.0000000000000004 IterEndTime=3.2000000000000006 LossValue=0.0029562779814352536
IterStartTime=3.2000000000000006 IterEndTime=3.400000000000001 LossValue=0.0017404177324106612
IterStartTime=3.400000000000001 IterEndTime=3.600000000000001 LossValue=0.0010243152017603769
IterStartTime=3.600000000000001 IterEndTime=3.800000000000001 LossValue=6.025538728452071E-4
IterStartTime=3.800000000000001 IterEndTime=4.000000000000001 LossValue=3.5415003267617856E-4
IterStartTime=4.000000000000001 IterEndTime=4.1000000000000005 LossValue=2.0784817050822462E-4
IterStartTime=4.1000000000000005 IterEndTime=4.2 LossValue=1.2168108525202944E-4
IterStartTime=4.2 IterEndTime=4.3 LossValue=7.093144699366718E-5
IterStartTime=4.3 IterEndTime=4.3999999999999995 LossValue=4.1041544420115206E-5
IterStartTime=4.3999999999999995 IterEndTime=4.499999999999999 LossValue=2.3437354390066707E-5
IterStartTime=4.499999999999999 IterEndTime=4.599999999999999 LossValue=1.306905339438932E-5
IterStartTime=4.599999999999999 IterEndTime=4.699999999999998 LossValue=6.9624580126381195E-6
IterStartTime=4.699999999999998 IterEndTime=4.799999999999998 LossValue=3.3658699919034076E-6
IterStartTime=4.799999999999998 IterEndTime=4.899999999999998 LossValue=1.2475954735771392E-6
IterStartTime=4.899999999999998 IterEndTime=4.999999999999997 LossValue=1.4823076576950256E-21
JobId=8 ArrivalTime=1.0 StartTime=0.9999999999999999 EndTime=4.999999999999997 NumIters=25
IterStartTime=0.9999999999999999 IterEndTime=1.2 LossValue=0.4729746032931946
IterStartTime=1.2 IterEndTime=1.4 LossValue=0.22370497329683464
IterStartTime=1.4 IterEndTime=1.5999999999999999 LossValue=0.10580676796027223
IterStartTime=1.5999999999999999 IterEndTime=1.7999999999999998 LossValue=0.050043910600612314
IterStartTime=1.7999999999999998 IterEndTime=1.9999999999999998 LossValue=0.023669495044097738
IterStartTime=1.9999999999999998 IterEndTime=2.1999999999999997 LossValue=0.011195066205898772
IterStartTime=2.1999999999999997 IterEndTime=2.4 LossValue=0.005294978125999933
IterStartTime=2.4 IterEndTime=2.6 LossValue=0.002504386283913614
IterStartTime=2.6 IterEndTime=2.8000000000000003 LossValue=0.0011845072035233026
IterStartTime=2.8000000000000003 IterEndTime=3.0000000000000004 LossValue=5.602379139128418E-4
IterStartTime=3.0000000000000004 IterEndTime=3.2000000000000006 LossValue=2.6497439186693974E-4
IterStartTime=3.2000000000000006 IterEndTime=3.400000000000001 LossValue=1.253222435042503E-4
IterStartTime=3.400000000000001 IterEndTime=3.600000000000001 LossValue=5.927032348656956E-5
IterStartTime=3.600000000000001 IterEndTime=3.800000000000001 LossValue=2.8029442560832892E-5
IterStartTime=3.800000000000001 IterEndTime=4.000000000000001 LossValue=1.3253299176131822E-5
IterStartTime=4.000000000000001 IterEndTime=4.1000000000000005 LossValue=6.2645585626948215E-6
IterStartTime=4.1000000000000005 IterEndTime=4.2 LossValue=2.959061716171638E-6
IterStartTime=4.2 IterEndTime=4.3 LossValue=1.3956456435580568E-6
IterStartTime=4.3 IterEndTime=4.3999999999999995 LossValue=6.561895407100296E-7
IterStartTime=4.3999999999999995 IterEndTime=4.499999999999999 LossValue=3.0644558091747904E-7
IterStartTime=4.499999999999999 IterEndTime=4.599999999999999 LossValue=1.4102556891101562E-7
IterStartTime=4.599999999999999 IterEndTime=4.699999999999998 LossValue=6.278610370781606E-8
IterStartTime=4.699999999999998 IterEndTime=4.799999999999998 LossValue=2.57808233851215E-8
IterStartTime=4.799999999999998 IterEndTime=4.899999999999998 LossValue=8.278265459850762E-9
IterStartTime=4.899999999999998 IterEndTime=4.999999999999997 LossValue=-2.481541837659083E-24
JobId=9 ArrivalTime=1.0 StartTime=0.9999999999999999 EndTime=4.999999999999997 NumIters=25
IterStartTime=0.9999999999999999 IterEndTime=1.2 LossValue=0.25442176460220217
IterStartTime=1.2 IterEndTime=1.4 LossValue=0.06473043430329761
IterStartTime=1.4 IterEndTime=1.5999999999999999 LossValue=0.01646883131891094
IterStartTime=1.5999999999999999 IterEndTime=1.7999999999999998 LossValue=0.004190029125092325
IterStartTime=1.7999999999999998 IterEndTime=1.9999999999999998 LossValue=0.0010660346037395885
IterStartTime=1.9999999999999998 IterEndTime=2.1999999999999997 LossValue=2.7122240500941007E-4
IterStartTime=2.1999999999999997 IterEndTime=2.4 LossValue=6.900488288112108E-5
IterStartTime=2.4 IterEndTime=2.6 LossValue=1.7556344067756714E-5
IterStartTime=2.6 IterEndTime=2.8000000000000003 LossValue=4.466716036655613E-6
IterStartTime=2.8000000000000003 IterEndTime=3.0000000000000004 LossValue=1.1364297749964024E-6
IterStartTime=3.0000000000000004 IterEndTime=3.2000000000000006 LossValue=2.891324676745912E-7
IterStartTime=3.2000000000000006 IterEndTime=3.400000000000001 LossValue=7.356159160308078E-8
IterStartTime=3.400000000000001 IterEndTime=3.600000000000001 LossValue=1.871566891612422E-8
IterStartTime=3.600000000000001 IterEndTime=3.800000000000001 LossValue=4.7616724848727225E-9
IterStartTime=3.800000000000001 IterEndTime=4.000000000000001 LossValue=1.21147208958087E-9
IterStartTime=4.000000000000001 IterEndTime=4.1000000000000005 LossValue=3.082238403192775E-10
IterStartTime=4.1000000000000005 IterEndTime=4.2 LossValue=7.841782686829218E-11
IterStartTime=4.2 IterEndTime=4.3 LossValue=1.9950175409895042E-11
IterStartTime=4.3 IterEndTime=4.3999999999999995 LossValue=5.074732353703061E-12
IterStartTime=4.3999999999999995 IterEndTime=4.499999999999999 LossValue=1.2900958821071073E-12
IterStartTime=4.499999999999999 IterEndTime=4.599999999999999 LossValue=3.272019926258084E-13
IterStartTime=4.599999999999999 IterEndTime=4.699999999999998 LossValue=8.222083013929747E-14
IterStartTime=4.699999999999998 IterEndTime=4.799999999999998 LossValue=1.9892290485180284E-14
IterStartTime=4.799999999999998 IterEndTime=4.899999999999998 LossValue=4.034553441301392E-15
IterStartTime=4.899999999999998 IterEndTime=4.999999999999997 LossValue=-1.7749370367472766E-30
