THE SEED IS: 7

OVERALL JOB STATS -
JobId=0 ArrivalTime=0.0 StartTime=0.0 EndTime=2.2978723404255335 NumIters=24
IterStartTime=0.0 IterEndTime=0.2 LossValue=0.4014853490916687
IterStartTime=0.2 IterEndTime=0.4 LossValue=0.18243123336183406
IterStartTime=0.4 IterEndTime=0.6000000000000001 LossValue=0.09971193537336367
IterStartTime=0.6000000000000001 IterEndTime=0.8 LossValue=0.06164865410682163
IterStartTime=0.8 IterEndTime=1.0 LossValue=0.0413536314434537
IterStartTime=1.0 IterEndTime=1.2 LossValue=0.029345015193465086
IterStartTime=1.2 IterEndTime=1.4 LossValue=0.021679861819575118
IterStartTime=1.4 IterEndTime=1.5999999999999999 LossValue=0.01649915542503231
IterStartTime=1.5999999999999999 IterEndTime=1.7999999999999998 LossValue=0.012838221342534463
IterStartTime=1.7999999999999998 IterEndTime=1.9999999999999998 LossValue=0.010157566813632144
IterStartTime=1.9999999999999998 IterEndTime=2.0212765957446805 LossValue=0.008136883642266666
IterStartTime=2.0212765957446805 IterEndTime=2.0425531914893615 LossValue=0.006576487326790458
IterStartTime=2.0425531914893615 IterEndTime=2.0638297872340425 LossValue=0.005346743023139708
IterStartTime=2.0638297872340425 IterEndTime=2.0851063829787235 LossValue=0.004360566360157716
IterStartTime=2.0851063829787235 IterEndTime=2.1063829787234045 LossValue=0.003557724027540542
IterStartTime=2.1063829787234045 IterEndTime=2.1276595744680855 LossValue=0.0028954906234648463
IterStartTime=2.1276595744680855 IterEndTime=2.1489361702127665 LossValue=0.0023428854397156825
IterStartTime=2.1489361702127665 IterEndTime=2.1702127659574475 LossValue=0.001877004790471785
IterStartTime=2.1702127659574475 IterEndTime=2.1914893617021285 LossValue=0.0014806230319912247
IterStartTime=2.1914893617021285 IterEndTime=2.2127659574468095 LossValue=0.001140584839014048
IterStartTime=2.2127659574468095 IterEndTime=2.2340425531914905 LossValue=8.467041651243254E-4
IterStartTime=2.2340425531914905 IterEndTime=2.2553191489361715 LossValue=5.909954036671839E-4
IterStartTime=2.2553191489361715 IterEndTime=2.2765957446808525 LossValue=3.6712702087609997E-4
IterStartTime=2.2765957446808525 IterEndTime=2.2978723404255335 LossValue=1.70027061976778E-4
JobId=1 ArrivalTime=0.0 StartTime=0.0 EndTime=1.3802066772655002 NumIters=24
IterStartTime=0.0 IterEndTime=0.125 LossValue=0.49975576963296015
IterStartTime=0.125 IterEndTime=0.25 LossValue=0.30486484614609677
IterStartTime=0.25 IterEndTime=0.45 LossValue=0.20582301966270797
IterStartTime=0.45 IterEndTime=0.65 LossValue=0.14785752364481033
IterStartTime=0.65 IterEndTime=0.8500000000000001 LossValue=0.11075820203209907
IterStartTime=0.8500000000000001 IterEndTime=0.8794117647058824 LossValue=0.08548410313726237
IterStartTime=0.8794117647058824 IterEndTime=0.9088235294117648 LossValue=0.06744896845425434
IterStartTime=0.9088235294117648 IterEndTime=0.9382352941176472 LossValue=0.05410844193210426
IterStartTime=0.9382352941176472 IterEndTime=0.9676470588235295 LossValue=0.04395251156895727
IterStartTime=0.9676470588235295 IterEndTime=0.9970588235294119 LossValue=0.03603638706783703
IterStartTime=0.9970588235294119 IterEndTime=1.0264705882352942 LossValue=0.02974315831695613
IterStartTime=1.0264705882352942 IterEndTime=1.0558823529411765 LossValue=0.024655554610218424
IterStartTime=1.0558823529411765 IterEndTime=1.0829093799682035 LossValue=0.020482841912293815
IterStartTime=1.0829093799682035 IterEndTime=1.1099364069952304 LossValue=0.017017252995247808
IterStartTime=1.1099364069952304 IterEndTime=1.1369634340222574 LossValue=0.01410702169931946
IterStartTime=1.1369634340222574 IterEndTime=1.1639904610492844 LossValue=0.011639144596219387
IterStartTime=1.1639904610492844 IterEndTime=1.1910174880763114 LossValue=0.00952804679135695
IterStartTime=1.1910174880763114 IterEndTime=1.2180445151033383 LossValue=0.007707943497728083
IterStartTime=1.2180445151033383 IterEndTime=1.2450715421303653 LossValue=0.006127578591361541
IterStartTime=1.2450715421303653 IterEndTime=1.2720985691573923 LossValue=0.004746529144140279
IterStartTime=1.2720985691573923 IterEndTime=1.2991255961844193 LossValue=0.0035325640298949842
IterStartTime=1.2991255961844193 IterEndTime=1.3261526232114462 LossValue=0.002459725869013347
IterStartTime=1.3261526232114462 IterEndTime=1.3531796502384732 LossValue=0.0015069180948446385
IterStartTime=1.3531796502384732 IterEndTime=1.3802066772655002 LossValue=6.568504008794829E-4
JobId=2 ArrivalTime=0.0 StartTime=0.0 EndTime=0.8125 NumIters=24
IterStartTime=0.0 IterEndTime=0.034482758620689655 LossValue=0.48296576836970523
IterStartTime=0.034482758620689655 IterEndTime=0.06896551724137931 LossValue=0.22996960280494896
IterStartTime=0.06896551724137931 IterEndTime=0.10344827586206896 LossValue=0.12695181801158323
IterStartTime=0.10344827586206896 IterEndTime=0.13793103448275862 LossValue=0.07858450319478986
IterStartTime=0.13793103448275862 IterEndTime=0.1724137931034483 LossValue=0.05265796295148803
IterStartTime=0.1724137931034483 IterEndTime=0.20689655172413796 LossValue=0.03730712249653612
IterStartTime=0.25 IterEndTime=0.28125 LossValue=0.02751781890451779
IterStartTime=0.28125 IterEndTime=0.3125 LossValue=0.020911130343876403
IterStartTime=0.3125 IterEndTime=0.34375 LossValue=0.016249914416732035
IterStartTime=0.34375 IterEndTime=0.375 LossValue=0.012842082006422168
IterStartTime=0.375 IterEndTime=0.40625 LossValue=0.010276953491528872
IterStartTime=0.40625 IterEndTime=0.4375 LossValue=0.008298752374058931
IterStartTime=0.4375 IterEndTime=0.46875 LossValue=0.006741618406892087
IterStartTime=0.46875 IterEndTime=0.5 LossValue=0.005494265693462239
IterStartTime=0.5 IterEndTime=0.53125 LossValue=0.0044798133742113035
IterStartTime=0.53125 IterEndTime=0.5625 LossValue=0.003643790428973706
IterStartTime=0.5625 IterEndTime=0.59375 LossValue=0.0029467427996022586
IterStartTime=0.59375 IterEndTime=0.625 LossValue=0.0023595329560462844
IterStartTime=0.625 IterEndTime=0.65625 LossValue=0.001860268337431081
IterStartTime=0.65625 IterEndTime=0.6875 LossValue=0.001432244859873188
IterStartTime=0.6875 IterEndTime=0.71875 LossValue=0.0010625398681706035
IterStartTime=0.71875 IterEndTime=0.75 LossValue=7.41030515623897E-4
IterStartTime=0.75 IterEndTime=0.78125 LossValue=4.5969680280050305E-4
IterStartTime=0.78125 IterEndTime=0.8125 LossValue=2.121187761949142E-4
JobId=3 ArrivalTime=0.0 StartTime=0.0 EndTime=2.6733333333333333 NumIters=24
IterStartTime=0.0 IterEndTime=0.3333333333333333 LossValue=0.4551478196329448
IterStartTime=0.3333333333333333 IterEndTime=0.6666666666666666 LossValue=0.24660379686477107
IterStartTime=0.6666666666666666 IterEndTime=1.0 LossValue=0.15134268638089934
IterStartTime=1.0 IterEndTime=1.3333333333333333 LossValue=0.10099142979532816
IterStartTime=1.3333333333333333 IterEndTime=1.6666666666666665 LossValue=0.07142011412478917
IterStartTime=1.6666666666666665 IterEndTime=1.9999999999999998 LossValue=0.05265906929763934
IterStartTime=1.9999999999999998 IterEndTime=2.333333333333333 LossValue=0.04004145472474733
IterStartTime=2.333333333333333 IterEndTime=2.353333333333333 LossValue=0.03116139702366072
IterStartTime=2.353333333333333 IterEndTime=2.373333333333333 LossValue=0.024681074954104442
IterStartTime=2.373333333333333 IterEndTime=2.393333333333333 LossValue=0.019810091481437878
IterStartTime=2.393333333333333 IterEndTime=2.413333333333333 LossValue=0.01605778610456319
IterStartTime=2.413333333333333 IterEndTime=2.433333333333333 LossValue=0.01310679033641244
IterStartTime=2.433333333333333 IterEndTime=2.453333333333333 LossValue=0.01074458826439777
IterStartTime=2.453333333333333 IterEndTime=2.473333333333333 LossValue=0.008824602628853834
IterStartTime=2.473333333333333 IterEndTime=2.493333333333333 LossValue=0.007243119694826157
IterStartTime=2.493333333333333 IterEndTime=2.513333333333333 LossValue=0.005925101525787748
IterStartTime=2.513333333333333 IterEndTime=2.533333333333333 LossValue=0.004815183116583378
IterStartTime=2.533333333333333 IterEndTime=2.5533333333333332 LossValue=0.0038717990571054068
IterStartTime=2.5533333333333332 IterEndTime=2.5733333333333333 LossValue=0.003063256669165124
IterStartTime=2.5733333333333333 IterEndTime=2.5933333333333333 LossValue=0.0023650524685160665
IterStartTime=2.5933333333333333 IterEndTime=2.6133333333333333 LossValue=0.0017580019440774104
IterStartTime=2.6133333333333333 IterEndTime=2.6333333333333333 LossValue=0.001226912876992575
IterStartTime=2.6333333333333333 IterEndTime=2.6533333333333333 LossValue=7.596290044489095E-4
IterStartTime=2.6533333333333333 IterEndTime=2.6733333333333333 LossValue=3.463304948793794E-4
JobId=4 ArrivalTime=0.0 StartTime=0.0 EndTime=1.8047619047619032 NumIters=24
IterStartTime=0.0 IterEndTime=0.2 LossValue=0.4242339156126167
IterStartTime=0.2 IterEndTime=0.4 LossValue=0.20222186832360908
IterStartTime=0.4 IterEndTime=0.6000000000000001 LossValue=0.11347812617401613
IterStartTime=0.6000000000000001 IterEndTime=0.8 LossValue=0.07125905351911038
IterStartTime=0.8 IterEndTime=1.0 LossValue=0.04828076066357349
IterStartTime=1.0 IterEndTime=1.2 LossValue=0.034497206274474425
IterStartTime=1.2 IterEndTime=1.4 LossValue=0.02561354546070569
IterStartTime=1.4 IterEndTime=1.4238095238095236 LossValue=0.019566025938035744
IterStartTime=1.4238095238095236 IterEndTime=1.4476190476190474 LossValue=0.015268897541142875
IterStartTime=1.4476190476190474 IterEndTime=1.471428571428571 LossValue=0.012108610912126361
IterStartTime=1.471428571428571 IterEndTime=1.4952380952380948 LossValue=0.009717919114167754
IterStartTime=1.4952380952380948 IterEndTime=1.5190476190476185 LossValue=0.007866379985840508
IterStartTime=1.5190476190476185 IterEndTime=1.5428571428571423 LossValue=0.006403590907851163
IterStartTime=1.5428571428571423 IterEndTime=1.566666666666666 LossValue=0.0052280661807207925
IterStartTime=1.566666666666666 IterEndTime=1.5904761904761897 LossValue=0.00426934698908457
IterStartTime=1.5904761904761897 IterEndTime=1.6142857142857134 LossValue=0.003477293257438611
IterStartTime=1.6142857142857134 IterEndTime=1.6380952380952372 LossValue=0.002815446116520929
IterStartTime=1.6380952380952372 IterEndTime=1.6619047619047609 LossValue=0.002256786018769492
IterStartTime=1.6619047619047609 IterEndTime=1.6857142857142846 LossValue=0.0017809480006696983
IterStartTime=1.6857142857142846 IterEndTime=1.7095238095238083 LossValue=0.0013723494315639596
IterStartTime=1.7095238095238083 IterEndTime=1.733333333333332 LossValue=0.0010189041640072212
IterStartTime=1.733333333333332 IterEndTime=1.7571428571428558 LossValue=7.111223674911749E-4
IterStartTime=1.7571428571428558 IterEndTime=1.7809523809523795 LossValue=4.414693808374561E-4
IterStartTime=1.7809523809523795 IterEndTime=1.8047619047619032 LossValue=2.0390183462245214E-4
JobId=5 ArrivalTime=10.0 StartTime=10.0 EndTime=11.708571428571418 NumIters=24
IterStartTime=10.0 IterEndTime=10.142857142857142 LossValue=0.902990995518595
IterStartTime=10.142857142857142 IterEndTime=10.285714285714285 LossValue=0.8144273251463369
IterStartTime=10.285714285714285 IterEndTime=10.428571428571427 LossValue=0.7335737615855497
IterStartTime=10.428571428571427 IterEndTime=10.57142857142857 LossValue=0.6597590843821305
IterStartTime=10.57142857142857 IterEndTime=10.714285714285712 LossValue=0.5923705076677768
IterStartTime=10.714285714285712 IterEndTime=10.857142857142854 LossValue=0.5308485930074769
IterStartTime=10.857142857142854 IterEndTime=10.999999999999996 LossValue=0.47468260512034843
IterStartTime=10.999999999999996 IterEndTime=11.142857142857139 LossValue=0.42340627191850266
IterStartTime=11.142857142857139 IterEndTime=11.285714285714281 LossValue=0.37659391366513234
IterStartTime=11.285714285714281 IterEndTime=11.428571428571423 LossValue=0.33385690911733046
IterStartTime=11.428571428571423 IterEndTime=11.448571428571423 LossValue=0.29484046931668567
IterStartTime=11.448571428571423 IterEndTime=11.468571428571423 LossValue=0.25922069224469546
IterStartTime=11.468571428571423 IterEndTime=11.488571428571422 LossValue=0.22670187389168633
IterStartTime=11.488571428571422 IterEndTime=11.508571428571422 LossValue=0.19701405341659556
IterStartTime=11.508571428571422 IterEndTime=11.528571428571421 LossValue=0.16991077201831362
IterStartTime=11.528571428571421 IterEndTime=11.548571428571421 LossValue=0.1451670269134548
IterStartTime=11.548571428571421 IterEndTime=11.56857142857142 LossValue=0.12257740343513181
IterStartTime=11.56857142857142 IterEndTime=11.58857142857142 LossValue=0.10195436974601584
IterStartTime=11.58857142857142 IterEndTime=11.60857142857142 LossValue=0.08312672000893458
IterStartTime=11.60857142857142 IterEndTime=11.62857142857142 LossValue=0.06593815309070779
IterStartTime=11.62857142857142 IterEndTime=11.648571428571419 LossValue=0.05024597500007362
IterStartTime=11.648571428571419 IterEndTime=11.668571428571418 LossValue=0.03591991428776019
IterStartTime=11.668571428571418 IterEndTime=11.688571428571418 LossValue=0.022841040574532026
IterStartTime=11.688571428571418 IterEndTime=11.708571428571418 LossValue=0.01090077722917672
JobId=6 ArrivalTime=10.0 StartTime=10.0 EndTime=11.262656641604005 NumIters=19
IterStartTime=10.0 IterEndTime=10.066666666666666 LossValue=0.612218179834301
IterStartTime=10.066666666666666 IterEndTime=10.133333333333333 LossValue=0.37481039199745225
IterStartTime=10.133333333333333 IterEndTime=10.2 LossValue=0.2294645949678171
IterStartTime=10.2 IterEndTime=10.266666666666666 LossValue=0.1404809904000609
IterStartTime=10.266666666666666 IterEndTime=10.333333333333332 LossValue=0.08600344757674591
IterStartTime=10.333333333333332 IterEndTime=10.399999999999999 LossValue=0.05265120604323623
IterStartTime=10.399999999999999 IterEndTime=10.466666666666665 LossValue=0.032232296568605864
IterStartTime=10.466666666666665 IterEndTime=10.533333333333331 LossValue=0.01973143171026494
IterStartTime=10.533333333333331 IterEndTime=10.599999999999998 LossValue=0.012078152165602483
IterStartTime=10.599999999999998 IterEndTime=10.666666666666664 LossValue=0.00739266132536934
IterStartTime=10.666666666666664 IterEndTime=10.738095238095235 LossValue=0.004524110100264841
IterStartTime=10.738095238095235 IterEndTime=10.809523809523807 LossValue=0.0027679256552133867
IterStartTime=10.819047619047616 IterEndTime=10.890476190476187 LossValue=0.0016927544056818975
IterStartTime=10.890476190476187 IterEndTime=10.961904761904758 LossValue=0.0010345130580396039
IterStartTime=10.961904761904758 IterEndTime=11.03333333333333 LossValue=6.315245369693583E-4
IterStartTime=11.03333333333333 IterEndTime=11.1047619047619 LossValue=3.848069026304161E-4
IterStartTime=11.1047619047619 IterEndTime=11.157393483709269 LossValue=2.337614313297739E-4
IterStartTime=11.157393483709269 IterEndTime=11.210025062656637 LossValue=1.4128837215196898E-4
IterStartTime=11.210025062656637 IterEndTime=11.262656641604005 LossValue=8.467451541023775E-5
JobId=7 ArrivalTime=10.0 StartTime=10.0 EndTime=11.072727272727272 NumIters=9
IterStartTime=10.0 IterEndTime=10.125 LossValue=0.35292663217168485
IterStartTime=10.125 IterEndTime=10.25 LossValue=0.12455720769398702
IterStartTime=10.25 IterEndTime=10.375 LossValue=0.043959555821359915
IterStartTime=10.375 IterEndTime=10.5 LossValue=0.015514497984751066
IterStartTime=10.533333333333331 IterEndTime=10.644444444444442 LossValue=0.005475479520457322
IterStartTime=10.666666666666664 IterEndTime=10.766666666666664 LossValue=0.0019324425435128033
IterStartTime=10.799999999999997 IterEndTime=10.890909090909089 LossValue=6.820104355687433E-4
IterStartTime=10.890909090909089 IterEndTime=10.98181818181818 LossValue=2.4069964294872324E-4
IterStartTime=10.98181818181818 IterEndTime=11.072727272727272 LossValue=8.494931116691732E-5
JobId=8 ArrivalTime=10.0 StartTime=10.0 EndTime=11.409523809523805 NumIters=7
IterStartTime=10.0 IterEndTime=10.2 LossValue=0.25654649020482795
IterStartTime=10.2 IterEndTime=10.399999999999999 LossValue=0.06581610163641496
IterStartTime=10.399999999999999 IterEndTime=10.599999999999998 LossValue=0.016884889873785315
IterStartTime=10.599999999999998 IterEndTime=10.799999999999997 LossValue=0.004331759234613424
IterStartTime=10.809523809523807 IterEndTime=11.009523809523806 LossValue=0.0011112976280511708
IterStartTime=11.009523809523806 IterEndTime=11.209523809523805 LossValue=2.850995060482195E-4
IterStartTime=11.209523809523805 IterEndTime=11.409523809523805 LossValue=7.314127763454109E-5
JobId=9 ArrivalTime=10.0 StartTime=10.0 EndTime=11.41483253588517 NumIters=24
IterStartTime=10.0 IterEndTime=10.066666666666666 LossValue=0.7014355290301826
IterStartTime=10.066666666666666 IterEndTime=10.133333333333333 LossValue=0.49199919984812396
IterStartTime=10.133333333333333 IterEndTime=10.2 LossValue=0.34508427779201006
IterStartTime=10.2 IterEndTime=10.266666666666666 LossValue=0.24202673086570048
IterStartTime=10.266666666666666 IterEndTime=10.333333333333332 LossValue=0.16973415615765358
IterStartTime=10.333333333333332 IterEndTime=10.399999999999999 LossValue=0.11902252451309771
IterStartTime=10.399999999999999 IterEndTime=10.466666666666665 LossValue=0.08344944395207479
IterStartTime=10.466666666666665 IterEndTime=10.533333333333331 LossValue=0.058495719933280024
IterStartTime=10.533333333333331 IterEndTime=10.604761904761903 LossValue=0.040991238100788724
IterStartTime=10.604761904761903 IterEndTime=10.676190476190474 LossValue=0.028712233812962312
IterStartTime=10.676190476190474 IterEndTime=10.747619047619045 LossValue=0.020098785683318323
IterStartTime=10.747619047619045 IterEndTime=10.819047619047616 LossValue=0.01405664358914037
IterStartTime=10.819047619047616 IterEndTime=10.895970695970693 LossValue=0.009818215431595284
IterStartTime=10.895970695970693 IterEndTime=10.97289377289377 LossValue=0.006845052442929238
IterStartTime=10.97289377289377 IterEndTime=11.049816849816846 LossValue=0.004759444800521163
IterStartTime=11.072727272727272 IterEndTime=11.12535885167464 LossValue=0.0032964374730881808
IterStartTime=11.12535885167464 IterEndTime=11.177990430622009 LossValue=0.0022701704051121215
IterStartTime=11.177990430622009 IterEndTime=11.230622009569377 LossValue=0.0015502669056127833
IterStartTime=11.230622009569377 IterEndTime=11.283253588516745 LossValue=0.0010452706285584337
IterStartTime=11.283253588516745 IterEndTime=11.30956937799043 LossValue=6.910269833808367E-4
IterStartTime=11.30956937799043 IterEndTime=11.335885167464115 LossValue=4.425329531264206E-4
IterStartTime=11.335885167464115 IterEndTime=11.3622009569378 LossValue=2.6821992334398036E-4
IterStartTime=11.3622009569378 IterEndTime=11.388516746411485 LossValue=1.4594321383580924E-4
IterStartTime=11.388516746411485 IterEndTime=11.41483253588517 LossValue=6.016882446969755E-5