THE SEED IS: 7

OVERALL JOB STATS -
JobId=0 ArrivalTime=0.0 StartTime=0.0 EndTime=5.680952380952383 NumIters=25
IterStartTime=0.0 IterEndTime=0.2 LossValue=0.4014853490916687
IterStartTime=0.2 IterEndTime=0.4 LossValue=0.18243123336183406
IterStartTime=0.4 IterEndTime=0.6000000000000001 LossValue=0.09971193537336367
IterStartTime=0.6000000000000001 IterEndTime=0.8 LossValue=0.06164865410682163
IterStartTime=0.8 IterEndTime=1.0 LossValue=0.0413536314434537
IterStartTime=1.0 IterEndTime=1.3333333333333333 LossValue=0.029345015193465086
IterStartTime=1.3333333333333333 IterEndTime=1.5333333333333332 LossValue=0.021679861819575118
IterStartTime=1.5999999999999999 IterEndTime=1.7999999999999998 LossValue=0.01649915542503231
IterStartTime=1.8428571428571427 IterEndTime=2.0428571428571427 LossValue=0.012838221342534463
IterStartTime=2.142857142857143 IterEndTime=2.342857142857143 LossValue=0.010157566813632144
IterStartTime=2.3857142857142857 IterEndTime=2.585714285714286 LossValue=0.008136883642266666
IterStartTime=2.585714285714286 IterEndTime=2.785714285714286 LossValue=0.006576487326790458
IterStartTime=2.928571428571429 IterEndTime=3.128571428571429 LossValue=0.005346743023139708
IterStartTime=3.128571428571429 IterEndTime=3.328571428571429 LossValue=0.004360566360157716
IterStartTime=3.371428571428572 IterEndTime=3.571428571428572 LossValue=0.003557724027540542
IterStartTime=3.571428571428572 IterEndTime=3.7714285714285722 LossValue=0.0028954906234648463
IterStartTime=3.7714285714285722 IterEndTime=3.9714285714285724 LossValue=0.0023428854397156825
IterStartTime=3.9809523809523815 IterEndTime=4.180952380952381 LossValue=0.001877004790471785
IterStartTime=4.180952380952381 IterEndTime=4.380952380952381 LossValue=0.0014806230319912247
IterStartTime=4.3999999999999995 IterEndTime=4.6 LossValue=0.001140584839014048
IterStartTime=4.6 IterEndTime=4.8 LossValue=8.467041651243254E-4
IterStartTime=4.8 IterEndTime=5.0 LossValue=5.909954036671839E-4
IterStartTime=4.999999999999998 IterEndTime=5.199999999999998 LossValue=3.6712702087609997E-4
IterStartTime=5.280952380952383 IterEndTime=5.480952380952383 LossValue=1.70027061976778E-4
IterStartTime=5.480952380952383 IterEndTime=5.680952380952383 LossValue=-4.40584261027872E-6
JobId=1 ArrivalTime=0.0 StartTime=0.0 EndTime=5.280952380952383 NumIters=25
IterStartTime=0.0 IterEndTime=0.2 LossValue=0.49975576963296015
IterStartTime=0.2 IterEndTime=0.4 LossValue=0.30486484614609677
IterStartTime=0.4 IterEndTime=0.6000000000000001 LossValue=0.20582301966270797
IterStartTime=0.6000000000000001 IterEndTime=0.8 LossValue=0.14785752364481033
IterStartTime=0.8 IterEndTime=1.0 LossValue=0.11075820203209907
IterStartTime=1.0 IterEndTime=1.2 LossValue=0.08548410313726237
IterStartTime=1.2 IterEndTime=1.4 LossValue=0.06744896845425434
IterStartTime=1.4 IterEndTime=1.5999999999999999 LossValue=0.05410844193210426
IterStartTime=1.5999999999999999 IterEndTime=1.7999999999999998 LossValue=0.04395251156895727
IterStartTime=1.7999999999999998 IterEndTime=1.9999999999999998 LossValue=0.03603638706783703
IterStartTime=1.9999999999999998 IterEndTime=2.1999999999999997 LossValue=0.02974315831695613
IterStartTime=2.1999999999999997 IterEndTime=2.4 LossValue=0.024655554610218424
IterStartTime=2.4 IterEndTime=2.6 LossValue=0.020482841912293815
IterStartTime=2.6 IterEndTime=2.8000000000000003 LossValue=0.017017252995247808
IterStartTime=2.8000000000000003 IterEndTime=3.0000000000000004 LossValue=0.01410702169931946
IterStartTime=2.9999999999999996 IterEndTime=3.1999999999999997 LossValue=0.011639144596219387
IterStartTime=3.199999999999999 IterEndTime=3.399999999999999 LossValue=0.00952804679135695
IterStartTime=3.399999999999999 IterEndTime=3.599999999999999 LossValue=0.007707943497728083
IterStartTime=3.599999999999999 IterEndTime=3.7999999999999994 LossValue=0.006127578591361541
IterStartTime=3.7999999999999994 IterEndTime=3.9999999999999996 LossValue=0.004746529144140279
IterStartTime=3.999999999999999 IterEndTime=4.199999999999999 LossValue=0.0035325640298949842
IterStartTime=4.199999999999999 IterEndTime=4.3999999999999995 LossValue=0.002459725869013347
IterStartTime=4.5809523809523816 IterEndTime=4.780952380952382 LossValue=0.0015069180948446385
IterStartTime=4.8 IterEndTime=5.0 LossValue=6.568504008794829E-4
IterStartTime=5.080952380952382 IterEndTime=5.280952380952383 LossValue=-1.0475782999133827E-4
JobId=2 ArrivalTime=0.0 StartTime=0.0 EndTime=5.726587301587303 NumIters=25
IterStartTime=0.0 IterEndTime=0.2 LossValue=0.48296576836970523
IterStartTime=0.2 IterEndTime=0.4 LossValue=0.22996960280494896
IterStartTime=0.4 IterEndTime=0.6000000000000001 LossValue=0.12695181801158323
IterStartTime=0.6000000000000001 IterEndTime=0.8 LossValue=0.07858450319478986
IterStartTime=0.8 IterEndTime=1.0 LossValue=0.05265796295148803
IterStartTime=1.0 IterEndTime=1.2 LossValue=0.03730712249653612
IterStartTime=1.2 IterEndTime=1.4 LossValue=0.02751781890451779
IterStartTime=1.4 IterEndTime=1.5999999999999999 LossValue=0.020911130343876403
IterStartTime=1.6428571428571428 IterEndTime=1.8428571428571427 LossValue=0.016249914416732035
IterStartTime=1.9428571428571426 IterEndTime=2.142857142857143 LossValue=0.012842082006422168
IterStartTime=2.1857142857142855 IterEndTime=2.3857142857142857 LossValue=0.010276953491528872
IterStartTime=2.3857142857142857 IterEndTime=2.719047619047619 LossValue=0.008298752374058931
IterStartTime=2.7714285714285714 IterEndTime=2.9714285714285715 LossValue=0.006741618406892087
IterStartTime=2.9714285714285715 IterEndTime=3.1714285714285717 LossValue=0.005494265693462239
IterStartTime=3.1714285714285717 IterEndTime=3.371428571428572 LossValue=0.0044798133742113035
IterStartTime=3.471428571428572 IterEndTime=3.671428571428572 LossValue=0.003643790428973706
IterStartTime=3.6999999999999984 IterEndTime=3.8999999999999986 LossValue=0.0029467427996022586
IterStartTime=3.8999999999999986 IterEndTime=4.099999999999999 LossValue=0.0023595329560462844
IterStartTime=4.166666666666666 IterEndTime=4.366666666666666 LossValue=0.001860268337431081
IterStartTime=4.380952380952381 IterEndTime=4.5809523809523816 LossValue=0.001432244859873188
IterStartTime=4.590476190476193 IterEndTime=4.790476190476193 LossValue=0.0010625398681706035
IterStartTime=4.790476190476193 IterEndTime=4.990476190476193 LossValue=7.41030515623897E-4
IterStartTime=4.990476190476193 IterEndTime=5.190476190476193 LossValue=4.5969680280050305E-4
IterStartTime=5.326587301587303 IterEndTime=5.526587301587303 LossValue=2.121187761949142E-4
IterStartTime=5.526587301587303 IterEndTime=5.726587301587303 LossValue=-6.891509803418853E-6
JobId=3 ArrivalTime=0.0 StartTime=0.0 EndTime=8.333333333333329 NumIters=25
IterStartTime=0.0 IterEndTime=0.3333333333333333 LossValue=0.4551478196329448
IterStartTime=0.3333333333333333 IterEndTime=0.6666666666666666 LossValue=0.24660379686477107
IterStartTime=0.6666666666666666 IterEndTime=1.0 LossValue=0.15134268638089934
IterStartTime=1.0 IterEndTime=1.3333333333333333 LossValue=0.10099142979532816
IterStartTime=1.3333333333333333 IterEndTime=1.6666666666666665 LossValue=0.07142011412478917
IterStartTime=1.6666666666666665 IterEndTime=1.9999999999999998 LossValue=0.05265906929763934
IterStartTime=1.9999999999999998 IterEndTime=2.333333333333333 LossValue=0.04004145472474733
IterStartTime=2.333333333333333 IterEndTime=2.6666666666666665 LossValue=0.03116139702366072
IterStartTime=2.666666666666666 IterEndTime=2.9999999999999996 LossValue=0.024681074954104442
IterStartTime=2.9999999999999996 IterEndTime=3.333333333333333 LossValue=0.019810091481437878
IterStartTime=3.3333333333333326 IterEndTime=3.666666666666666 LossValue=0.01605778610456319
IterStartTime=3.6666666666666656 IterEndTime=3.999999999999999 LossValue=0.01310679033641244
IterStartTime=3.999999999999999 IterEndTime=4.333333333333332 LossValue=0.01074458826439777
IterStartTime=4.333333333333332 IterEndTime=4.666666666666665 LossValue=0.008824602628853834
IterStartTime=4.666666666666665 IterEndTime=4.999999999999998 LossValue=0.007243119694826157
IterStartTime=4.999999999999998 IterEndTime=5.333333333333331 LossValue=0.005925101525787748
IterStartTime=5.333333333333331 IterEndTime=5.666666666666664 LossValue=0.004815183116583378
IterStartTime=5.666666666666664 IterEndTime=5.999999999999997 LossValue=0.0038717990571054068
IterStartTime=5.999999999999997 IterEndTime=6.33333333333333 LossValue=0.003063256669165124
IterStartTime=6.33333333333333 IterEndTime=6.666666666666663 LossValue=0.0023650524685160665
IterStartTime=6.666666666666663 IterEndTime=6.9999999999999964 LossValue=0.0017580019440774104
IterStartTime=6.9999999999999964 IterEndTime=7.3333333333333295 LossValue=0.001226912876992575
IterStartTime=7.3333333333333295 IterEndTime=7.6666666666666625 LossValue=7.596290044489095E-4
IterStartTime=7.6666666666666625 IterEndTime=7.999999999999996 LossValue=3.463304948793794E-4
IterStartTime=7.999999999999996 IterEndTime=8.333333333333329 LossValue=-2.0984615172833614E-5
JobId=4 ArrivalTime=0.0 StartTime=0.0 EndTime=5.133333333333333 NumIters=25
IterStartTime=0.0 IterEndTime=0.2 LossValue=0.4242339156126167
IterStartTime=0.2 IterEndTime=0.4 LossValue=0.20222186832360908
IterStartTime=0.4 IterEndTime=0.6000000000000001 LossValue=0.11347812617401613
IterStartTime=0.6000000000000001 IterEndTime=0.8 LossValue=0.07125905351911038
IterStartTime=0.8 IterEndTime=1.0 LossValue=0.04828076066357349
IterStartTime=1.0 IterEndTime=1.2 LossValue=0.034497206274474425
IterStartTime=1.2 IterEndTime=1.4 LossValue=0.02561354546070569
IterStartTime=1.4 IterEndTime=1.5999999999999999 LossValue=0.019566025938035744
IterStartTime=1.5999999999999999 IterEndTime=1.7999999999999998 LossValue=0.015268897541142875
IterStartTime=1.7999999999999998 IterEndTime=1.9999999999999998 LossValue=0.012108610912126361
IterStartTime=1.9999999999999998 IterEndTime=2.1999999999999997 LossValue=0.009717919114167754
IterStartTime=2.1999999999999997 IterEndTime=2.4 LossValue=0.007866379985840508
IterStartTime=2.4 IterEndTime=2.6 LossValue=0.006403590907851163
IterStartTime=2.6 IterEndTime=2.8000000000000003 LossValue=0.0052280661807207925
IterStartTime=2.8000000000000003 IterEndTime=3.0000000000000004 LossValue=0.00426934698908457
IterStartTime=2.9999999999999996 IterEndTime=3.1999999999999997 LossValue=0.003477293257438611
IterStartTime=3.199999999999999 IterEndTime=3.399999999999999 LossValue=0.002815446116520929
IterStartTime=3.399999999999999 IterEndTime=3.599999999999999 LossValue=0.002256786018769492
IterStartTime=3.599999999999999 IterEndTime=3.7999999999999994 LossValue=0.0017809480006696983
IterStartTime=3.7999999999999994 IterEndTime=3.9999999999999996 LossValue=0.0013723494315639596
IterStartTime=3.999999999999999 IterEndTime=4.199999999999999 LossValue=0.0010189041640072212
IterStartTime=4.199999999999999 IterEndTime=4.3999999999999995 LossValue=7.111223674911749E-4
IterStartTime=4.3999999999999995 IterEndTime=4.6 LossValue=4.414693808374561E-4
IterStartTime=4.6 IterEndTime=4.8 LossValue=2.0390183462245214E-4
IterStartTime=4.8 IterEndTime=5.133333333333333 LossValue=-6.472802223448683E-6
JobId=5 ArrivalTime=1.0 StartTime=1.0 EndTime=5.771428571428571 NumIters=25
IterStartTime=1.0 IterEndTime=1.2 LossValue=0.902990995518595
IterStartTime=1.2 IterEndTime=1.4 LossValue=0.8144273251463369
IterStartTime=1.4 IterEndTime=1.5999999999999999 LossValue=0.7335737615855497
IterStartTime=1.5999999999999999 IterEndTime=1.7999999999999998 LossValue=0.6597590843821305
IterStartTime=1.7999999999999998 IterEndTime=1.9999999999999998 LossValue=0.5923705076677768
IterStartTime=1.9999999999999998 IterEndTime=2.1999999999999997 LossValue=0.5308485930074769
IterStartTime=2.1999999999999997 IterEndTime=2.4 LossValue=0.47468260512034843
IterStartTime=2.4 IterEndTime=2.6 LossValue=0.42340627191850266
IterStartTime=2.6 IterEndTime=2.8000000000000003 LossValue=0.37659391366513234
IterStartTime=2.8000000000000003 IterEndTime=3.0000000000000004 LossValue=0.33385690911733046
IterStartTime=2.9999999999999996 IterEndTime=3.1999999999999997 LossValue=0.29484046931668567
IterStartTime=3.199999999999999 IterEndTime=3.399999999999999 LossValue=0.25922069224469546
IterStartTime=3.399999999999999 IterEndTime=3.599999999999999 LossValue=0.22670187389168633
IterStartTime=3.599999999999999 IterEndTime=3.7999999999999994 LossValue=0.19701405341659556
IterStartTime=3.7999999999999994 IterEndTime=3.9999999999999996 LossValue=0.16991077201831362
IterStartTime=3.999999999999999 IterEndTime=4.199999999999999 LossValue=0.1451670269134548
IterStartTime=4.199999999999999 IterEndTime=4.3999999999999995 LossValue=0.12257740343513181
IterStartTime=4.3999999999999995 IterEndTime=4.6 LossValue=0.10195436974601584
IterStartTime=4.6 IterEndTime=4.8 LossValue=0.08312672000893458
IterStartTime=4.8 IterEndTime=5.0 LossValue=0.06593815309070779
IterStartTime=4.999999999999998 IterEndTime=5.199999999999998 LossValue=0.05024597500007362
IterStartTime=5.199999999999998 IterEndTime=5.342857142857142 LossValue=0.03591991428776019
IterStartTime=5.342857142857142 IterEndTime=5.485714285714285 LossValue=0.022841040574532026
IterStartTime=5.485714285714285 IterEndTime=5.628571428571428 LossValue=0.01090077722917672
IterStartTime=5.628571428571428 IterEndTime=5.771428571428571 LossValue=0.0
JobId=6 ArrivalTime=1.0 StartTime=1.0 EndTime=5.326587301587303 NumIters=25
IterStartTime=1.0 IterEndTime=1.1666666666666667 LossValue=0.612218179834301
IterStartTime=1.1666666666666667 IterEndTime=1.3333333333333335 LossValue=0.37481039199745225
IterStartTime=1.3333333333333333 IterEndTime=1.5 LossValue=0.2294645949678171
IterStartTime=1.5 IterEndTime=1.6666666666666667 LossValue=0.1404809904000609
IterStartTime=1.6666666666666665 IterEndTime=1.8333333333333333 LossValue=0.08600344757674591
IterStartTime=1.8333333333333333 IterEndTime=2.0 LossValue=0.05265120604323623
IterStartTime=1.9999999999999998 IterEndTime=2.1666666666666665 LossValue=0.032232296568605864
IterStartTime=2.1666666666666665 IterEndTime=2.333333333333333 LossValue=0.01973143171026494
IterStartTime=2.333333333333333 IterEndTime=2.4999999999999996 LossValue=0.012078152165602483
IterStartTime=2.4999999999999996 IterEndTime=2.666666666666666 LossValue=0.00739266132536934
IterStartTime=2.666666666666666 IterEndTime=2.8333333333333326 LossValue=0.004524110100264841
IterStartTime=2.8333333333333326 IterEndTime=2.999999999999999 LossValue=0.0027679256552133867
IterStartTime=2.9999999999999996 IterEndTime=3.166666666666666 LossValue=0.0016927544056818975
IterStartTime=3.166666666666666 IterEndTime=3.3333333333333326 LossValue=0.0010345130580396039
IterStartTime=3.3333333333333326 IterEndTime=3.499999999999999 LossValue=6.315245369693583E-4
IterStartTime=3.499999999999999 IterEndTime=3.6666666666666656 LossValue=3.848069026304161E-4
IterStartTime=3.6666666666666656 IterEndTime=3.833333333333332 LossValue=2.337614313297739E-4
IterStartTime=3.833333333333332 IterEndTime=3.9999999999999987 LossValue=1.4128837215196898E-4
IterStartTime=3.999999999999999 IterEndTime=4.166666666666666 LossValue=8.467451541023775E-5
IterStartTime=4.257142857142859 IterEndTime=4.423809523809526 LossValue=5.001437975915557E-5
IterStartTime=4.423809523809526 IterEndTime=4.590476190476193 LossValue=2.879475134147359E-5
IterStartTime=4.780952380952382 IterEndTime=4.947619047619049 LossValue=1.5803670327904666E-5
IterStartTime=4.947619047619049 IterEndTime=5.090476190476192 LossValue=7.850270646292945E-6
IterStartTime=5.090476190476192 IterEndTime=5.215476190476192 LossValue=2.981040254350102E-6
IterStartTime=5.215476190476192 IterEndTime=5.326587301587303 LossValue=-4.235164736271502E-21
JobId=7 ArrivalTime=1.0 StartTime=1.0 EndTime=5.508405483405484 NumIters=25
IterStartTime=1.0 IterEndTime=1.1428571428571428 LossValue=0.35292663217168485
IterStartTime=1.1428571428571428 IterEndTime=1.2857142857142856 LossValue=0.12455720769398702
IterStartTime=1.2857142857142856 IterEndTime=1.4857142857142855 LossValue=0.043959555821359915
IterStartTime=1.5 IterEndTime=1.6428571428571428 LossValue=0.015514497984751066
IterStartTime=1.7999999999999998 IterEndTime=1.9428571428571426 LossValue=0.005475479520457322
IterStartTime=2.0428571428571427 IterEndTime=2.1857142857142855 LossValue=0.0019324425435128033
IterStartTime=2.342857142857143 IterEndTime=2.4857142857142858 LossValue=6.820104355687433E-4
IterStartTime=2.4857142857142858 IterEndTime=2.6285714285714286 LossValue=2.4069964294872324E-4
IterStartTime=2.6285714285714286 IterEndTime=2.7714285714285714 LossValue=8.494931116691732E-5
IterStartTime=2.785714285714286 IterEndTime=2.928571428571429 LossValue=2.9980871111046006E-5
IterStartTime=2.928571428571429 IterEndTime=3.128571428571429 LossValue=1.0581044686221146E-5
IterStartTime=3.128571428571429 IterEndTime=3.328571428571429 LossValue=3.7343292813306687E-6
IterStartTime=3.328571428571429 IterEndTime=3.471428571428572 LossValue=1.3179410720228742E-6
IterStartTime=3.471428571428572 IterEndTime=3.671428571428572 LossValue=4.651333192848105E-7
IterStartTime=3.671428571428572 IterEndTime=3.814285714285715 LossValue=1.6415475121834686E-7
IterStartTime=3.9714285714285724 IterEndTime=4.114285714285716 LossValue=5.7931398833835114E-8
IterStartTime=4.114285714285716 IterEndTime=4.257142857142859 LossValue=2.044234881844499E-8
IterStartTime=4.366666666666666 IterEndTime=4.5095238095238095 LossValue=7.211464653078111E-9
IterStartTime=4.5095238095238095 IterEndTime=4.652380952380953 LossValue=2.5419332638993697E-9
IterStartTime=4.652380952380953 IterEndTime=4.795238095238096 LossValue=8.939312768816767E-10
IterStartTime=4.795238095238096 IterEndTime=4.938095238095239 LossValue=3.1230748578602904E-10
IterStartTime=4.999999999999998 IterEndTime=5.1428571428571415 LossValue=1.0703696000186233E-10
IterStartTime=5.190476190476193 IterEndTime=5.315476190476193 LossValue=3.459152465209164E-11
IterStartTime=5.326587301587303 IterEndTime=5.4174963924963935 LossValue=9.023601137654835E-12
IterStartTime=5.4174963924963935 IterEndTime=5.508405483405484 LossValue=-2.4233807008389483E-27
JobId=8 ArrivalTime=1.0 StartTime=1.0 EndTime=5.999999999999999 NumIters=25
IterStartTime=1.0 IterEndTime=1.2 LossValue=0.25654649020482795
IterStartTime=1.2 IterEndTime=1.4 LossValue=0.06581610163641496
IterStartTime=1.4 IterEndTime=1.5999999999999999 LossValue=0.016884889873785315
IterStartTime=1.5999999999999999 IterEndTime=1.7999999999999998 LossValue=0.004331759234613424
IterStartTime=1.7999999999999998 IterEndTime=1.9999999999999998 LossValue=0.0011112976280511708
IterStartTime=1.9999999999999998 IterEndTime=2.1999999999999997 LossValue=2.850995060482195E-4
IterStartTime=2.1999999999999997 IterEndTime=2.4 LossValue=7.314127763454109E-5
IterStartTime=2.4 IterEndTime=2.6 LossValue=1.876413806497839E-5
IterStartTime=2.6 IterEndTime=2.8000000000000003 LossValue=4.8138737610289454E-6
IterStartTime=2.8000000000000003 IterEndTime=3.0000000000000004 LossValue=1.2349824164209946E-6
IterStartTime=2.9999999999999996 IterEndTime=3.1999999999999997 LossValue=3.1683040313738286E-7
IterStartTime=3.199999999999999 IterEndTime=3.399999999999999 LossValue=8.128172665497454E-8
IterStartTime=3.399999999999999 IterEndTime=3.599999999999999 LossValue=2.085254043101988E-8
IterStartTime=3.599999999999999 IterEndTime=3.7999999999999994 LossValue=5.3496447993302956E-9
IterStartTime=3.7999999999999994 IterEndTime=3.9999999999999996 LossValue=1.372431337008554E-9
IterStartTime=3.999999999999999 IterEndTime=4.199999999999999 LossValue=3.520911824545143E-10
IterStartTime=4.199999999999999 IterEndTime=4.3999999999999995 LossValue=9.032649698862221E-11
IterStartTime=4.3999999999999995 IterEndTime=4.6 LossValue=2.317168567277673E-11
IterStartTime=4.6 IterEndTime=4.8 LossValue=5.943354529329025E-12
IterStartTime=4.8 IterEndTime=5.0 LossValue=1.5234866423909644E-12
IterStartTime=4.999999999999998 IterEndTime=5.199999999999998 LossValue=3.895850488279697E-13
IterStartTime=5.199999999999998 IterEndTime=5.399999999999999 LossValue=9.868657476172074E-14
IterStartTime=5.399999999999999 IterEndTime=5.599999999999999 LossValue=2.4057592234084012E-14
IterStartTime=5.599999999999999 IterEndTime=5.799999999999999 LossValue=4.91178869906129E-15
IterStartTime=5.799999999999999 IterEndTime=5.999999999999999 LossValue=-2.7610131682735413E-30
JobId=9 ArrivalTime=1.0 StartTime=1.0 EndTime=5.333766233766232 NumIters=25
IterStartTime=1.0 IterEndTime=1.1666666666666667 LossValue=0.7014355290301826
IterStartTime=1.1666666666666667 IterEndTime=1.3333333333333335 LossValue=0.49199919984812396
IterStartTime=1.3333333333333333 IterEndTime=1.5 LossValue=0.34508427779201006
IterStartTime=1.5333333333333332 IterEndTime=1.7 LossValue=0.24202673086570048
IterStartTime=1.7 IterEndTime=1.8666666666666667 LossValue=0.16973415615765358
IterStartTime=1.8666666666666667 IterEndTime=2.033333333333333 LossValue=0.11902252451309771
IterStartTime=2.033333333333333 IterEndTime=2.1999999999999997 LossValue=0.08344944395207479
IterStartTime=2.1999999999999997 IterEndTime=2.3666666666666663 LossValue=0.058495719933280024
IterStartTime=2.3666666666666663 IterEndTime=2.5333333333333328 LossValue=0.040991238100788724
IterStartTime=2.5333333333333328 IterEndTime=2.6999999999999993 LossValue=0.028712233812962312
IterStartTime=2.6999999999999993 IterEndTime=2.866666666666666 LossValue=0.020098785683318323
IterStartTime=2.866666666666666 IterEndTime=3.0333333333333323 LossValue=0.01405664358914037
IterStartTime=3.0333333333333323 IterEndTime=3.199999999999999 LossValue=0.009818215431595284
IterStartTime=3.199999999999999 IterEndTime=3.3666666666666654 LossValue=0.006845052442929238
IterStartTime=3.3666666666666654 IterEndTime=3.533333333333332 LossValue=0.004759444800521163
IterStartTime=3.533333333333332 IterEndTime=3.6999999999999984 LossValue=0.0032964374730881808
IterStartTime=3.814285714285715 IterEndTime=3.9809523809523815 LossValue=0.0022701704051121215
IterStartTime=4.099999999999999 IterEndTime=4.266666666666666 LossValue=0.0015502669056127833
IterStartTime=4.266666666666666 IterEndTime=4.433333333333333 LossValue=0.0010452706285584337
IterStartTime=4.433333333333333 IterEndTime=4.6 LossValue=6.910269833808367E-4
IterStartTime=4.6 IterEndTime=4.766666666666667 LossValue=4.425329531264206E-4
IterStartTime=4.766666666666667 IterEndTime=4.933333333333334 LossValue=2.6821992334398036E-4
IterStartTime=4.938095238095239 IterEndTime=5.080952380952382 LossValue=1.4594321383580924E-4
IterStartTime=5.1428571428571415 IterEndTime=5.242857142857141 LossValue=6.016882446969755E-5
IterStartTime=5.242857142857141 IterEndTime=5.333766233766232 LossValue=2.710505431213761E-20
