THE SEED IS: 7

OVERALL JOB STATS -
JobId=0 ArrivalTime=40.0 StartTime=40.0 EndTime=40.12500000000003 NumIters=10
IterStartTime=40.0 IterEndTime=40.0125 LossValue=0.392837895627038
IterStartTime=40.0125 IterEndTime=40.025000000000006 LossValue=0.17246847777929983
IterStartTime=40.025000000000006 IterEndTime=40.03750000000001 LossValue=0.08950794273571704
IterStartTime=40.03750000000001 IterEndTime=40.05000000000001 LossValue=0.05138053991887859
IterStartTime=40.05000000000001 IterEndTime=40.062500000000014 LossValue=0.03106338908881701
IterStartTime=40.062500000000014 IterEndTime=40.07500000000002 LossValue=0.019045627040073457
IterStartTime=40.07500000000002 IterEndTime=40.08750000000002 LossValue=0.011376169804105305
IterStartTime=40.08750000000002 IterEndTime=40.10000000000002 LossValue=0.006193231297990293
IterStartTime=40.10000000000002 IterEndTime=40.112500000000026 LossValue=0.0025310490102980806
IterStartTime=40.112500000000026 IterEndTime=40.12500000000003 LossValue=-1.5034667010496022E-4
JobId=1 ArrivalTime=55.0 StartTime=55.0 EndTime=55.22499999999999 NumIters=9
IterStartTime=55.0 IterEndTime=55.025 LossValue=0.34829257496245536
IterStartTime=55.025 IterEndTime=55.05 LossValue=0.12129655528436298
IterStartTime=55.05 IterEndTime=55.074999999999996 LossValue=0.04223163908100926
IterStartTime=55.074999999999996 IterEndTime=55.099999999999994 LossValue=0.014692561598027915
IterStartTime=55.099999999999994 IterEndTime=55.12499999999999 LossValue=0.005100433698175909
IterStartTime=55.12499999999999 IterEndTime=55.14999999999999 LossValue=0.0017594024779406204
IterStartTime=55.14999999999999 IterEndTime=55.17499999999999 LossValue=5.956888858023087E-4
IterStartTime=55.17499999999999 IterEndTime=55.19999999999999 LossValue=1.9035615011117607E-4
IterStartTime=55.19999999999999 IterEndTime=55.22499999999999 LossValue=4.917482531375069E-5
JobId=2 ArrivalTime=51.0 StartTime=51.0 EndTime=51.47407407407405 NumIters=10
IterStartTime=51.0 IterEndTime=51.05 LossValue=0.37499268559754856
IterStartTime=51.05 IterEndTime=51.099999999999994 LossValue=0.15646945738421694
IterStartTime=51.099999999999994 IterEndTime=51.14999999999999 LossValue=0.07903752152707602
IterStartTime=51.14999999999999 IterEndTime=51.19999999999999 LossValue=0.04467920527810906
IterStartTime=51.19999999999999 IterEndTime=51.249999999999986 LossValue=0.026758858286608938
IterStartTime=51.249999999999986 IterEndTime=51.29999999999998 LossValue=0.016308107148167546
IterStartTime=51.29999999999998 IterEndTime=51.34999999999998 LossValue=0.009705055098392167
IterStartTime=51.34999999999998 IterEndTime=51.39999999999998 LossValue=0.005275700272004162
IterStartTime=51.39999999999998 IterEndTime=51.437037037037015 LossValue=0.0021637468330605106
IterStartTime=51.437037037037015 IterEndTime=51.47407407407405 LossValue=-1.0454022894983844E-4
JobId=3 ArrivalTime=45.0 StartTime=45.0 EndTime=45.49999999999997 NumIters=10
IterStartTime=45.0 IterEndTime=45.05 LossValue=0.664131602690502
IterStartTime=45.05 IterEndTime=45.099999999999994 LossValue=0.3538577779928342
IterStartTime=45.099999999999994 IterEndTime=45.14999999999999 LossValue=0.19461544841031483
IterStartTime=45.14999999999999 IterEndTime=45.19999999999999 LossValue=0.11363317339171038
IterStartTime=45.19999999999999 IterEndTime=45.249999999999986 LossValue=0.06891389467786932
IterStartTime=45.249999999999986 IterEndTime=45.29999999999998 LossValue=0.04213244109260329
IterStartTime=45.29999999999998 IterEndTime=45.34999999999998 LossValue=0.02498633403531662
IterStartTime=45.34999999999998 IterEndTime=45.39999999999998 LossValue=0.013406836600507403
IterStartTime=45.39999999999998 IterEndTime=45.449999999999974 LossValue=0.005243774420642933
IterStartTime=45.449999999999974 IterEndTime=45.49999999999997 LossValue=-7.154748823027454E-4
JobId=4 ArrivalTime=33.0 StartTime=33.0 EndTime=33.12500000000003 NumIters=10
IterStartTime=33.0 IterEndTime=33.0125 LossValue=0.5087437312623323
IterStartTime=33.0125 IterEndTime=33.025000000000006 LossValue=0.20790767224765538
IterStartTime=33.025000000000006 IterEndTime=33.03750000000001 LossValue=0.10086754108260115
IterStartTime=33.03750000000001 IterEndTime=33.05000000000001 LossValue=0.05537244025006396
IterStartTime=33.05000000000001 IterEndTime=33.062500000000014 LossValue=0.03249359684908859
IterStartTime=33.062500000000014 IterEndTime=33.07500000000002 LossValue=0.01951571108654794
IterStartTime=33.07500000000002 IterEndTime=33.08750000000002 LossValue=0.011487350431357917
IterStartTime=33.08750000000002 IterEndTime=33.10000000000002 LossValue=0.0061898145136766395
IterStartTime=33.10000000000002 IterEndTime=33.112500000000026 LossValue=0.002516415804210548
IterStartTime=33.112500000000026 IterEndTime=33.12500000000003 LossValue=-1.3267312686838714E-4
JobId=5 ArrivalTime=48.0 StartTime=48.0 EndTime=48.249999999999986 NumIters=10
IterStartTime=48.0 IterEndTime=48.025 LossValue=0.38049376371575405
IterStartTime=48.025 IterEndTime=48.05 LossValue=0.15692224633155466
IterStartTime=48.05 IterEndTime=48.074999999999996 LossValue=0.07863134592166207
IterStartTime=48.074999999999996 IterEndTime=48.099999999999994 LossValue=0.044227846101202214
IterStartTime=48.099999999999994 IterEndTime=48.12499999999999 LossValue=0.026402568110044086
IterStartTime=48.12499999999999 IterEndTime=48.14999999999999 LossValue=0.016055542973340744
IterStartTime=48.14999999999999 IterEndTime=48.17499999999999 LossValue=0.009540281887247638
IterStartTime=48.17499999999999 IterEndTime=48.19999999999999 LossValue=0.005181135133954646
IterStartTime=48.19999999999999 IterEndTime=48.22499999999999 LossValue=0.0021247289789904384
IterStartTime=48.22499999999999 IterEndTime=48.249999999999986 LossValue=-9.943049975729389E-5
JobId=6 ArrivalTime=45.0 StartTime=45.0 EndTime=45.49999999999997 NumIters=10
IterStartTime=45.0 IterEndTime=45.05 LossValue=0.7638391636156174
IterStartTime=45.05 IterEndTime=45.099999999999994 LossValue=0.5785096256684592
IterStartTime=45.099999999999994 IterEndTime=45.14999999999999 LossValue=0.4330704488703091
IterStartTime=45.14999999999999 IterEndTime=45.19999999999999 LossValue=0.3189356251286418
IterStartTime=45.19999999999999 IterEndTime=45.249999999999986 LossValue=0.2293672001875351
IterStartTime=45.249999999999986 IterEndTime=45.29999999999998 LossValue=0.15907749820675493
IterStartTime=45.29999999999998 IterEndTime=45.34999999999998 LossValue=0.10391696358983517
IterStartTime=45.34999999999998 IterEndTime=45.39999999999998 LossValue=0.060629191789972045
IterStartTime=45.39999999999998 IterEndTime=45.449999999999974 LossValue=0.026658687326763783
IterStartTime=45.449999999999974 IterEndTime=45.49999999999997 LossValue=1.3877787807814457E-17
JobId=7 ArrivalTime=48.0 StartTime=48.0 EndTime=48.249999999999986 NumIters=10
IterStartTime=48.0 IterEndTime=48.025 LossValue=0.5868929869569521
IterStartTime=48.025 IterEndTime=48.05 LossValue=0.3435862601297285
IterStartTime=48.05 IterEndTime=48.074999999999996 LossValue=0.20028643357072382
IterStartTime=48.074999999999996 IterEndTime=48.099999999999994 LossValue=0.11588745060950482
IterStartTime=48.099999999999994 IterEndTime=48.12499999999999 LossValue=0.0661791676622459
IterStartTime=48.12499999999999 IterEndTime=48.14999999999999 LossValue=0.036902589830731865
IterStartTime=48.14999999999999 IterEndTime=48.17499999999999 LossValue=0.019659628322000806
IterStartTime=48.17499999999999 IterEndTime=48.19999999999999 LossValue=0.009504079292238912
IterStartTime=48.19999999999999 IterEndTime=48.22499999999999 LossValue=0.0035227879668668334
IterStartTime=48.22499999999999 IterEndTime=48.249999999999986 LossValue=1.734723475976807E-18
JobId=8 ArrivalTime=51.0 StartTime=51.0 EndTime=51.475498575498555 NumIters=10
IterStartTime=51.0 IterEndTime=51.05 LossValue=0.4726791781760131
IterStartTime=51.05 IterEndTime=51.099999999999994 LossValue=0.2232698196008947
IterStartTime=51.099999999999994 IterEndTime=51.14999999999999 LossValue=0.10530552619467821
IterStartTime=51.14999999999999 IterEndTime=51.19999999999999 LossValue=0.04951141085623245
IterStartTime=51.19999999999999 IterEndTime=51.249999999999986 LossValue=0.02312221106947952
IterStartTime=51.249999999999986 IterEndTime=51.29999999999998 LossValue=0.010640789665790679
IterStartTime=51.29999999999998 IterEndTime=51.34999999999998 LossValue=0.004737394279975889
IterStartTime=51.34999999999998 IterEndTime=51.39999999999998 LossValue=0.001945238166173053
IterStartTime=51.39999999999998 IterEndTime=51.437037037037015 LossValue=6.246192249820547E-4
IterStartTime=51.437037037037015 IterEndTime=51.475498575498555 LossValue=-1.0842021724855044E-19
JobId=9 ArrivalTime=42.0 StartTime=42.0 EndTime=42.08750000000002 NumIters=7
IterStartTime=42.0 IterEndTime=42.0125 LossValue=0.254420917303933
IterStartTime=42.0125 IterEndTime=42.025000000000006 LossValue=0.06472937143390764
IterStartTime=42.025000000000006 IterEndTime=42.03750000000001 LossValue=0.016467713603536018
IterStartTime=42.03750000000001 IterEndTime=42.05000000000001 LossValue=0.004188897455705124
IterStartTime=42.05000000000001 IterEndTime=42.062500000000014 LossValue=0.0010648993841479595
IterStartTime=42.062500000000014 IterEndTime=42.07500000000002 LossValue=2.7008628216850655E-4
IterStartTime=42.07500000000002 IterEndTime=42.08750000000002 LossValue=6.786853023394323E-5
JobId=10 ArrivalTime=45.0 StartTime=45.0 EndTime=45.49999999999997 NumIters=10
IterStartTime=45.0 IterEndTime=45.05 LossValue=0.44728105902480986
IterStartTime=45.05 IterEndTime=45.099999999999994 LossValue=0.22512146887266093
IterStartTime=45.099999999999994 IterEndTime=45.14999999999999 LossValue=0.12673585215040306
IterStartTime=45.14999999999999 IterEndTime=45.19999999999999 LossValue=0.07644356956486
IterStartTime=45.19999999999999 IterEndTime=45.249999999999986 LossValue=0.0477007412104236
IterStartTime=45.249999999999986 IterEndTime=45.29999999999998 LossValue=0.029852532858075615
IterStartTime=45.29999999999998 IterEndTime=45.34999999999998 LossValue=0.018051571444019653
IterStartTime=45.34999999999998 IterEndTime=45.39999999999998 LossValue=0.009859554050514623
IterStartTime=45.39999999999998 IterEndTime=45.449999999999974 LossValue=0.003948291001741249
IterStartTime=45.449999999999974 IterEndTime=45.49999999999997 LossValue=-4.5347056350092743E-4
JobId=11 ArrivalTime=54.0 StartTime=54.0 EndTime=54.08750000000002 NumIters=7
IterStartTime=54.0 IterEndTime=54.0125 LossValue=0.21994770828479096
IterStartTime=54.0125 IterEndTime=54.025000000000006 LossValue=0.04837683314970401
IterStartTime=54.025000000000006 IterEndTime=54.03750000000001 LossValue=0.01064017689311723
IterStartTime=54.03750000000001 IterEndTime=54.05000000000001 LossValue=0.0023400780313112567
IterStartTime=54.05000000000001 IterEndTime=54.062500000000014 LossValue=5.144885925615515E-4
IterStartTime=54.062500000000014 IterEndTime=54.07500000000002 LossValue=1.1295400190616972E-4
IterStartTime=54.07500000000002 IterEndTime=54.08750000000002 LossValue=2.463730590073763E-5
JobId=12 ArrivalTime=57.0 StartTime=57.0 EndTime=57.36403133903135 NumIters=10
IterStartTime=57.0 IterEndTime=57.03703703703704 LossValue=0.4389594299951021
IterStartTime=57.03703703703704 IterEndTime=57.074074074074076 LossValue=0.22744323833356506
IterStartTime=57.074074074074076 IterEndTime=57.112535612535616 LossValue=0.13140830184242722
IterStartTime=57.112535612535616 IterEndTime=57.149572649572654 LossValue=0.08079489735191231
IterStartTime=57.149572649572654 IterEndTime=57.188034188034194 LossValue=0.05111680005144589
IterStartTime=57.188034188034194 IterEndTime=57.22507122507123 LossValue=0.03230607452452708
IterStartTime=57.22507122507123 IterEndTime=57.26353276353277 LossValue=0.019662925846756826
IterStartTime=57.26353276353277 IterEndTime=57.30056980056981 LossValue=0.010768693299493145
IterStartTime=57.30056980056981 IterEndTime=57.33903133903135 LossValue=0.00428000500276212
IterStartTime=57.33903133903135 IterEndTime=57.36403133903135 LossValue=-5.96168706593396E-4
JobId=13 ArrivalTime=55.0 StartTime=55.0 EndTime=55.23749999999999 NumIters=10
IterStartTime=55.0 IterEndTime=55.025 LossValue=0.6073718845598581
IterStartTime=55.025 IterEndTime=55.05 LossValue=0.3801319800191469
IterStartTime=55.05 IterEndTime=55.074999999999996 LossValue=0.2456181549075085
IterStartTime=55.074999999999996 IterEndTime=55.099999999999994 LossValue=0.1617936711791464
IterStartTime=55.099999999999994 IterEndTime=55.12499999999999 LossValue=0.10680694998139038
IterStartTime=55.12499999999999 IterEndTime=55.14999999999999 LossValue=0.06908338524459391
IterStartTime=55.14999999999999 IterEndTime=55.17499999999999 LossValue=0.04220477006220236
IterStartTime=55.17499999999999 IterEndTime=55.19999999999999 LossValue=0.02243479110081298
IterStartTime=55.19999999999999 IterEndTime=55.22499999999999 LossValue=0.007498298634088102
IterStartTime=55.22499999999999 IterEndTime=55.23749999999999 LossValue=-0.004046519380091887
JobId=14 ArrivalTime=53.0 StartTime=53.0 EndTime=53.249999999999986 NumIters=10
IterStartTime=53.0 IterEndTime=53.025 LossValue=0.6034060682272965
IterStartTime=53.025 IterEndTime=53.05 LossValue=0.28628456787995116
IterStartTime=53.05 IterEndTime=53.074999999999996 LossValue=0.1480622522774276
IterStartTime=53.074999999999996 IterEndTime=53.099999999999994 LossValue=0.08374145057830389
IterStartTime=53.099999999999994 IterEndTime=53.12499999999999 LossValue=0.04990718458812614
IterStartTime=53.12499999999999 IterEndTime=53.14999999999999 LossValue=0.030221978958105807
IterStartTime=53.14999999999999 IterEndTime=53.17499999999999 LossValue=0.017851030350393843
IterStartTime=53.17499999999999 IterEndTime=53.19999999999999 LossValue=0.009601776476412863
IterStartTime=53.19999999999999 IterEndTime=53.22499999999999 LossValue=0.003839085911921225
IterStartTime=53.22499999999999 IterEndTime=53.249999999999986 LossValue=-3.3939316754261206E-4
JobId=15 ArrivalTime=49.0 StartTime=49.0 EndTime=49.31303418803419 NumIters=10
IterStartTime=49.0 IterEndTime=49.03703703703704 LossValue=0.5950161552218599
IterStartTime=49.03703703703704 IterEndTime=49.074074074074076 LossValue=0.35309530086154
IterStartTime=49.074074074074076 IterEndTime=49.112535612535616 LossValue=0.20858163561524135
IterStartTime=49.112535612535616 IterEndTime=49.149572649572654 LossValue=0.12225505786674311
IterStartTime=49.149572649572654 IterEndTime=49.188034188034194 LossValue=0.07068707629858911
IterStartTime=49.188034188034194 IterEndTime=49.21303418803419 LossValue=0.03988246441230668
IterStartTime=49.21303418803419 IterEndTime=49.23803418803419 LossValue=0.021481043906631823
IterStartTime=49.23803418803419 IterEndTime=49.26303418803419 LossValue=0.01048878476450453
IterStartTime=49.26303418803419 IterEndTime=49.28803418803419 LossValue=0.003922456854633756
IterStartTime=49.28803418803419 IterEndTime=49.31303418803419 LossValue=-2.6020852139652106E-18
JobId=16 ArrivalTime=46.0 StartTime=46.0 EndTime=46.37606837606839 NumIters=10
IterStartTime=46.0 IterEndTime=46.03703703703704 LossValue=0.7336259952950067
IterStartTime=46.03703703703704 IterEndTime=46.074074074074076 LossValue=0.5343016773725692
IterStartTime=46.074074074074076 IterEndTime=46.112535612535616 LossValue=0.38514979688315815
IterStartTime=46.112535612535616 IterEndTime=46.149572649572654 LossValue=0.2735413203791312
IterStartTime=46.149572649572654 IterEndTime=46.188034188034194 LossValue=0.19002610094859737
IterStartTime=46.188034188034194 IterEndTime=46.22507122507123 LossValue=0.1275327124981371
IterStartTime=46.22507122507123 IterEndTime=46.26353276353277 LossValue=0.08076969580908241
IterStartTime=46.26353276353277 IterEndTime=46.30056980056981 LossValue=0.045777518491088055
IterStartTime=46.30056980056981 IterEndTime=46.33903133903135 LossValue=0.01959331224973674
IterStartTime=46.33903133903135 IterEndTime=46.37606837606839 LossValue=-1.3877787807814457E-17
JobId=17 ArrivalTime=58.0 StartTime=58.0 EndTime=58.249999999999986 NumIters=10
IterStartTime=58.0 IterEndTime=58.025 LossValue=0.3917342499612171
IterStartTime=58.025 IterEndTime=58.05 LossValue=0.15342419602111237
IterStartTime=58.05 IterEndTime=58.074999999999996 LossValue=0.06005763411077207
IterStartTime=58.074999999999996 IterEndTime=58.099999999999994 LossValue=0.023477914796250995
IterStartTime=58.099999999999994 IterEndTime=58.12499999999999 LossValue=0.009146489950447017
IterStartTime=58.12499999999999 IterEndTime=58.14999999999999 LossValue=0.0035316371861341444
IterStartTime=58.14999999999999 IterEndTime=58.17499999999999 LossValue=0.0013318160305885113
IterStartTime=58.17499999999999 IterEndTime=58.19999999999999 LossValue=4.699567228710577E-4
IterStartTime=58.19999999999999 IterEndTime=58.22499999999999 LossValue=1.322922429988438E-4
IterStartTime=58.22499999999999 IterEndTime=58.249999999999986 LossValue=-1.3552527156068805E-20
JobId=18 ArrivalTime=57.0 StartTime=57.0 EndTime=57.35199430199431 NumIters=10
IterStartTime=57.0 IterEndTime=57.03703703703704 LossValue=0.4258700943704748
IterStartTime=57.03703703703704 IterEndTime=57.07549857549858 LossValue=0.1789268018214971
IterStartTime=57.07549857549858 IterEndTime=57.112535612535616 LossValue=0.08972501480175737
IterStartTime=57.112535612535616 IterEndTime=57.150997150997156 LossValue=0.050372939461756625
IterStartTime=57.150997150997156 IterEndTime=57.188034188034194 LossValue=0.030008812063084894
IterStartTime=57.188034188034194 IterEndTime=57.226495726495735 LossValue=0.018213939603400654
IterStartTime=57.226495726495735 IterEndTime=57.26353276353277 LossValue=0.010803239097880196
IterStartTime=57.26353276353277 IterEndTime=57.30199430199431 LossValue=0.005854703593044911
IterStartTime=57.30199430199431 IterEndTime=57.32699430199431 LossValue=0.0023909698999202943
IterStartTime=57.32699430199431 IterEndTime=57.35199430199431 LossValue=-1.2588420995798127E-4
JobId=19 ArrivalTime=62.0 StartTime=62.0 EndTime=62.12500000000003 NumIters=10
IterStartTime=62.0 IterEndTime=62.0125 LossValue=0.4484337414971713
IterStartTime=62.0125 IterEndTime=62.025000000000006 LossValue=0.20099237244877616
IterStartTime=62.025000000000006 IterEndTime=62.03750000000001 LossValue=0.089986250930866
IterStartTime=62.03750000000001 IterEndTime=62.05000000000001 LossValue=0.04018714473517159
IterStartTime=62.05000000000001 IterEndTime=62.062500000000014 LossValue=0.01784647609474958
IterStartTime=62.062500000000014 IterEndTime=62.07500000000002 LossValue=0.007824097915112955
IterStartTime=62.07500000000002 IterEndTime=62.08750000000002 LossValue=0.0033279001516354958
IterStartTime=62.08750000000002 IterEndTime=62.10000000000002 LossValue=0.0013108345444551596
IterStartTime=62.10000000000002 IterEndTime=62.112500000000026 LossValue=4.0594693103242023E-4
IterStartTime=62.112500000000026 IterEndTime=62.12500000000003 LossValue=1.0842021724855044E-19
JobId=20 ArrivalTime=46.0 StartTime=46.0 EndTime=46.37749287749289 NumIters=10
IterStartTime=46.0 IterEndTime=46.03703703703704 LossValue=0.8543721224326387
IterStartTime=46.03703703703704 IterEndTime=46.07549857549858 LossValue=0.7214222028366745
IterStartTime=46.07549857549858 IterEndTime=46.112535612535616 LossValue=0.6000465334536106
IterStartTime=46.112535612535616 IterEndTime=46.150997150997156 LossValue=0.48923749225255053
IterStartTime=46.150997150997156 IterEndTime=46.188034188034194 LossValue=0.3880751779740058
IterStartTime=46.188034188034194 IterEndTime=46.226495726495735 LossValue=0.2957197734035245
IterStartTime=46.226495726495735 IterEndTime=46.26353276353277 LossValue=0.21140457347747554
IterStartTime=46.26353276353277 IterEndTime=46.30199430199431 LossValue=0.13442962034255324
IterStartTime=46.30199430199431 IterEndTime=46.33903133903135 LossValue=0.06415589252929643
IterStartTime=46.33903133903135 IterEndTime=46.37749287749289 LossValue=0.0
JobId=21 ArrivalTime=49.0 StartTime=49.0 EndTime=49.188034188034194 NumIters=5
IterStartTime=49.0 IterEndTime=49.03703703703704 LossValue=0.10940707694078865
IterStartTime=49.03703703703704 IterEndTime=49.07549857549858 LossValue=0.011969908289827292
IterStartTime=49.07549857549858 IterEndTime=49.112535612535616 LossValue=0.0013095924610154817
IterStartTime=49.112535612535616 IterEndTime=49.150997150997156 LossValue=1.4327846458662082E-4
IterStartTime=49.150997150997156 IterEndTime=49.188034188034194 LossValue=1.5675459186969635E-5
JobId=22 ArrivalTime=49.0 StartTime=49.0 EndTime=49.31445868945869 NumIters=10
IterStartTime=49.0 IterEndTime=49.03846153846154 LossValue=0.5994878952485088
IterStartTime=49.03846153846154 IterEndTime=49.07549857549858 LossValue=0.3583831246255559
IterStartTime=49.07549857549858 IterEndTime=49.11396011396012 LossValue=0.2132401695750063
IterStartTime=49.11396011396012 IterEndTime=49.150997150997156 LossValue=0.1258653849683994
IterStartTime=49.150997150997156 IterEndTime=49.1894586894587 LossValue=0.07326653177299566
IterStartTime=49.1894586894587 IterEndTime=49.214458689458695 LossValue=0.04160248395956692
IterStartTime=49.214458689458695 IterEndTime=49.239458689458694 LossValue=0.022541005181571216
IterStartTime=49.239458689458694 IterEndTime=49.26445868945869 LossValue=0.011066162314201357
IterStartTime=49.26445868945869 IterEndTime=49.28945868945869 LossValue=0.004158407655479431
IterStartTime=49.28945868945869 IterEndTime=49.31445868945869 LossValue=-1.734723475976807E-18
JobId=23 ArrivalTime=56.0 StartTime=56.0 EndTime=56.37606837606839 NumIters=10
IterStartTime=56.0 IterEndTime=56.03703703703704 LossValue=0.5269198298190549
IterStartTime=56.03703703703704 IterEndTime=56.074074074074076 LossValue=0.2983359854308237
IterStartTime=56.074074074074076 IterEndTime=56.112535612535616 LossValue=0.180582428155583
IterStartTime=56.112535612535616 IterEndTime=56.149572649572654 LossValue=0.11401063776281137
IterStartTime=56.149572649572654 IterEndTime=56.188034188034194 LossValue=0.07326105844859315
IterStartTime=56.188034188034194 IterEndTime=56.22507122507123 LossValue=0.04668898615412014
IterStartTime=56.22507122507123 IterEndTime=56.26353276353277 LossValue=0.028470385606926725
IterStartTime=56.26353276353277 IterEndTime=56.30056980056981 LossValue=0.015465662388199214
IterStartTime=56.30056980056981 IterEndTime=56.33903133903135 LossValue=0.005872530101538369
IterStartTime=56.33903133903135 IterEndTime=56.37606837606839 LossValue=-0.0013993101060110688
JobId=24 ArrivalTime=47.0 StartTime=47.0 EndTime=47.12500000000003 NumIters=10
IterStartTime=47.0 IterEndTime=47.0125 LossValue=0.6093300894959321
IterStartTime=47.0125 IterEndTime=47.025000000000006 LossValue=0.3701541549780137
IterStartTime=47.025000000000006 IterEndTime=47.03750000000001 LossValue=0.2237258631786535
IterStartTime=47.03750000000001 IterEndTime=47.05000000000001 LossValue=0.13407953365768632
IterStartTime=47.05000000000001 IterEndTime=47.062500000000014 LossValue=0.07919625736027788
IterStartTime=47.062500000000014 IterEndTime=47.07500000000002 LossValue=0.045595617677276004
IterStartTime=47.07500000000002 IterEndTime=47.08750000000002 LossValue=0.02502463388634966
IterStartTime=47.08750000000002 IterEndTime=47.10000000000002 LossValue=0.012430666089342863
IterStartTime=47.10000000000002 IterEndTime=47.112500000000026 LossValue=0.0047203870631154134
IterStartTime=47.112500000000026 IterEndTime=47.12500000000003 LossValue=1.734723475976807E-18
JobId=25 ArrivalTime=65.0 StartTime=65.0 EndTime=65.12500000000003 NumIters=10
IterStartTime=65.0 IterEndTime=65.0125 LossValue=0.7587798126373195
IterStartTime=65.0125 IterEndTime=65.025 LossValue=0.5709885941873506
IterStartTime=65.025 IterEndTime=65.03750000000001 LossValue=0.4247921165521628
IterStartTime=65.03750000000001 IterEndTime=65.05000000000001 LossValue=0.31097736925272895
IterStartTime=65.05000000000001 IterEndTime=65.06250000000001 LossValue=0.22237197388090402
IterStartTime=65.06250000000001 IterEndTime=65.07500000000002 LossValue=0.15339219511513003
IterStartTime=65.07500000000002 IterEndTime=65.08750000000002 LossValue=0.09969106485542405
IterStartTime=65.08750000000002 IterEndTime=65.10000000000002 LossValue=0.05788444496233759
IterStartTime=65.10000000000002 IterEndTime=65.11250000000003 LossValue=0.025337765619976527
IterStartTime=65.11250000000003 IterEndTime=65.12500000000003 LossValue=1.3877787807814457E-17
JobId=26 ArrivalTime=53.0 StartTime=53.0 EndTime=53.249999999999986 NumIters=10
IterStartTime=53.0 IterEndTime=53.025 LossValue=0.580740334597645
IterStartTime=53.025 IterEndTime=53.05 LossValue=0.3720680884025107
IterStartTime=53.05 IterEndTime=53.074999999999996 LossValue=0.24955202304295776
IterStartTime=53.074999999999996 IterEndTime=53.099999999999994 LossValue=0.17022125345580436
IterStartTime=53.099999999999994 IterEndTime=53.12499999999999 LossValue=0.11538231727298791
IterStartTime=53.12499999999999 IterEndTime=53.14999999999999 LossValue=0.07564688399456877
IterStartTime=53.14999999999999 IterEndTime=53.17499999999999 LossValue=0.045809633868000285
IterStartTime=53.17499999999999 IterEndTime=53.19999999999999 LossValue=0.0227670836851286
IterStartTime=53.19999999999999 IterEndTime=53.22499999999999 LossValue=0.004562766798223455
IterStartTime=53.22499999999999 IterEndTime=53.249999999999986 LossValue=-0.01009252948064196
JobId=27 ArrivalTime=46.0 StartTime=46.0 EndTime=46.37749287749289 NumIters=10
IterStartTime=46.0 IterEndTime=46.03846153846154 LossValue=0.866663562915529
IterStartTime=46.03846153846154 IterEndTime=46.07549857549858 LossValue=0.7421148941206388
IterStartTime=46.07549857549858 IterEndTime=46.11396011396012 LossValue=0.625774820561062
IterStartTime=46.11396011396012 IterEndTime=46.150997150997156 LossValue=0.5171023405834756
IterStartTime=46.150997150997156 IterEndTime=46.1894586894587 LossValue=0.415592108183362
IterStartTime=46.1894586894587 IterEndTime=46.226495726495735 LossValue=0.3207720830578631
IterStartTime=46.226495726495735 IterEndTime=46.264957264957275 LossValue=0.2322013355359589
IterStartTime=46.264957264957275 IterEndTime=46.30199430199431 LossValue=0.1494679961785188
IterStartTime=46.30199430199431 IterEndTime=46.34045584045585 LossValue=0.07218734051350317
IterStartTime=46.34045584045585 IterEndTime=46.37749287749289 LossValue=0.0
JobId=28 ArrivalTime=50.0 StartTime=50.0 EndTime=50.112500000000026 NumIters=9
IterStartTime=50.0 IterEndTime=50.0125 LossValue=0.3529072317668036
IterStartTime=50.0125 IterEndTime=50.025000000000006 LossValue=0.12453096036954818
IterStartTime=50.025000000000006 IterEndTime=50.03750000000001 LossValue=0.043930892036660826
IterStartTime=50.03750000000001 IterEndTime=50.05000000000001 LossValue=0.015484981366870541
IterStartTime=50.05000000000001 IterEndTime=50.062500000000014 LossValue=0.005445661915034267
IterStartTime=50.062500000000014 IterEndTime=50.07500000000002 LossValue=0.0019025187115700355
IterStartTime=50.07500000000002 IterEndTime=50.08750000000002 LossValue=6.520491134581261E-4
IterStartTime=50.08750000000002 IterEndTime=50.10000000000002 LossValue=2.1072508955942722E-4
IterStartTime=50.10000000000002 IterEndTime=50.112500000000026 LossValue=5.497008810699782E-5
JobId=29 ArrivalTime=45.0 StartTime=45.0 EndTime=45.49999999999997 NumIters=10
IterStartTime=45.0 IterEndTime=45.05 LossValue=0.4063110105641994
IterStartTime=45.05 IterEndTime=45.099999999999994 LossValue=0.16399804121863246
IterStartTime=45.099999999999994 IterEndTime=45.14999999999999 LossValue=0.08073786350960724
IterStartTime=45.14999999999999 IterEndTime=45.19999999999999 LossValue=0.04489904955034934
IterStartTime=45.19999999999999 IterEndTime=45.249999999999986 LossValue=0.026602595164968643
IterStartTime=45.249999999999986 IterEndTime=45.29999999999998 LossValue=0.016093631853089006
IterStartTime=45.29999999999998 IterEndTime=45.34999999999998 LossValue=0.009527845352745845
IterStartTime=45.34999999999998 IterEndTime=45.39999999999998 LossValue=0.005161027367883427
IterStartTime=45.39999999999998 IterEndTime=45.449999999999974 LossValue=0.0021135865389210508
IterStartTime=45.449999999999974 IterEndTime=45.49999999999997 LossValue=-9.566931610295072E-5
JobId=30 ArrivalTime=60.0 StartTime=60.0 EndTime=60.12500000000003 NumIters=10
IterStartTime=60.0 IterEndTime=60.0125 LossValue=0.46662785690564373
IterStartTime=60.0125 IterEndTime=60.025000000000006 LossValue=0.20014821139673192
IterStartTime=60.025000000000006 IterEndTime=60.03750000000001 LossValue=0.1006555656919268
IterStartTime=60.03750000000001 IterEndTime=60.05000000000001 LossValue=0.05648109296389834
IterStartTime=60.05000000000001 IterEndTime=60.062500000000014 LossValue=0.033608903433353154
IterStartTime=60.062500000000014 IterEndTime=60.07500000000002 LossValue=0.020373417389612396
IterStartTime=60.07500000000002 IterEndTime=60.08750000000002 LossValue=0.012067816186484868
IterStartTime=60.08750000000002 IterEndTime=60.10000000000002 LossValue=0.0065284856478047305
IterStartTime=60.10000000000002 IterEndTime=60.112500000000026 LossValue=0.002655566347190828
IterStartTime=60.112500000000026 IterEndTime=60.12500000000003 LossValue=-1.5580486693915485E-4
JobId=31 ArrivalTime=56.0 StartTime=56.0 EndTime=56.37749287749289 NumIters=10
IterStartTime=56.0 IterEndTime=56.03703703703704 LossValue=0.6051969629103575
IterStartTime=56.03703703703704 IterEndTime=56.07549857549858 LossValue=0.33965986436308837
IterStartTime=56.07549857549858 IterEndTime=56.112535612535616 LossValue=0.19835023266595972
IterStartTime=56.112535612535616 IterEndTime=56.150997150997156 LossValue=0.12105304241677814
IterStartTime=56.150997150997156 IterEndTime=56.188034188034194 LossValue=0.07570121151879677
IterStartTime=56.188034188034194 IterEndTime=56.226495726495735 LossValue=0.047260616826155295
IterStartTime=56.226495726495735 IterEndTime=56.26353276353277 LossValue=0.028403323177487637
IterStartTime=56.26353276353277 IterEndTime=56.30199430199431 LossValue=0.015317876799304748
IterStartTime=56.30199430199431 IterEndTime=56.33903133903135 LossValue=0.005892838254573651
IterStartTime=56.33903133903135 IterEndTime=56.37749287749289 LossValue=-0.001108175447204346
JobId=32 ArrivalTime=51.0 StartTime=51.0 EndTime=51.475498575498555 NumIters=10
IterStartTime=51.0 IterEndTime=51.05 LossValue=0.5712125189929628
IterStartTime=51.05 IterEndTime=51.099999999999994 LossValue=0.3255841438256173
IterStartTime=51.099999999999994 IterEndTime=51.14999999999999 LossValue=0.18487738031271492
IterStartTime=51.14999999999999 IterEndTime=51.19999999999999 LossValue=0.10427434214667541
IterStartTime=51.19999999999999 IterEndTime=51.249999999999986 LossValue=0.0581013679456145
IterStartTime=51.249999999999986 IterEndTime=51.29999999999998 LossValue=0.03165145246997066
IterStartTime=51.29999999999998 IterEndTime=51.34999999999998 LossValue=0.016499774659000706
IterStartTime=51.34999999999998 IterEndTime=51.39999999999998 LossValue=0.007820225542904676
IterStartTime=51.39999999999998 IterEndTime=51.43846153846152 LossValue=0.002848197111559566
IterStartTime=51.43846153846152 IterEndTime=51.475498575498555 LossValue=8.673617379884035E-19
JobId=33 ArrivalTime=52.0 StartTime=52.0 EndTime=52.12500000000003 NumIters=10
IterStartTime=52.0 IterEndTime=52.0125 LossValue=0.4102626475360161
IterStartTime=52.0125 IterEndTime=52.025000000000006 LossValue=0.16826836587134672
IterStartTime=52.025000000000006 IterEndTime=52.03750000000001 LossValue=0.06896783468788949
IterStartTime=52.03750000000001 IterEndTime=52.05000000000001 LossValue=0.02822060948287181
IterStartTime=52.05000000000001 IterEndTime=52.062500000000014 LossValue=0.011500292460186762
IterStartTime=52.062500000000014 IterEndTime=52.07500000000002 LossValue=0.004639236279490931
IterStartTime=52.07500000000002 IterEndTime=52.08750000000002 LossValue=0.0018238535417834244
IterStartTime=52.08750000000002 IterEndTime=52.10000000000002 LossValue=6.685824361360223E-4
IterStartTime=52.10000000000002 IterEndTime=52.112500000000026 LossValue=1.945256375102901E-4
IterStartTime=52.112500000000026 IterEndTime=52.12500000000003 LossValue=8.131516293641283E-20
JobId=34 ArrivalTime=56.0 StartTime=56.0 EndTime=56.37749287749289 NumIters=10
IterStartTime=56.0 IterEndTime=56.03846153846154 LossValue=0.49991098241055265
IterStartTime=56.03846153846154 IterEndTime=56.07549857549858 LossValue=0.28013203194782366
IterStartTime=56.07549857549858 IterEndTime=56.11396011396012 LossValue=0.1696618213020961
IterStartTime=56.11396011396012 IterEndTime=56.150997150997156 LossValue=0.10746427358981747
IterStartTime=56.150997150997156 IterEndTime=56.1894586894587 LossValue=0.06930593863595008
IterStartTime=56.1894586894587 IterEndTime=56.226495726495735 LossValue=0.04431903496294059
IterStartTime=56.226495726495735 IterEndTime=56.264957264957275 LossValue=0.027108612329100758
IterStartTime=56.264957264957275 IterEndTime=56.30199430199431 LossValue=0.014769112091657155
IterStartTime=56.30199430199431 IterEndTime=56.34045584045585 LossValue=0.005629496673804163
IterStartTime=56.34045584045585 IterEndTime=56.37749287749289 LossValue=-0.001324205144485606
JobId=35 ArrivalTime=58.0 StartTime=58.0 EndTime=58.249999999999986 NumIters=10
IterStartTime=58.0 IterEndTime=58.025 LossValue=0.5082614787778297
IterStartTime=58.025 IterEndTime=58.05 LossValue=0.21004957802778507
IterStartTime=58.05 IterEndTime=58.074999999999996 LossValue=0.10252471277094939
IterStartTime=58.074999999999996 IterEndTime=58.099999999999994 LossValue=0.0564654627381424
IterStartTime=58.099999999999994 IterEndTime=58.12499999999999 LossValue=0.033198349855211154
IterStartTime=58.12499999999999 IterEndTime=58.14999999999999 LossValue=0.019962687959533328
IterStartTime=58.14999999999999 IterEndTime=58.17499999999999 LossValue=0.011759047734823058
IterStartTime=58.17499999999999 IterEndTime=58.19999999999999 LossValue=0.006338334692464639
IterStartTime=58.19999999999999 IterEndTime=58.22499999999999 LossValue=0.0025756018086830045
IterStartTime=58.22499999999999 IterEndTime=58.249999999999986 LossValue=-1.401102672358573E-4
JobId=36 ArrivalTime=51.0 StartTime=51.0 EndTime=51.39999999999998 NumIters=8
IterStartTime=51.0 IterEndTime=51.05 LossValue=0.30116039583645693
IterStartTime=51.05 IterEndTime=51.099999999999994 LossValue=0.09069458626997003
IterStartTime=51.099999999999994 IterEndTime=51.14999999999999 LossValue=0.027309716934329754
IterStartTime=51.14999999999999 IterEndTime=51.19999999999999 LossValue=0.008220432698701916
IterStartTime=51.19999999999999 IterEndTime=51.249999999999986 LossValue=0.0024714144164524475
IterStartTime=51.249999999999986 IterEndTime=51.29999999999998 LossValue=7.400131338442433E-4
IterStartTime=51.29999999999998 IterEndTime=51.34999999999998 LossValue=2.1857621118335726E-4
IterStartTime=51.34999999999998 IterEndTime=51.39999999999998 LossValue=6.153782438924181E-5
JobId=37 ArrivalTime=38.0 StartTime=38.0 EndTime=38.12500000000003 NumIters=10
IterStartTime=38.0 IterEndTime=38.0125 LossValue=0.7126278409553701
IterStartTime=38.0125 IterEndTime=38.025000000000006 LossValue=0.5045705100373177
IterStartTime=38.025000000000006 IterEndTime=38.03750000000001 LossValue=0.35393708370731164
IterStartTime=38.03750000000001 IterEndTime=38.05000000000001 LossValue=0.24487854187273245
IterStartTime=38.05000000000001 IterEndTime=38.062500000000014 LossValue=0.1659202001761959
IterStartTime=38.062500000000014 IterEndTime=38.07500000000002 LossValue=0.1087543916242768
IterStartTime=38.07500000000002 IterEndTime=38.08750000000002 LossValue=0.06736636855820961
IterStartTime=38.08750000000002 IterEndTime=38.10000000000002 LossValue=0.037401456022046364
IterStartTime=38.10000000000002 IterEndTime=38.112500000000026 LossValue=0.015706871048354505
IterStartTime=38.112500000000026 IterEndTime=38.12500000000003 LossValue=1.3877787807814457E-17
JobId=38 ArrivalTime=41.0 StartTime=41.0 EndTime=41.10000000000002 NumIters=8
IterStartTime=41.0 IterEndTime=41.0125 LossValue=0.28935798410328173
IterStartTime=41.0125 IterEndTime=41.025000000000006 LossValue=0.08372596470202949
IterStartTime=41.025000000000006 IterEndTime=41.03750000000001 LossValue=0.024224096733133
IterStartTime=41.03750000000001 IterEndTime=41.05000000000001 LossValue=0.007006582154922184
IterStartTime=41.05000000000001 IterEndTime=41.062500000000014 LossValue=0.0020245064929301617
IterStartTime=41.062500000000014 IterEndTime=41.07500000000002 LossValue=5.828885527179922E-4
IterStartTime=41.07500000000002 IterEndTime=41.08750000000002 LossValue=1.6574067570028172E-4
IterStartTime=41.08750000000002 IterEndTime=41.10000000000002 LossValue=4.50343869905472E-5
JobId=39 ArrivalTime=57.0 StartTime=57.0 EndTime=57.30199430199431 NumIters=8
IterStartTime=57.0 IterEndTime=57.03846153846154 LossValue=0.31912227479118843
IterStartTime=57.03846153846154 IterEndTime=57.07549857549858 LossValue=0.10183394688483612
IterStartTime=57.07549857549858 IterEndTime=57.11396011396012 LossValue=0.03249078041561605
IterStartTime=57.11396011396012 IterEndTime=57.150997150997156 LossValue=0.010361314087124006
IterStartTime=57.150997150997156 IterEndTime=57.1894586894587 LossValue=0.003299143365496568
IterStartTime=57.1894586894587 IterEndTime=57.226495726495735 LossValue=0.0010453946956880261
IterStartTime=57.226495726495735 IterEndTime=57.264957264957275 LossValue=3.261564802893974E-4
IterStartTime=57.264957264957275 IterEndTime=57.30199430199431 LossValue=9.662617932032345E-5