THE SEED IS: 7

OVERALL JOB STATS -
JobId=0 ArrivalTime=54.72228669512229 StartTime=54.72228669512229 EndTime=54.84728669512232 NumIters=10
IterStartTime=54.72228669512229 IterEndTime=54.734786695122295 LossValue=0.392837895627038
IterStartTime=54.734786695122295 IterEndTime=54.7472866951223 LossValue=0.17246847777929983
IterStartTime=54.7472866951223 IterEndTime=54.7597866951223 LossValue=0.08950794273571704
IterStartTime=54.7597866951223 IterEndTime=54.772286695122304 LossValue=0.05138053991887859
IterStartTime=54.772286695122304 IterEndTime=54.78478669512231 LossValue=0.03106338908881701
IterStartTime=54.78478669512231 IterEndTime=54.79728669512231 LossValue=0.019045627040073457
IterStartTime=54.79728669512231 IterEndTime=54.80978669512231 LossValue=0.011376169804105305
IterStartTime=54.80978669512231 IterEndTime=54.822286695122315 LossValue=0.006193231297990293
IterStartTime=54.822286695122315 IterEndTime=54.83478669512232 LossValue=0.0025310490102980806
IterStartTime=54.83478669512232 IterEndTime=54.84728669512232 LossValue=-1.5034667010496022E-4
JobId=1 ArrivalTime=49.72436122993727 StartTime=49.72436122993727 EndTime=49.8493612299373 NumIters=10
IterStartTime=49.72436122993727 IterEndTime=49.736861229937276 LossValue=0.42695937500983316
IterStartTime=49.736861229937276 IterEndTime=49.74936122993728 LossValue=0.21723964418135644
IterStartTime=49.74936122993728 IterEndTime=49.76186122993728 LossValue=0.12413680669666236
IterStartTime=49.76186122993728 IterEndTime=49.774361229937284 LossValue=0.07579271677623803
IterStartTime=49.774361229937284 IterEndTime=49.78686122993729 LossValue=0.04773352326921055
IterStartTime=49.78686122993729 IterEndTime=49.79936122993729 LossValue=0.030079573929801165
IterStartTime=49.79936122993729 IterEndTime=49.81186122993729 LossValue=0.01827952415300043
IterStartTime=49.81186122993729 IterEndTime=49.824361229937296 LossValue=0.010014083238448157
IterStartTime=49.824361229937296 IterEndTime=49.8368612299373 LossValue=0.004004823834167757
IterStartTime=49.8368612299373 IterEndTime=49.8493612299373 LossValue=-4.984112461055672E-4
JobId=2 ArrivalTime=42.93755428204701 StartTime=42.93755428204701 EndTime=43.06255428204704 NumIters=10
IterStartTime=42.93755428204701 IterEndTime=42.95005428204701 LossValue=0.6986153439631856
IterStartTime=42.95005428204701 IterEndTime=42.962554282047016 LossValue=0.48518161485349676
IterStartTime=42.962554282047016 IterEndTime=42.97505428204702 LossValue=0.3340327231988945
IterStartTime=42.97505428204702 IterEndTime=42.98755428204702 LossValue=0.22699253070582515
IterStartTime=42.98755428204702 IterEndTime=43.000054282047024 LossValue=0.15118911141820204
IterStartTime=43.000054282047024 IterEndTime=43.01255428204703 LossValue=0.09750686139733025
IterStartTime=43.01255428204703 IterEndTime=43.02505428204703 LossValue=0.059490318154485855
IterStartTime=43.02505428204703 IterEndTime=43.03755428204703 LossValue=0.03256787061226961
IterStartTime=43.03755428204703 IterEndTime=43.050054282047036 LossValue=0.01350200823142799
IterStartTime=43.050054282047036 IterEndTime=43.06255428204704 LossValue=6.938893903907228E-18
JobId=3 ArrivalTime=32.72246024791764 StartTime=32.72246024791764 EndTime=32.834960247917664 NumIters=9
IterStartTime=32.72246024791764 IterEndTime=32.73496024791764 LossValue=0.3518958968714912
IterStartTime=32.73496024791764 IterEndTime=32.747460247917644 LossValue=0.12381848552736284
IterStartTime=32.747460247917644 IterEndTime=32.75996024791765 LossValue=0.04355467402804867
IterStartTime=32.75996024791765 IterEndTime=32.77246024791765 LossValue=0.015308652651222427
IterStartTime=32.77246024791765 IterEndTime=32.78496024791765 LossValue=0.00536846031900379
IterStartTime=32.78496024791765 IterEndTime=32.797460247917655 LossValue=0.0018703597446495448
IterStartTime=32.797460247917655 IterEndTime=32.80996024791766 LossValue=6.393264588412525E-4
IterStartTime=32.80996024791766 IterEndTime=32.82246024791766 LossValue=2.0610765379082491E-4
IterStartTime=32.82246024791766 IterEndTime=32.834960247917664 LossValue=5.365155433930498E-5
JobId=4 ArrivalTime=41.78141878470583 StartTime=41.78141878470583 EndTime=41.84391878470584 NumIters=5
IterStartTime=41.78141878470583 IterEndTime=41.79391878470583 LossValue=0.12073605081176121
IterStartTime=41.79391878470583 IterEndTime=41.80641878470583 LossValue=0.014577193456748577
IterStartTime=41.80641878470583 IterEndTime=41.818918784705836 LossValue=0.0017599921995761162
IterStartTime=41.818918784705836 IterEndTime=41.83141878470584 LossValue=2.1249392990765228E-4
IterStartTime=41.83141878470584 IterEndTime=41.84391878470584 LossValue=2.5655099294237692E-5
JobId=5 ArrivalTime=8.133873060755226 StartTime=8.133873060755226 EndTime=8.258873060755219 NumIters=10
IterStartTime=8.133873060755226 IterEndTime=8.146373060755225 LossValue=0.5087437312623323
IterStartTime=8.146373060755225 IterEndTime=8.158873060755225 LossValue=0.20790767224765538
IterStartTime=8.158873060755225 IterEndTime=8.171373060755224 LossValue=0.10086754108260115
IterStartTime=8.171373060755224 IterEndTime=8.183873060755223 LossValue=0.05537244025006396
IterStartTime=8.183873060755223 IterEndTime=8.196373060755223 LossValue=0.03249359684908859
IterStartTime=8.196373060755223 IterEndTime=8.208873060755222 LossValue=0.01951571108654794
IterStartTime=8.208873060755222 IterEndTime=8.221373060755221 LossValue=0.011487350431357917
IterStartTime=8.221373060755221 IterEndTime=8.23387306075522 LossValue=0.0061898145136766395
IterStartTime=8.23387306075522 IterEndTime=8.24637306075522 LossValue=0.002516415804210548
IterStartTime=8.24637306075522 IterEndTime=8.258873060755219 LossValue=-1.3267312686838714E-4
JobId=6 ArrivalTime=16.88825686173161 StartTime=16.88825686173161 EndTime=17.013256861731602 NumIters=10
IterStartTime=16.88825686173161 IterEndTime=16.900756861731608 LossValue=0.8636309879198435
IterStartTime=16.900756861731608 IterEndTime=16.913256861731607 LossValue=0.7369785307576874
IterStartTime=16.913256861731607 IterEndTime=16.925756861731607 LossValue=0.6193503052500983
IterStartTime=16.925756861731607 IterEndTime=16.938256861731606 LossValue=0.5101033175003921
IterStartTime=16.938256861731606 IterEndTime=16.950756861731605 LossValue=0.4086403881661872
IterStartTime=16.950756861731605 IterEndTime=16.963256861731605 LossValue=0.314406888084117
IterStartTime=16.963256861731605 IterEndTime=16.975756861731604 LossValue=0.2268877064875735
IterStartTime=16.975756861731604 IterEndTime=16.988256861731603 LossValue=0.14560443524477973
IterStartTime=16.988256861731603 IterEndTime=17.000756861731602 LossValue=0.070112753725325
IterStartTime=17.000756861731602 IterEndTime=17.013256861731602 LossValue=0.0
JobId=7 ArrivalTime=36.912889739307644 StartTime=36.912889739307644 EndTime=37.03788973930767 NumIters=10
IterStartTime=36.912889739307644 IterEndTime=36.92538973930765 LossValue=0.6373269917187301
IterStartTime=36.92538973930765 IterEndTime=36.93788973930765 LossValue=0.4046305314566027
IterStartTime=36.93788973930765 IterEndTime=36.95038973930765 LossValue=0.25532898052196634
IterStartTime=36.95038973930765 IterEndTime=36.962889739307656 LossValue=0.1595348584868586
IterStartTime=36.962889739307656 IterEndTime=36.97538973930766 LossValue=0.09807190810870378
IterStartTime=36.97538973930766 IterEndTime=36.98788973930766 LossValue=0.058636354142218995
IterStartTime=36.98788973930766 IterEndTime=37.000389739307664 LossValue=0.03333390922092423
IterStartTime=37.000389739307664 IterEndTime=37.01288973930767 LossValue=0.0170994797632005
IterStartTime=37.01288973930767 IterEndTime=37.02538973930767 LossValue=0.006683225498538649
IterStartTime=37.02538973930767 IterEndTime=37.03788973930767 LossValue=0.0
JobId=8 ArrivalTime=33.174093660650996 StartTime=33.174093660650996 EndTime=33.299093660651025 NumIters=10
IterStartTime=33.174093660650996 IterEndTime=33.186593660651 LossValue=0.41151447516802464
IterStartTime=33.186593660651 IterEndTime=33.199093660651 LossValue=0.1766389905132784
IterStartTime=33.199093660651 IterEndTime=33.211593660651005 LossValue=0.09000028841540059
IterStartTime=33.211593660651005 IterEndTime=33.22409366065101 LossValue=0.05103867530475337
IterStartTime=33.22409366065101 IterEndTime=33.23659366065101 LossValue=0.03060585821084401
IterStartTime=33.23659366065101 IterEndTime=33.24909366065101 LossValue=0.018659342837207674
IterStartTime=33.24909366065101 IterEndTime=33.261593660651016 LossValue=0.011101415619309494
IterStartTime=33.261593660651016 IterEndTime=33.27409366065102 LossValue=0.006028036538030036
IterStartTime=33.27409366065102 IterEndTime=33.28659366065102 LossValue=0.002462297569130344
IterStartTime=33.28659366065102 IterEndTime=33.299093660651025 LossValue=-1.372439424642182E-4
JobId=9 ArrivalTime=97.51227433838558 StartTime=97.51227433838558 EndTime=97.63727433838561 NumIters=10
IterStartTime=97.51227433838558 IterEndTime=97.52477433838558 LossValue=0.5655099986309255
IterStartTime=97.52477433838558 IterEndTime=97.53727433838559 LossValue=0.27570056149094563
IterStartTime=97.53727433838559 IterEndTime=97.54977433838559 LossValue=0.14659291924158546
IterStartTime=97.54977433838559 IterEndTime=97.56227433838559 LossValue=0.08447761333599926
IterStartTime=97.56227433838559 IterEndTime=97.5747743383856 LossValue=0.05097531691250754
IterStartTime=97.5747743383856 IterEndTime=97.5872743383856 LossValue=0.031129399708265795
IterStartTime=97.5872743383856 IterEndTime=97.5997743383856 LossValue=0.01849137200456593
IterStartTime=97.5997743383856 IterEndTime=97.6122743383856 LossValue=0.009979058488589578
IterStartTime=97.6122743383856 IterEndTime=97.6247743383856 LossValue=0.0039858752635686875
IterStartTime=97.6247743383856 IterEndTime=97.63727433838561 LossValue=-3.870154371573911E-4
JobId=10 ArrivalTime=76.0052118285621 StartTime=76.0052118285621 EndTime=76.13021182856212 NumIters=10
IterStartTime=76.0052118285621 IterEndTime=76.0177118285621 LossValue=0.44728105902480986
IterStartTime=76.0177118285621 IterEndTime=76.0302118285621 LossValue=0.22512146887266093
IterStartTime=76.0302118285621 IterEndTime=76.0427118285621 LossValue=0.12673585215040306
IterStartTime=76.0427118285621 IterEndTime=76.05521182856211 LossValue=0.07644356956486
IterStartTime=76.05521182856211 IterEndTime=76.06771182856211 LossValue=0.0477007412104236
IterStartTime=76.06771182856211 IterEndTime=76.08021182856211 LossValue=0.029852532858075615
IterStartTime=76.08021182856211 IterEndTime=76.09271182856212 LossValue=0.018051571444019653
IterStartTime=76.09271182856212 IterEndTime=76.10521182856212 LossValue=0.009859554050514623
IterStartTime=76.10521182856212 IterEndTime=76.11771182856212 LossValue=0.003948291001741249
IterStartTime=76.11771182856212 IterEndTime=76.13021182856212 LossValue=-4.5347056350092743E-4
JobId=11 ArrivalTime=13.926455291496886 StartTime=13.926455291496886 EndTime=14.051455291496879 NumIters=10
IterStartTime=13.926455291496886 IterEndTime=13.938955291496885 LossValue=0.6292366222405478
IterStartTime=13.938955291496885 IterEndTime=13.951455291496885 LossValue=0.3654605706803653
IterStartTime=13.951455291496885 IterEndTime=13.963955291496884 LossValue=0.21791127228578777
IterStartTime=13.963955291496884 IterEndTime=13.976455291496883 LossValue=0.13462934517718847
IterStartTime=13.976455291496883 IterEndTime=13.988955291496882 LossValue=0.0848018937964051
IterStartTime=13.988955291496882 IterEndTime=14.001455291496882 LossValue=0.053153580805072605
IterStartTime=14.001455291496882 IterEndTime=14.013955291496881 LossValue=0.03198502897765398
IterStartTime=14.013955291496881 IterEndTime=14.02645529149688 LossValue=0.017203314132621036
IterStartTime=14.02645529149688 IterEndTime=14.03895529149688 LossValue=0.0065067074556229496
IterStartTime=14.03895529149688 IterEndTime=14.051455291496879 LossValue=-0.0014673258155811567
JobId=12 ArrivalTime=51.131842353227064 StartTime=51.131842353227064 EndTime=51.25684235322709 NumIters=10
IterStartTime=51.131842353227064 IterEndTime=51.14434235322707 LossValue=0.8247741855668523
IterStartTime=51.14434235322707 IterEndTime=51.15684235322707 LossValue=0.6729123712582004
IterStartTime=51.15684235322707 IterEndTime=51.16934235322707 LossValue=0.5412992826289895
IterStartTime=51.16934235322707 IterEndTime=51.181842353227076 LossValue=0.42723502508420375
IterStartTime=51.181842353227076 IterEndTime=51.19434235322708 LossValue=0.32837969857562466
IterStartTime=51.19434235322708 IterEndTime=51.20684235322708 LossValue=0.24270539718212447
IterStartTime=51.20684235322708 IterEndTime=51.219342353227084 LossValue=0.16845460889883163
IterStartTime=51.219342353227084 IterEndTime=51.23184235322709 LossValue=0.10410416225359465
IterStartTime=51.23184235322709 IterEndTime=51.24434235322709 LossValue=0.048333980156103684
IterStartTime=51.24434235322709 IterEndTime=51.25684235322709 LossValue=0.0
JobId=13 ArrivalTime=60.92143012369392 StartTime=60.92143012369392 EndTime=61.04643012369395 NumIters=10
IterStartTime=60.92143012369392 IterEndTime=60.933930123693926 LossValue=0.6073718845598581
IterStartTime=60.933930123693926 IterEndTime=60.94643012369393 LossValue=0.3801319800191469
IterStartTime=60.94643012369393 IterEndTime=60.95893012369393 LossValue=0.2456181549075085
IterStartTime=60.95893012369393 IterEndTime=60.971430123693935 LossValue=0.1617936711791464
IterStartTime=60.971430123693935 IterEndTime=60.98393012369394 LossValue=0.10680694998139038
IterStartTime=60.98393012369394 IterEndTime=60.99643012369394 LossValue=0.06908338524459391
IterStartTime=60.99643012369394 IterEndTime=61.00893012369394 LossValue=0.04220477006220236
IterStartTime=61.00893012369394 IterEndTime=61.021430123693946 LossValue=0.02243479110081298
IterStartTime=61.021430123693946 IterEndTime=61.03393012369395 LossValue=0.007498298634088102
IterStartTime=61.03393012369395 IterEndTime=61.04643012369395 LossValue=-0.004046519380091887
JobId=14 ArrivalTime=2.562886453521651 StartTime=2.562886453521651 EndTime=2.687886453521653 NumIters=10
IterStartTime=2.562886453521651 IterEndTime=2.5753864535216513 LossValue=0.6034060682272965
IterStartTime=2.5753864535216513 IterEndTime=2.5878864535216515 LossValue=0.28628456787995116
IterStartTime=2.5878864535216515 IterEndTime=2.6003864535216517 LossValue=0.1480622522774276
IterStartTime=2.6003864535216517 IterEndTime=2.612886453521652 LossValue=0.08374145057830389
IterStartTime=2.612886453521652 IterEndTime=2.625386453521652 LossValue=0.04990718458812614
IterStartTime=2.625386453521652 IterEndTime=2.637886453521652 LossValue=0.030221978958105807
IterStartTime=2.637886453521652 IterEndTime=2.6503864535216524 LossValue=0.017851030350393843
IterStartTime=2.6503864535216524 IterEndTime=2.6628864535216525 LossValue=0.009601776476412863
IterStartTime=2.6628864535216525 IterEndTime=2.6753864535216527 LossValue=0.003839085911921225
IterStartTime=2.6753864535216527 IterEndTime=2.687886453521653 LossValue=-3.3939316754261206E-4
JobId=15 ArrivalTime=47.560447913317375 StartTime=47.560447913317375 EndTime=47.685447913317404 NumIters=10
IterStartTime=47.560447913317375 IterEndTime=47.57294791331738 LossValue=0.5950161552218599
IterStartTime=47.57294791331738 IterEndTime=47.58544791331738 LossValue=0.35309530086154
IterStartTime=47.58544791331738 IterEndTime=47.597947913317384 LossValue=0.20858163561524135
IterStartTime=47.597947913317384 IterEndTime=47.61044791331739 LossValue=0.12225505786674311
IterStartTime=47.61044791331739 IterEndTime=47.62294791331739 LossValue=0.07068707629858911
IterStartTime=47.62294791331739 IterEndTime=47.63544791331739 LossValue=0.03988246441230668
IterStartTime=47.63544791331739 IterEndTime=47.647947913317395 LossValue=0.021481043906631823
IterStartTime=47.647947913317395 IterEndTime=47.6604479133174 LossValue=0.01048878476450453
IterStartTime=47.6604479133174 IterEndTime=47.6729479133174 LossValue=0.003922456854633756
IterStartTime=47.6729479133174 IterEndTime=47.685447913317404 LossValue=-2.6020852139652106E-18
JobId=16 ArrivalTime=89.89492432039224 StartTime=89.89492432039224 EndTime=90.01992432039226 NumIters=10
IterStartTime=89.89492432039224 IterEndTime=89.90742432039224 LossValue=0.7336259952950067
IterStartTime=89.90742432039224 IterEndTime=89.91992432039224 LossValue=0.5343016773725692
IterStartTime=89.91992432039224 IterEndTime=89.93242432039224 LossValue=0.38514979688315815
IterStartTime=89.93242432039224 IterEndTime=89.94492432039225 LossValue=0.2735413203791312
IterStartTime=89.94492432039225 IterEndTime=89.95742432039225 LossValue=0.19002610094859737
IterStartTime=89.95742432039225 IterEndTime=89.96992432039225 LossValue=0.1275327124981371
IterStartTime=89.96992432039225 IterEndTime=89.98242432039225 LossValue=0.08076969580908241
IterStartTime=89.98242432039225 IterEndTime=89.99492432039226 LossValue=0.045777518491088055
IterStartTime=89.99492432039226 IterEndTime=90.00742432039226 LossValue=0.01959331224973674
IterStartTime=90.00742432039226 IterEndTime=90.01992432039226 LossValue=-1.3877787807814457E-17
JobId=17 ArrivalTime=86.73053479200495 StartTime=86.73053479200495 EndTime=86.85553479200497 NumIters=10
IterStartTime=86.73053479200495 IterEndTime=86.74303479200495 LossValue=0.4322334050853701
IterStartTime=86.74303479200495 IterEndTime=86.75553479200495 LossValue=0.21612203621252385
IterStartTime=86.75553479200495 IterEndTime=86.76803479200495 LossValue=0.12160417941876507
IterStartTime=86.76803479200495 IterEndTime=86.78053479200496 LossValue=0.07340701790264001
IterStartTime=86.78053479200496 IterEndTime=86.79303479200496 LossValue=0.045854043087574736
IterStartTime=86.79303479200496 IterEndTime=86.80553479200496 LossValue=0.028726959494275332
IterStartTime=86.80553479200496 IterEndTime=86.81803479200497 LossValue=0.017389225522652943
IterStartTime=86.81803479200497 IterEndTime=86.83053479200497 LossValue=0.009509610644185085
IterStartTime=86.83053479200497 IterEndTime=86.84303479200497 LossValue=0.0038176954763175543
IterStartTime=86.84303479200497 IterEndTime=86.85553479200497 LossValue=-4.2480515837758914E-4
JobId=18 ArrivalTime=96.30329830655073 StartTime=96.30329830655073 EndTime=96.42829830655076 NumIters=10
IterStartTime=96.30329830655073 IterEndTime=96.31579830655073 LossValue=0.5086598070221793
IterStartTime=96.31579830655073 IterEndTime=96.32829830655074 LossValue=0.24830592176697283
IterStartTime=96.32829830655074 IterEndTime=96.34079830655074 LossValue=0.1342349783949484
IterStartTime=96.34079830655074 IterEndTime=96.35329830655074 LossValue=0.0784622370451867
IterStartTime=96.35329830655074 IterEndTime=96.36579830655074 LossValue=0.04785098972677788
IterStartTime=96.36579830655074 IterEndTime=96.37829830655075 LossValue=0.029452535440509214
IterStartTime=96.37829830655075 IterEndTime=96.39079830655075 LossValue=0.01759949468057577
IterStartTime=96.39079830655075 IterEndTime=96.40329830655075 LossValue=0.009541258079392226
IterStartTime=96.40329830655075 IterEndTime=96.41579830655076 LossValue=0.003824712683245527
IterStartTime=96.41579830655076 IterEndTime=96.42829830655076 LossValue=-3.724159965767561E-4
JobId=19 ArrivalTime=89.11809310007158 StartTime=89.11809310007158 EndTime=89.2430931000716 NumIters=10
IterStartTime=89.11809310007158 IterEndTime=89.13059310007158 LossValue=0.8543721224326387
IterStartTime=89.13059310007158 IterEndTime=89.14309310007158 LossValue=0.7214222028366745
IterStartTime=89.14309310007158 IterEndTime=89.15559310007158 LossValue=0.6000465334536106
IterStartTime=89.15559310007158 IterEndTime=89.16809310007159 LossValue=0.48923749225255053
IterStartTime=89.16809310007159 IterEndTime=89.18059310007159 LossValue=0.3880751779740058
IterStartTime=89.18059310007159 IterEndTime=89.1930931000716 LossValue=0.2957197734035245
IterStartTime=89.1930931000716 IterEndTime=89.2055931000716 LossValue=0.21140457347747554
IterStartTime=89.2055931000716 IterEndTime=89.2180931000716 LossValue=0.13442962034255324
IterStartTime=89.2180931000716 IterEndTime=89.2305931000716 LossValue=0.06415589252929643
IterStartTime=89.2305931000716 IterEndTime=89.2430931000716 LossValue=0.0
JobId=20 ArrivalTime=44.60138765902889 StartTime=44.60138765902889 EndTime=44.6638876590289 NumIters=5
IterStartTime=44.60138765902889 IterEndTime=44.61388765902889 LossValue=0.10940707694078865
IterStartTime=44.61388765902889 IterEndTime=44.62638765902889 LossValue=0.011969908289827292
IterStartTime=44.62638765902889 IterEndTime=44.638887659028896 LossValue=0.0013095924610154817
IterStartTime=44.638887659028896 IterEndTime=44.6513876590289 LossValue=1.4327846458662082E-4
IterStartTime=44.6513876590289 IterEndTime=44.6638876590289 LossValue=1.5675459186969635E-5
JobId=21 ArrivalTime=12.854949976747099 StartTime=12.854949976747099 EndTime=12.979949976747092 NumIters=10
IterStartTime=12.854949976747099 IterEndTime=12.867449976747098 LossValue=0.544813999705082
IterStartTime=12.867449976747098 IterEndTime=12.879949976747097 LossValue=0.24807910031140704
IterStartTime=12.879949976747097 IterEndTime=12.892449976747097 LossValue=0.12693141809436678
IterStartTime=12.892449976747097 IterEndTime=12.904949976747096 LossValue=0.07161191387444968
IterStartTime=12.904949976747096 IterEndTime=12.917449976747095 LossValue=0.04267744016170685
IterStartTime=12.917449976747095 IterEndTime=12.929949976747094 LossValue=0.025867409544346257
IterStartTime=12.929949976747094 IterEndTime=12.942449976747094 LossValue=0.015302775616653927
IterStartTime=12.942449976747094 IterEndTime=12.954949976747093 LossValue=0.008253752292450251
IterStartTime=12.954949976747093 IterEndTime=12.967449976747092 LossValue=0.003325613214931959
IterStartTime=12.967449976747092 IterEndTime=12.979949976747092 LossValue=-2.506928318895714E-4
JobId=22 ArrivalTime=75.85710533184417 StartTime=75.85710533184417 EndTime=75.9821053318442 NumIters=10
IterStartTime=75.85710533184417 IterEndTime=75.86960533184417 LossValue=0.4384230452289678
IterStartTime=75.86960533184417 IterEndTime=75.88210533184417 LossValue=0.20045389059847604
IterStartTime=75.88210533184417 IterEndTime=75.89460533184418 LossValue=0.10560019581599271
IterStartTime=75.89460533184418 IterEndTime=75.90710533184418 LossValue=0.06101520764755318
IterStartTime=75.90710533184418 IterEndTime=75.91960533184418 LossValue=0.03700385403819841
IterStartTime=75.91960533184418 IterEndTime=75.93210533184418 LossValue=0.022719724385947736
IterStartTime=75.93210533184418 IterEndTime=75.94460533184419 LossValue=0.013573150894082214
IterStartTime=75.94460533184419 IterEndTime=75.95710533184419 LossValue=0.007378794086037779
IterStartTime=75.95710533184419 IterEndTime=75.96960533184419 LossValue=0.002995732822750754
IterStartTime=75.96960533184419 IterEndTime=75.9821053318442 LossValue=-2.1664684525427545E-4
JobId=23 ArrivalTime=31.961771356551317 StartTime=31.961771356551317 EndTime=32.08677135655133 NumIters=10
IterStartTime=31.961771356551317 IterEndTime=31.974271356551316 LossValue=0.5411363379599753
IterStartTime=31.974271356551316 IterEndTime=31.986771356551316 LossValue=0.22643798862098263
IterStartTime=31.986771356551316 IterEndTime=31.999271356551315 LossValue=0.11049002436746709
IterStartTime=31.999271356551315 IterEndTime=32.011771356551314 LossValue=0.06074241281505559
IterStartTime=32.011771356551314 IterEndTime=32.02427135655132 LossValue=0.0356523084405871
IterStartTime=32.02427135655132 IterEndTime=32.03677135655132 LossValue=0.021407407450579244
IterStartTime=32.03677135655132 IterEndTime=32.04927135655132 LossValue=0.01259374831792938
IterStartTime=32.04927135655132 IterEndTime=32.061771356551326 LossValue=0.006778664674925381
IterStartTime=32.061771356551326 IterEndTime=32.07427135655133 LossValue=0.0027472633490579212
IterStartTime=32.07427135655133 IterEndTime=32.08677135655133 LossValue=-1.5926713367787892E-4
JobId=24 ArrivalTime=71.7606771562658 StartTime=71.7606771562658 EndTime=71.88567715626583 NumIters=10
IterStartTime=71.7606771562658 IterEndTime=71.7731771562658 LossValue=0.39590852207566934
IterStartTime=71.7731771562658 IterEndTime=71.7856771562658 LossValue=0.18840910478978803
IterStartTime=71.7856771562658 IterEndTime=71.79817715626581 LossValue=0.10322046310656752
IterStartTime=71.79817715626581 IterEndTime=71.81067715626581 LossValue=0.061342964155068846
IterStartTime=71.81067715626581 IterEndTime=71.82317715626581 LossValue=0.037948510014612
IterStartTime=71.82317715626581 IterEndTime=71.83567715626582 LossValue=0.02363202450995111
IterStartTime=71.83567715626582 IterEndTime=71.84817715626582 LossValue=0.014260653001810987
IterStartTime=71.84817715626582 IterEndTime=71.86067715626582 LossValue=0.0078022589358768026
IterStartTime=71.86067715626582 IterEndTime=71.87317715626583 LossValue=0.003167366844053436
IterStartTime=71.87317715626583 IterEndTime=71.88567715626583 LossValue=-2.693180161979468E-4
JobId=25 ArrivalTime=47.14654274809666 StartTime=47.14654274809666 EndTime=47.25904274809668 NumIters=9
IterStartTime=47.14654274809666 IterEndTime=47.15904274809666 LossValue=0.3529072317668036
IterStartTime=47.15904274809666 IterEndTime=47.17154274809666 LossValue=0.12453096036954818
IterStartTime=47.17154274809666 IterEndTime=47.184042748096665 LossValue=0.043930892036660826
IterStartTime=47.184042748096665 IterEndTime=47.19654274809667 LossValue=0.015484981366870541
IterStartTime=47.19654274809667 IterEndTime=47.20904274809667 LossValue=0.005445661915034267
IterStartTime=47.20904274809667 IterEndTime=47.221542748096674 LossValue=0.0019025187115700355
IterStartTime=47.221542748096674 IterEndTime=47.23404274809668 LossValue=6.520491134581261E-4
IterStartTime=47.23404274809668 IterEndTime=47.24654274809668 LossValue=2.1072508955942722E-4
IterStartTime=47.24654274809668 IterEndTime=47.25904274809668 LossValue=5.497008810699782E-5
JobId=26 ArrivalTime=69.45462123406273 StartTime=69.45462123406273 EndTime=69.57962123406276 NumIters=10
IterStartTime=69.45462123406273 IterEndTime=69.46712123406273 LossValue=0.8847306212520407
IterStartTime=69.46712123406273 IterEndTime=69.47962123406273 LossValue=0.7731526741681054
IterStartTime=69.47962123406273 IterEndTime=69.49212123406274 LossValue=0.665147942896958
IterStartTime=69.49212123406274 IterEndTime=69.50462123406274 LossValue=0.5606019973780141
IterStartTime=69.50462123406274 IterEndTime=69.51712123406274 LossValue=0.45940407210369916
IterStartTime=69.51712123406274 IterEndTime=69.52962123406274 LossValue=0.36144694876437145
IterStartTime=69.52962123406274 IterEndTime=69.54212123406275 LossValue=0.26662684265146774
IterStartTime=69.54212123406275 IterEndTime=69.55462123406275 LossValue=0.17484329269851928
IterStartTime=69.55462123406275 IterEndTime=69.56712123406275 LossValue=0.08599905504353744
IterStartTime=69.56712123406275 IterEndTime=69.57962123406276 LossValue=4.440892098500626E-16
JobId=27 ArrivalTime=35.565005711541986 StartTime=35.565005711541986 EndTime=35.690005711542014 NumIters=10
IterStartTime=35.565005711541986 IterEndTime=35.57750571154199 LossValue=0.4443964946266552
IterStartTime=35.57750571154199 IterEndTime=35.59000571154199 LossValue=0.19739516083726022
IterStartTime=35.59000571154199 IterEndTime=35.602505711541994 LossValue=0.08758725231309794
IterStartTime=35.602505711541994 IterEndTime=35.615005711542 LossValue=0.03877060590287325
IterStartTime=35.615005711542 IterEndTime=35.627505711542 LossValue=0.017068480812160582
IterStartTime=35.627505711542 IterEndTime=35.640005711542 LossValue=0.00742049660826629
IterStartTime=35.640005711542 IterEndTime=35.652505711542005 LossValue=0.0031313498629814956
IterStartTime=35.652505711542005 IterEndTime=35.66500571154201 LossValue=0.0012245494978688008
IterStartTime=35.66500571154201 IterEndTime=35.67750571154201 LossValue=3.7685464191849723E-4
IterStartTime=35.67750571154201 IterEndTime=35.690005711542014 LossValue=-1.6263032587282567E-19
JobId=28 ArrivalTime=38.72641786958895 StartTime=38.72641786958895 EndTime=38.85141786958898 NumIters=10
IterStartTime=38.72641786958895 IterEndTime=38.73891786958895 LossValue=0.46662785690564373
IterStartTime=38.73891786958895 IterEndTime=38.751417869588956 LossValue=0.20014821139673192
IterStartTime=38.751417869588956 IterEndTime=38.76391786958896 LossValue=0.1006555656919268
IterStartTime=38.76391786958896 IterEndTime=38.77641786958896 LossValue=0.05648109296389834
IterStartTime=38.77641786958896 IterEndTime=38.788917869588964 LossValue=0.033608903433353154
IterStartTime=38.788917869588964 IterEndTime=38.80141786958897 LossValue=0.020373417389612396
IterStartTime=38.80141786958897 IterEndTime=38.81391786958897 LossValue=0.012067816186484868
IterStartTime=38.81391786958897 IterEndTime=38.82641786958897 LossValue=0.0065284856478047305
IterStartTime=38.82641786958897 IterEndTime=38.838917869588975 LossValue=0.002655566347190828
IterStartTime=38.838917869588975 IterEndTime=38.85141786958898 LossValue=-1.5580486693915485E-4
JobId=29 ArrivalTime=5.863755813704885 StartTime=5.863755813704885 EndTime=5.951255813704886 NumIters=7
IterStartTime=5.863755813704885 IterEndTime=5.876255813704885 LossValue=0.25654557205168205
IterStartTime=5.876255813704885 IterEndTime=5.888755813704885 LossValue=0.06581494793430198
IterStartTime=5.888755813704885 IterEndTime=5.901255813704886 LossValue=0.01688367574241156
IterStartTime=5.901255813704886 IterEndTime=5.913755813704886 LossValue=0.0043305296003249135
IterStartTime=5.913755813704886 IterEndTime=5.926255813704886 LossValue=0.0011100640165442913
IterStartTime=5.926255813704886 IterEndTime=5.938755813704886 LossValue=2.838648741999268E-4
IterStartTime=5.938755813704886 IterEndTime=5.951255813704886 LossValue=7.190638402124E-5
JobId=30 ArrivalTime=28.451237994885304 StartTime=28.451237994885304 EndTime=28.576237994885297 NumIters=10
IterStartTime=28.451237994885304 IterEndTime=28.463737994885303 LossValue=0.5043686378600248
IterStartTime=28.463737994885303 IterEndTime=28.476237994885302 LossValue=0.26204550735322546
IterStartTime=28.476237994885302 IterEndTime=28.4887379948853 LossValue=0.14858611447466766
IterStartTime=28.4887379948853 IterEndTime=28.5012379948853 LossValue=0.08965630933459935
IterStartTime=28.5012379948853 IterEndTime=28.5137379948853 LossValue=0.055851360802807934
IterStartTime=28.5137379948853 IterEndTime=28.5262379948853 LossValue=0.0348687767352196
IterStartTime=28.5262379948853 IterEndTime=28.5387379948853 LossValue=0.021021369215867555
IterStartTime=28.5387379948853 IterEndTime=28.551237994885298 LossValue=0.011430925187076908
IterStartTime=28.551237994885298 IterEndTime=28.563737994885297 LossValue=0.004526839775662803
IterStartTime=28.563737994885297 IterEndTime=28.576237994885297 LossValue=-6.027030342285224E-4
JobId=31 ArrivalTime=30.53140049856491 StartTime=30.53140049856491 EndTime=30.656400498564903 NumIters=10
IterStartTime=30.53140049856491 IterEndTime=30.54390049856491 LossValue=0.608668719700713
IterStartTime=30.54390049856491 IterEndTime=30.55640049856491 LossValue=0.3091474469552109
IterStartTime=30.55640049856491 IterEndTime=30.568900498564908 LossValue=0.16703484721661263
IterStartTime=30.568900498564908 IterEndTime=30.581400498564907 LossValue=0.09689684979761429
IterStartTime=30.581400498564907 IterEndTime=30.593900498564906 LossValue=0.058634773320444616
IterStartTime=30.593900498564906 IterEndTime=30.606400498564906 LossValue=0.035841264600026665
IterStartTime=30.606400498564906 IterEndTime=30.618900498564905 LossValue=0.021282364571130856
IterStartTime=30.618900498564905 IterEndTime=30.631400498564904 LossValue=0.011459559042508734
IterStartTime=30.631400498564904 IterEndTime=30.643900498564904 LossValue=0.00453685605866494
IterStartTime=30.643900498564904 IterEndTime=30.656400498564903 LossValue=-5.172044988824218E-4
JobId=32 ArrivalTime=37.52874966376214 StartTime=37.52874966376214 EndTime=37.65374966376217 NumIters=10
IterStartTime=37.52874966376214 IterEndTime=37.541249663762144 LossValue=0.385213750763321
IterStartTime=37.541249663762144 IterEndTime=37.55374966376215 LossValue=0.1710309765602178
IterStartTime=37.55374966376215 IterEndTime=37.56624966376215 LossValue=0.08957278335146238
IterStartTime=37.56624966376215 IterEndTime=37.57874966376215 LossValue=0.05173175348129803
IterStartTime=37.57874966376215 IterEndTime=37.591249663762156 LossValue=0.03140514278362544
IterStartTime=37.591249663762156 IterEndTime=37.60374966376216 LossValue=0.01931063265200498
IterStartTime=37.60374966376216 IterEndTime=37.61624966376216 LossValue=0.01155769564288114
IterStartTime=37.61624966376216 IterEndTime=37.628749663762164 LossValue=0.006300146457117385
IterStartTime=37.628749663762164 IterEndTime=37.64124966376217 LossValue=0.002574965984950134
IterStartTime=37.64124966376217 IterEndTime=37.65374966376217 LossValue=-1.586998476999172E-4
JobId=33 ArrivalTime=95.02412092381991 StartTime=95.02412092381991 EndTime=95.14912092381994 NumIters=10
IterStartTime=95.02412092381991 IterEndTime=95.03662092381991 LossValue=0.6723266806980239
IterStartTime=95.03662092381991 IterEndTime=95.04912092381991 LossValue=0.4346735335067691
IterStartTime=95.04912092381991 IterEndTime=95.06162092381992 LossValue=0.28226741901338503
IterStartTime=95.06162092381992 IterEndTime=95.07412092381992 LossValue=0.18507571342288176
IterStartTime=95.07412092381992 IterEndTime=95.08662092381992 LossValue=0.12126694108158598
IterStartTime=95.08662092381992 IterEndTime=95.09912092381992 LossValue=0.07782659402112913
IterStartTime=95.09912092381992 IterEndTime=95.11162092381993 LossValue=0.04720257853918272
IterStartTime=95.11162092381993 IterEndTime=95.12412092381993 LossValue=0.024930319903779752
IterStartTime=95.12412092381993 IterEndTime=95.13662092381993 LossValue=0.008286305554327647
IterStartTime=95.13662092381993 IterEndTime=95.14912092381994 LossValue=-0.0044475527991268
JobId=34 ArrivalTime=91.0190385999921 StartTime=91.0190385999921 EndTime=91.14403859999213 NumIters=10
IterStartTime=91.0190385999921 IterEndTime=91.0315385999921 LossValue=0.7126278409553701
IterStartTime=91.0315385999921 IterEndTime=91.0440385999921 LossValue=0.5045705100373177
IterStartTime=91.0440385999921 IterEndTime=91.05653859999211 LossValue=0.35393708370731164
IterStartTime=91.05653859999211 IterEndTime=91.06903859999211 LossValue=0.24487854187273245
IterStartTime=91.06903859999211 IterEndTime=91.08153859999211 LossValue=0.1659202001761959
IterStartTime=91.08153859999211 IterEndTime=91.09403859999212 LossValue=0.1087543916242768
IterStartTime=91.09403859999212 IterEndTime=91.10653859999212 LossValue=0.06736636855820961
IterStartTime=91.10653859999212 IterEndTime=91.11903859999212 LossValue=0.037401456022046364
IterStartTime=91.11903859999212 IterEndTime=91.13153859999213 LossValue=0.015706871048354505
IterStartTime=91.13153859999213 IterEndTime=91.14403859999213 LossValue=1.3877787807814457E-17
JobId=35 ArrivalTime=7.569319853735024 StartTime=7.569319853735024 EndTime=7.694319853735026 NumIters=10
IterStartTime=7.569319853735024 IterEndTime=7.581819853735024 LossValue=0.6024653536111251
IterStartTime=7.581819853735024 IterEndTime=7.5943198537350245 LossValue=0.33047000296460466
IterStartTime=7.5943198537350245 IterEndTime=7.606819853735025 LossValue=0.1895537812918679
IterStartTime=7.606819853735025 IterEndTime=7.619319853735025 LossValue=0.11430503822877808
IterStartTime=7.619319853735025 IterEndTime=7.631819853735025 LossValue=0.07092008942212316
IterStartTime=7.631819853735025 IterEndTime=7.644319853735025 LossValue=0.0440529220736566
IterStartTime=7.644319853735025 IterEndTime=7.656819853735025 LossValue=0.026403343965540203
IterStartTime=7.656819853735025 IterEndTime=7.669319853735026 LossValue=0.014241947111620714
IterStartTime=7.669319853735026 IterEndTime=7.681819853735026 LossValue=0.005530512269006808
IterStartTime=7.681819853735026 IterEndTime=7.694319853735026 LossValue=-9.120560452171508E-4
JobId=36 ArrivalTime=65.0695779980479 StartTime=65.0695779980479 EndTime=65.19457799804793 NumIters=10
IterStartTime=65.0695779980479 IterEndTime=65.08207799804791 LossValue=0.7280885218994299
IterStartTime=65.08207799804791 IterEndTime=65.09457799804791 LossValue=0.5263823586525385
IterStartTime=65.09457799804791 IterEndTime=65.10707799804791 LossValue=0.37675507341990255
IterStartTime=65.10707799804791 IterEndTime=65.11957799804792 LossValue=0.2657603267760683
IterStartTime=65.11957799804792 IterEndTime=65.13207799804792 LossValue=0.1834235139188782
IterStartTime=65.13207799804792 IterEndTime=65.14457799804792 LossValue=0.1223453912466955
IterStartTime=65.14457799804792 IterEndTime=65.15707799804792 LossValue=0.07703713920603578
IterStartTime=65.15707799804792 IterEndTime=65.16957799804793 LossValue=0.04342710646161281
IterStartTime=65.16957799804793 IterEndTime=65.18207799804793 LossValue=0.01849490867858096
IterStartTime=65.18207799804793 IterEndTime=65.19457799804793 LossValue=0.0
JobId=37 ArrivalTime=65.66387585515263 StartTime=65.66387585515263 EndTime=65.78887585515265 NumIters=10
IterStartTime=65.66387585515263 IterEndTime=65.67637585515263 LossValue=0.7408019958606773
IterStartTime=65.67637585515263 IterEndTime=65.68887585515263 LossValue=0.5446484795948376
IterStartTime=65.68887585515263 IterEndTime=65.70137585515263 LossValue=0.3962051994422194
IterStartTime=65.70137585515263 IterEndTime=65.71387585515264 LossValue=0.28386763934156356
IterStartTime=65.71387585515264 IterEndTime=65.72637585515264 LossValue=0.19885383880849938
IterStartTime=65.72637585515264 IterEndTime=65.73887585515264 LossValue=0.13451786538518634
IterStartTime=65.73887585515264 IterEndTime=65.75137585515265 LossValue=0.08583027054327096
IterStartTime=65.75137585515265 IterEndTime=65.76387585515265 LossValue=0.04898491381114556
IterStartTime=65.76387585515265 IterEndTime=65.77637585515265 LossValue=0.021101418700624486
IterStartTime=65.77637585515265 IterEndTime=65.78887585515265 LossValue=-1.3877787807814457E-17
JobId=38 ArrivalTime=53.61774414353807 StartTime=53.61774414353807 EndTime=53.7427441435381 NumIters=10
IterStartTime=53.61774414353807 IterEndTime=53.63024414353807 LossValue=0.6354121820845043
IterStartTime=53.63024414353807 IterEndTime=53.642744143538074 LossValue=0.3949037677992334
IterStartTime=53.642744143538074 IterEndTime=53.65524414353808 LossValue=0.25029070278537224
IterStartTime=53.65524414353808 IterEndTime=53.66774414353808 LossValue=0.16174752326448016
IterStartTime=53.66774414353808 IterEndTime=53.68024414353808 LossValue=0.10511406317221439
IterStartTime=53.68024414353808 IterEndTime=53.692744143538086 LossValue=0.06722195431228783
IterStartTime=53.692744143538086 IterEndTime=53.70524414353809 LossValue=0.04082788845369637
IterStartTime=53.70524414353809 IterEndTime=53.71774414353809 LossValue=0.02179627684775439
IterStartTime=53.71774414353809 IterEndTime=53.730244143538094 LossValue=0.0076640042672844536
IterStartTime=53.730244143538094 IterEndTime=53.7427441435381 LossValue=-0.003096249934446113
JobId=39 ArrivalTime=65.8729298097057 StartTime=65.8729298097057 EndTime=65.99792980970572 NumIters=10
IterStartTime=65.8729298097057 IterEndTime=65.8854298097057 LossValue=0.4254030093429519
IterStartTime=65.8854298097057 IterEndTime=65.8979298097057 LossValue=0.20523033027468157
IterStartTime=65.8979298097057 IterEndTime=65.9104298097057 LossValue=0.11262407927134596
IterStartTime=65.9104298097057 IterEndTime=65.9229298097057 LossValue=0.06686801189283414
IterStartTime=65.9229298097057 IterEndTime=65.93542980970571 LossValue=0.0413045090722952
IterStartTime=65.93542980970571 IterEndTime=65.94792980970571 LossValue=0.025681371753144028
IterStartTime=65.94792980970571 IterEndTime=65.96042980970572 LossValue=0.01547174008797702
IterStartTime=65.96042980970572 IterEndTime=65.97292980970572 LossValue=0.008447336006920537
IterStartTime=65.97292980970572 IterEndTime=65.98542980970572 LossValue=0.0034140150211209724
IterStartTime=65.98542980970572 IterEndTime=65.99792980970572 LossValue=-3.1289734975596326E-4