THE SEED IS: 7

OVERALL JOB STATS -
JobId=0 ArrivalTime=49.912189630728676 StartTime=49.91964289001054 EndTime=50.924530392394324 NumIters=10
IterStartTime=49.91964289001054 IterEndTime=49.95667992704758 LossValue=0.7184841912212245
IterStartTime=49.95667992704758 IterEndTime=49.99371696408462 LossValue=0.5127808594218153
IterStartTime=49.99371696408462 IterEndTime=50.03217850254616 LossValue=0.3624736319274281
IterStartTime=50.03217850254616 IterEndTime=50.0692155395832 LossValue=0.2526442847825785
IterStartTime=50.16979346265739 IterEndTime=50.26070255356648 LossValue=0.17239208603375702
IterStartTime=50.26619705906099 IterEndTime=50.366197059060994 LossValue=0.11375188128478109
IterStartTime=50.366197059060994 IterEndTime=50.466197059060995 LossValue=0.07090353984849965
IterStartTime=50.466197059060995 IterEndTime=50.591197059060995 LossValue=0.0395942978071472
IterStartTime=50.591197059060995 IterEndTime=50.75786372572766 LossValue=0.016716664639904934
IterStartTime=50.75786372572766 IterEndTime=50.924530392394324 LossValue=-1.3877787807814457E-17
JobId=1 ArrivalTime=50.65423055554401 StartTime=50.66135071921839 EndTime=53.30475017261412 NumIters=10
IterStartTime=50.66135071921839 IterEndTime=50.804207862075536 LossValue=0.46688770229840026
IterStartTime=50.804207862075536 IterEndTime=51.00420786207554 LossValue=0.20088801199128142
IterStartTime=51.01548177334944 IterEndTime=51.18214844001611 LossValue=0.10120682531514491
IterStartTime=51.4208745287422 IterEndTime=51.6708745287422 LossValue=0.05684712636744938
IterStartTime=51.688083505947446 IterEndTime=51.938083505947446 LossValue=0.03384715132094624
IterStartTime=51.938083505947446 IterEndTime=52.27141683928078 LossValue=0.02052569083970618
IterStartTime=52.27141683928078 IterEndTime=52.52141683928078 LossValue=0.012160888093859814
IterStartTime=52.52141683928078 IterEndTime=52.85475017261412 LossValue=0.00657951160804816
IterStartTime=52.85475017261412 IterEndTime=53.10475017261412 LossValue=0.0026758318911925035
IterStartTime=53.10475017261412 IterEndTime=53.30475017261412 LossValue=-1.586453185836341E-4
JobId=2 ArrivalTime=51.59429068431466 StartTime=51.620874528742206 EndTime=53.83039833826603 NumIters=10
IterStartTime=51.620874528742206 IterEndTime=51.82087452874221 LossValue=0.37499268559754856
IterStartTime=51.82087452874221 IterEndTime=52.154207862075545 LossValue=0.15646945738421694
IterStartTime=52.154207862075545 IterEndTime=52.404207862075545 LossValue=0.07903752152707602
IterStartTime=52.404207862075545 IterEndTime=52.73754119540888 LossValue=0.04467920527810906
IterStartTime=52.73754119540888 IterEndTime=52.98754119540888 LossValue=0.026758858286608938
IterStartTime=52.98754119540888 IterEndTime=53.23754119540888 LossValue=0.016308107148167546
IterStartTime=53.23754119540888 IterEndTime=53.43754119540888 LossValue=0.009705055098392167
IterStartTime=53.43754119540888 IterEndTime=53.60420786207555 LossValue=0.005275700272004162
IterStartTime=53.60420786207555 IterEndTime=53.74706500493269 LossValue=0.0021637468330605106
IterStartTime=53.74706500493269 IterEndTime=53.83039833826603 LossValue=-1.0454022894983844E-4
JobId=3 ArrivalTime=50.08332377107291 StartTime=50.09836489122882 EndTime=51.38095796382562 NumIters=9
IterStartTime=50.09836489122882 IterEndTime=50.16979346265739 LossValue=0.3518958968714912
IterStartTime=50.16979346265739 IterEndTime=50.26070255356648 LossValue=0.12381848552736284
IterStartTime=50.26070255356648 IterEndTime=50.36070255356648 LossValue=0.04355467402804867
IterStartTime=50.36070255356648 IterEndTime=50.460702553566485 LossValue=0.015308652651222427
IterStartTime=50.466197059060995 IterEndTime=50.591197059060995 LossValue=0.00536846031900379
IterStartTime=50.591197059060995 IterEndTime=50.75786372572766 LossValue=0.0018703597446495448
IterStartTime=50.75786372572766 IterEndTime=50.924530392394324 LossValue=6.393264588412525E-4
IterStartTime=50.924530392394324 IterEndTime=51.09119705906099 LossValue=2.0610765379082491E-4
IterStartTime=51.13095796382562 IterEndTime=51.38095796382562 LossValue=5.365155433930498E-5
JobId=4 ArrivalTime=48.1398193250333 StartTime=48.1398193250333 EndTime=48.202319325033315 NumIters=5
IterStartTime=48.1398193250333 IterEndTime=48.152319325033304 LossValue=0.12073605081176121
IterStartTime=48.152319325033304 IterEndTime=48.16481932503331 LossValue=0.014577193456748577
IterStartTime=48.16481932503331 IterEndTime=48.17731932503331 LossValue=0.0017599921995761162
IterStartTime=48.17731932503331 IterEndTime=48.18981932503331 LossValue=2.1249392990765228E-4
IterStartTime=48.18981932503331 IterEndTime=48.202319325033315 LossValue=2.5655099294237692E-5
JobId=5 ArrivalTime=51.019078873848095 StartTime=51.02801738588506 EndTime=53.614291297158964 NumIters=10
IterStartTime=51.02801738588506 IterEndTime=51.22801738588506 LossValue=0.8131683100954177
IterStartTime=51.23808350594744 IterEndTime=51.48808350594744 LossValue=0.6543776091920781
IterStartTime=51.48808350594744 IterEndTime=51.688083505947446 LossValue=0.519419312201609
IterStartTime=51.830957963825625 IterEndTime=52.16429129715896 LossValue=0.4047164875213721
IterStartTime=52.16429129715896 IterEndTime=52.41429129715896 LossValue=0.30722905412145096
IterStartTime=52.41429129715896 IterEndTime=52.7476246304923 LossValue=0.22437320730688207
IterStartTime=52.7476246304923 IterEndTime=52.9976246304923 LossValue=0.15395293761738518
IterStartTime=52.9976246304923 IterEndTime=53.2476246304923 LossValue=0.09410182784308371
IterStartTime=53.2476246304923 IterEndTime=53.4476246304923 LossValue=0.04323358554565662
IterStartTime=53.4476246304923 IterEndTime=53.614291297158964 LossValue=0.0
JobId=6 ArrivalTime=50.11106494974011 StartTime=50.1317155395832 EndTime=51.620874528742206 NumIters=10
IterStartTime=50.1317155395832 IterEndTime=50.21504887291653 LossValue=0.4538771285253605
IterStartTime=50.21504887291653 IterEndTime=50.30595796382563 LossValue=0.26202491806441675
IterStartTime=50.30595796382563 IterEndTime=50.40595796382563 LossValue=0.16635261093128442
IterStartTime=50.40595796382563 IterEndTime=50.50595796382563 LossValue=0.11008001398331738
IterStartTime=50.50595796382563 IterEndTime=50.648815106682775 LossValue=0.07358196323959168
IterStartTime=50.648815106682775 IterEndTime=50.79167224953992 LossValue=0.04831326423422597
IterStartTime=50.79167224953992 IterEndTime=50.991672249539924 LossValue=0.029978206575752814
IterStartTime=51.00420786207554 IterEndTime=51.1708745287422 LossValue=0.01619271060094722
IterStartTime=51.1708745287422 IterEndTime=51.4208745287422 LossValue=0.005533946397090206
IterStartTime=51.4208745287422 IterEndTime=51.620874528742206 LossValue=-0.002895934138275935
JobId=7 ArrivalTime=50.715155431340584 StartTime=50.72855969642363 EndTime=53.138083505947456 NumIters=10
IterStartTime=50.72855969642363 IterEndTime=50.895226363090295 LossValue=0.6373269917187301
IterStartTime=50.895226363090295 IterEndTime=51.06189302975696 LossValue=0.4046305314566027
IterStartTime=51.07141683928078 IterEndTime=51.27141683928078 LossValue=0.25532898052196634
IterStartTime=51.27141683928078 IterEndTime=51.52141683928078 LossValue=0.1595348584868586
IterStartTime=51.52141683928078 IterEndTime=51.77141683928078 LossValue=0.09807190810870378
IterStartTime=51.77141683928078 IterEndTime=52.02141683928078 LossValue=0.058636354142218995
IterStartTime=52.02141683928078 IterEndTime=52.35475017261412 LossValue=0.03333390922092423
IterStartTime=52.35475017261412 IterEndTime=52.60475017261412 LossValue=0.0170994797632005
IterStartTime=52.60475017261412 IterEndTime=52.93808350594745 LossValue=0.006683225498538649
IterStartTime=52.93808350594745 IterEndTime=53.138083505947456 LossValue=0.0
JobId=8 ArrivalTime=51.172664294445205 StartTime=51.18214844001611 EndTime=53.67465606125168 NumIters=10
IterStartTime=51.18214844001611 IterEndTime=51.38214844001611 LossValue=0.7638391636156174
IterStartTime=51.38214844001611 IterEndTime=51.63214844001611 LossValue=0.5785096256684592
IterStartTime=51.67801738588506 IterEndTime=51.92801738588506 LossValue=0.4330704488703091
IterStartTime=51.92801738588506 IterEndTime=52.2613507192184 LossValue=0.3189356251286418
IterStartTime=52.2613507192184 IterEndTime=52.5113507192184 LossValue=0.2293672001875351
IterStartTime=52.5113507192184 IterEndTime=52.844684052551735 LossValue=0.15907749820675493
IterStartTime=52.844684052551735 IterEndTime=53.094684052551735 LossValue=0.10391696358983517
IterStartTime=53.10798939458501 IterEndTime=53.307989394585015 LossValue=0.060629191789972045
IterStartTime=53.307989394585015 IterEndTime=53.50798939458502 LossValue=0.026658687326763783
IterStartTime=53.50798939458502 IterEndTime=53.67465606125168 LossValue=1.3877787807814457E-17
JobId=9 ArrivalTime=50.40655958362167 StartTime=50.40738246525013 EndTime=52.57141683928078 NumIters=10
IterStartTime=50.40738246525013 IterEndTime=50.518493576361244 LossValue=0.5868929869569521
IterStartTime=50.518493576361244 IterEndTime=50.66135071921839 LossValue=0.3435862601297285
IterStartTime=50.66135071921839 IterEndTime=50.828017385885055 LossValue=0.20028643357072382
IterStartTime=50.828017385885055 IterEndTime=51.02801738588506 LossValue=0.11588745060950482
IterStartTime=51.07141683928078 IterEndTime=51.23808350594744 LossValue=0.0661791676622459
IterStartTime=51.23808350594744 IterEndTime=51.48808350594744 LossValue=0.036902589830731865
IterStartTime=51.48808350594744 IterEndTime=51.73808350594744 LossValue=0.019659628322000806
IterStartTime=51.73808350594744 IterEndTime=51.98808350594744 LossValue=0.009504079292238912
IterStartTime=51.98808350594744 IterEndTime=52.23808350594744 LossValue=0.0035227879668668334
IterStartTime=52.23808350594744 IterEndTime=52.57141683928078 LossValue=1.734723475976807E-18
JobId=10 ArrivalTime=49.9145028677457 StartTime=49.91964289001054 EndTime=50.66135071921839 NumIters=10
IterStartTime=49.91964289001054 IterEndTime=49.95667992704758 LossValue=0.5655099986309255
IterStartTime=49.95667992704758 IterEndTime=49.99514146550912 LossValue=0.27570056149094563
IterStartTime=49.99514146550912 IterEndTime=50.03217850254616 LossValue=0.14659291924158546
IterStartTime=50.03217850254616 IterEndTime=50.0706400410077 LossValue=0.08447761333599926
IterStartTime=50.0706400410077 IterEndTime=50.1331400410077 LossValue=0.05097531691250754
IterStartTime=50.1331400410077 IterEndTime=50.22404913191679 LossValue=0.031129399708265795
IterStartTime=50.22404913191679 IterEndTime=50.30738246525013 LossValue=0.01849137200456593
IterStartTime=50.30738246525013 IterEndTime=50.40738246525013 LossValue=0.009979058488589578
IterStartTime=50.40738246525013 IterEndTime=50.518493576361244 LossValue=0.0039858752635686875
IterStartTime=50.518493576361244 IterEndTime=50.66135071921839 LossValue=-3.870154371573911E-4
JobId=11 ArrivalTime=51.08224790458975 StartTime=51.09119705906099 EndTime=53.57453039239433 NumIters=10
IterStartTime=51.09119705906099 IterEndTime=51.29119705906099 LossValue=0.44728105902480986
IterStartTime=51.29119705906099 IterEndTime=51.54119705906099 LossValue=0.22512146887266093
IterStartTime=51.54119705906099 IterEndTime=51.79119705906099 LossValue=0.12673585215040306
IterStartTime=51.79119705906099 IterEndTime=52.04119705906099 LossValue=0.07644356956486
IterStartTime=52.04119705906099 IterEndTime=52.37453039239433 LossValue=0.0477007412104236
IterStartTime=52.37453039239433 IterEndTime=52.62453039239433 LossValue=0.029852532858075615
IterStartTime=52.62453039239433 IterEndTime=52.95786372572766 LossValue=0.018051571444019653
IterStartTime=52.95786372572766 IterEndTime=53.157863725727665 LossValue=0.009859554050514623
IterStartTime=53.157863725727665 IterEndTime=53.407863725727665 LossValue=0.003948291001741249
IterStartTime=53.407863725727665 IterEndTime=53.57453039239433 LossValue=-4.5347056350092743E-4
JobId=12 ArrivalTime=50.96674890234299 StartTime=50.96674890234299 EndTime=53.40008223567634 NumIters=10
IterStartTime=50.96674890234299 IterEndTime=51.13341556900966 LossValue=0.6292366222405478
IterStartTime=51.13341556900966 IterEndTime=51.38341556900966 LossValue=0.3654605706803653
IterStartTime=51.38341556900966 IterEndTime=51.63341556900966 LossValue=0.21791127228578777
IterStartTime=51.63341556900966 IterEndTime=51.83341556900966 LossValue=0.13462934517718847
IterStartTime=51.83341556900966 IterEndTime=52.166748902342995 LossValue=0.0848018937964051
IterStartTime=52.166748902342995 IterEndTime=52.416748902342995 LossValue=0.053153580805072605
IterStartTime=52.416748902342995 IterEndTime=52.75008223567633 LossValue=0.03198502897765398
IterStartTime=52.75008223567633 IterEndTime=53.00008223567633 LossValue=0.017203314132621036
IterStartTime=53.00008223567633 IterEndTime=53.200082235676334 LossValue=0.0065067074556229496
IterStartTime=53.200082235676334 IterEndTime=53.40008223567634 LossValue=-0.0014673258155811567
JobId=13 ArrivalTime=50.06439463228881 StartTime=50.0692155395832 EndTime=51.52141683928078 NumIters=10
IterStartTime=50.0692155395832 IterEndTime=50.1317155395832 LossValue=0.8247741855668523
IterStartTime=50.1317155395832 IterEndTime=50.22262463049229 LossValue=0.6729123712582004
IterStartTime=50.22262463049229 IterEndTime=50.30595796382563 LossValue=0.5412992826289895
IterStartTime=50.30595796382563 IterEndTime=50.40595796382563 LossValue=0.42723502508420375
IterStartTime=50.40595796382563 IterEndTime=50.50595796382563 LossValue=0.32837969857562466
IterStartTime=50.50595796382563 IterEndTime=50.648815106682775 LossValue=0.24270539718212447
IterStartTime=50.648815106682775 IterEndTime=50.81548177334944 LossValue=0.16845460889883163
IterStartTime=50.81548177334944 IterEndTime=51.01548177334944 LossValue=0.10410416225359465
IterStartTime=51.06189302975696 IterEndTime=51.26189302975696 LossValue=0.048333980156103684
IterStartTime=51.27141683928078 IterEndTime=51.52141683928078 LossValue=0.0
JobId=14 ArrivalTime=48.402868819993174 StartTime=48.402868819993174 EndTime=48.5278688199932 NumIters=10
IterStartTime=48.402868819993174 IterEndTime=48.415368819993176 LossValue=0.6073718845598581
IterStartTime=48.415368819993176 IterEndTime=48.42786881999318 LossValue=0.3801319800191469
IterStartTime=48.42786881999318 IterEndTime=48.44036881999318 LossValue=0.2456181549075085
IterStartTime=48.44036881999318 IterEndTime=48.452868819993185 LossValue=0.1617936711791464
IterStartTime=48.452868819993185 IterEndTime=48.46536881999319 LossValue=0.10680694998139038
IterStartTime=48.46536881999319 IterEndTime=48.47786881999319 LossValue=0.06908338524459391
IterStartTime=48.47786881999319 IterEndTime=48.49036881999319 LossValue=0.04220477006220236
IterStartTime=48.49036881999319 IterEndTime=48.502868819993196 LossValue=0.02243479110081298
IterStartTime=48.502868819993196 IterEndTime=48.5153688199932 LossValue=0.007498298634088102
IterStartTime=48.5153688199932 IterEndTime=48.5278688199932 LossValue=-0.004046519380091887
JobId=15 ArrivalTime=52.024656061251676 StartTime=52.024656061251676 EndTime=53.90276604562999 NumIters=10
IterStartTime=52.024656061251676 IterEndTime=52.274656061251676 LossValue=0.5218663202623232
IterStartTime=52.274656061251676 IterEndTime=52.60798939458501 LossValue=0.27199713419518223
IterStartTime=52.60798939458501 IterEndTime=52.85798939458501 LossValue=0.141417313547305
IterStartTime=52.85798939458501 IterEndTime=53.10798939458501 LossValue=0.0731772483003237
IterStartTime=53.152369220233155 IterEndTime=53.35236922023316 LossValue=0.03751548615508705
IterStartTime=53.35236922023316 IterEndTime=53.55236922023316 LossValue=0.01887890843933386
IterStartTime=53.55236922023316 IterEndTime=53.695226363090306 LossValue=0.00913956837136978
IterStartTime=53.695226363090306 IterEndTime=53.80633747420142 LossValue=0.0040498600350977465
IterStartTime=53.80633747420142 IterEndTime=53.87776604562999 LossValue=0.0013900154493719007
IterStartTime=53.87776604562999 IterEndTime=53.90276604562999 LossValue=-4.3368086899420177E-19
JobId=16 ArrivalTime=51.71154833642677 StartTime=51.711893029756965 EndTime=53.846416839280785 NumIters=10
IterStartTime=51.711893029756965 IterEndTime=51.961893029756965 LossValue=0.5473789244364153
IterStartTime=51.961893029756965 IterEndTime=52.211893029756965 LossValue=0.3308587562494347
IterStartTime=52.211893029756965 IterEndTime=52.5452263630903 LossValue=0.21165396256576058
IterStartTime=52.5452263630903 IterEndTime=52.7952263630903 LossValue=0.1393437959900356
IterStartTime=52.7952263630903 IterEndTime=53.0452263630903 LossValue=0.09228210972092844
IterStartTime=53.0452263630903 IterEndTime=53.2952263630903 LossValue=0.05997847166376892
IterStartTime=53.2952263630903 IterEndTime=53.4952263630903 LossValue=0.036863076087814056
IterStartTime=53.4952263630903 IterEndTime=53.63808350594745 LossValue=0.01976110627443778
IterStartTime=53.63808350594745 IterEndTime=53.76308350594745 LossValue=0.006757254829718853
IterStartTime=53.76308350594745 IterEndTime=53.846416839280785 LossValue=-0.003358777527842402
JobId=17 ArrivalTime=52.04122640715252 StartTime=52.04122640715252 EndTime=53.89876608969221 NumIters=10
IterStartTime=52.04122640715252 IterEndTime=52.29122640715252 LossValue=0.7336259952950067
IterStartTime=52.29122640715252 IterEndTime=52.62455974048586 LossValue=0.5343016773725692
IterStartTime=52.62455974048586 IterEndTime=52.87455974048586 LossValue=0.38514979688315815
IterStartTime=52.87455974048586 IterEndTime=53.12455974048586 LossValue=0.2735413203791312
IterStartTime=53.12455974048586 IterEndTime=53.32455974048586 LossValue=0.19002610094859737
IterStartTime=53.32455974048586 IterEndTime=53.52455974048586 LossValue=0.1275327124981371
IterStartTime=53.52455974048586 IterEndTime=53.69122640715253 LossValue=0.08076969580908241
IterStartTime=53.69122640715253 IterEndTime=53.80233751826364 LossValue=0.045777518491088055
IterStartTime=53.80233751826364 IterEndTime=53.87376608969221 LossValue=0.01959331224973674
IterStartTime=53.87376608969221 IterEndTime=53.89876608969221 LossValue=-1.3877787807814457E-17
JobId=18 ArrivalTime=50.720078595394455 StartTime=50.72855969642363 EndTime=53.1976246304923 NumIters=10
IterStartTime=50.72855969642363 IterEndTime=50.895226363090295 LossValue=0.4322334050853701
IterStartTime=50.895226363090295 IterEndTime=51.06189302975696 LossValue=0.21612203621252385
IterStartTime=51.13095796382562 IterEndTime=51.38095796382562 LossValue=0.12160417941876507
IterStartTime=51.38095796382562 IterEndTime=51.63095796382562 LossValue=0.07340701790264001
IterStartTime=51.63095796382562 IterEndTime=51.830957963825625 LossValue=0.045854043087574736
IterStartTime=51.830957963825625 IterEndTime=52.16429129715896 LossValue=0.028726959494275332
IterStartTime=52.16429129715896 IterEndTime=52.41429129715896 LossValue=0.017389225522652943
IterStartTime=52.41429129715896 IterEndTime=52.7476246304923 LossValue=0.009509610644185085
IterStartTime=52.7476246304923 IterEndTime=52.9976246304923 LossValue=0.0038176954763175543
IterStartTime=52.9976246304923 IterEndTime=53.1976246304923 LossValue=-4.2480515837758914E-4
JobId=19 ArrivalTime=50.24508548400393 StartTime=50.26070255356648 EndTime=52.16548177334945 NumIters=10
IterStartTime=50.26070255356648 IterEndTime=50.36070255356648 LossValue=0.46317584880228
IterStartTime=50.36070255356648 IterEndTime=50.460702553566485 LossValue=0.21440021656385094
IterStartTime=50.460702553566485 IterEndTime=50.585702553566485 LossValue=0.099112342392118
IterStartTime=50.585702553566485 IterEndTime=50.75236922023315 LossValue=0.04568551030472598
IterStartTime=50.75236922023315 IterEndTime=50.91903588689981 LossValue=0.020926389647835192
IterStartTime=50.91903588689981 IterEndTime=51.08570255356648 LossValue=0.00945249101391003
IterStartTime=51.13095796382562 IterEndTime=51.38095796382562 LossValue=0.004135244424825303
IterStartTime=51.38095796382562 IterEndTime=51.63095796382562 LossValue=0.0016711202250927603
IterStartTime=51.63214844001611 IterEndTime=51.83214844001611 LossValue=5.291931073675847E-4
IterStartTime=51.83214844001611 IterEndTime=52.16548177334945 LossValue=0.0
JobId=20 ArrivalTime=51.553644506389304 StartTime=51.59429068431466 EndTime=53.82686644189043 NumIters=10
IterStartTime=51.59429068431466 IterEndTime=51.84429068431466 LossValue=0.4484337414971713
IterStartTime=51.84429068431466 IterEndTime=52.09429068431466 LossValue=0.20099237244877616
IterStartTime=52.09429068431466 IterEndTime=52.42762401764799 LossValue=0.089986250930866
IterStartTime=52.42762401764799 IterEndTime=52.67762401764799 LossValue=0.04018714473517159
IterStartTime=52.67762401764799 IterEndTime=53.01095735098133 LossValue=0.01784647609474958
IterStartTime=53.01095735098133 IterEndTime=53.21095735098133 LossValue=0.007824097915112955
IterStartTime=53.21095735098133 IterEndTime=53.410957350981334 LossValue=0.0033279001516354958
IterStartTime=53.410957350981334 IterEndTime=53.61095735098134 LossValue=0.0013108345444551596
IterStartTime=53.61095735098134 IterEndTime=53.73595735098134 LossValue=4.0594693103242023E-4
IterStartTime=53.73595735098134 IterEndTime=53.82686644189043 LossValue=1.0842021724855044E-19
JobId=21 ArrivalTime=49.093758190373556 StartTime=49.10287259238527 EndTime=49.36590678041947 NumIters=10
IterStartTime=49.10287259238527 IterEndTime=49.139909629422306 LossValue=0.4862824968178692
IterStartTime=49.139909629422306 IterEndTime=49.176946666459344 LossValue=0.1949426359368125
IterStartTime=49.176946666459344 IterEndTime=49.215408204920884 LossValue=0.09406391324743524
IterStartTime=49.215408204920884 IterEndTime=49.25244524195792 LossValue=0.05154357466427387
IterStartTime=49.25244524195792 IterEndTime=49.29090678041946 LossValue=0.03022720113456985
IterStartTime=49.29090678041946 IterEndTime=49.31590678041946 LossValue=0.018151826371776057
IterStartTime=49.31590678041946 IterEndTime=49.32840678041946 LossValue=0.010686432868177593
IterStartTime=49.32840678041946 IterEndTime=49.340906780419466 LossValue=0.0057618288268489
IterStartTime=49.340906780419466 IterEndTime=49.35340678041947 LossValue=0.0023474814258840782
IterStartTime=49.35340678041947 IterEndTime=49.36590678041947 LossValue=-1.1467385300610415E-4
JobId=22 ArrivalTime=49.97286631573024 StartTime=49.97286631573024 EndTime=51.4208745287422 NumIters=10
IterStartTime=49.97286631573024 IterEndTime=50.00990335276728 LossValue=0.5994878952485088
IterStartTime=50.00990335276728 IterEndTime=50.04836489122882 LossValue=0.3583831246255559
IterStartTime=50.0692155395832 IterEndTime=50.1317155395832 LossValue=0.2132401695750063
IterStartTime=50.1317155395832 IterEndTime=50.22262463049229 LossValue=0.1258653849683994
IterStartTime=50.22262463049229 IterEndTime=50.30595796382563 LossValue=0.07326653177299566
IterStartTime=50.30738246525013 IterEndTime=50.40738246525013 LossValue=0.04160248395956692
IterStartTime=50.63095796382563 IterEndTime=50.797624630492294 LossValue=0.022541005181571216
IterStartTime=50.797624630492294 IterEndTime=50.96429129715896 LossValue=0.011066162314201357
IterStartTime=50.96429129715896 IterEndTime=51.13095796382562 LossValue=0.004158407655479431
IterStartTime=51.1708745287422 IterEndTime=51.4208745287422 LossValue=-1.734723475976807E-18
JobId=23 ArrivalTime=51.6505246916304 StartTime=51.6505246916304 EndTime=53.84219135829708 NumIters=10
IterStartTime=51.6505246916304 IterEndTime=51.9005246916304 LossValue=0.5269198298190549
IterStartTime=51.9005246916304 IterEndTime=52.1505246916304 LossValue=0.2983359854308237
IterStartTime=52.1505246916304 IterEndTime=52.48385802496374 LossValue=0.180582428155583
IterStartTime=52.48385802496374 IterEndTime=52.73385802496374 LossValue=0.11401063776281137
IterStartTime=52.73385802496374 IterEndTime=53.06719135829707 LossValue=0.07326105844859315
IterStartTime=53.06719135829707 IterEndTime=53.267191358297076 LossValue=0.04668898615412014
IterStartTime=53.267191358297076 IterEndTime=53.46719135829708 LossValue=0.028470385606926725
IterStartTime=53.46719135829708 IterEndTime=53.63385802496374 LossValue=0.015465662388199214
IterStartTime=53.63385802496374 IterEndTime=53.75885802496374 LossValue=0.005872530101538369
IterStartTime=53.75885802496374 IterEndTime=53.84219135829708 LossValue=-0.0013993101060110688
JobId=24 ArrivalTime=50.41996389156041 StartTime=50.460702553566485 EndTime=52.92855969642363 NumIters=10
IterStartTime=50.460702553566485 IterEndTime=50.585702553566485 LossValue=0.6093300894959321
IterStartTime=50.585702553566485 IterEndTime=50.72855969642363 LossValue=0.3701541549780137
IterStartTime=50.804207862075536 IterEndTime=51.00420786207554 LossValue=0.2237258631786535
IterStartTime=51.06189302975696 IterEndTime=51.26189302975696 LossValue=0.13407953365768632
IterStartTime=51.26189302975696 IterEndTime=51.51189302975696 LossValue=0.07919625736027788
IterStartTime=51.51189302975696 IterEndTime=51.76189302975696 LossValue=0.045595617677276004
IterStartTime=51.76189302975696 IterEndTime=52.01189302975696 LossValue=0.02502463388634966
IterStartTime=52.01189302975696 IterEndTime=52.3452263630903 LossValue=0.012430666089342863
IterStartTime=52.3452263630903 IterEndTime=52.5952263630903 LossValue=0.0047203870631154134
IterStartTime=52.5952263630903 IterEndTime=52.92855969642363 LossValue=1.734723475976807E-18
JobId=25 ArrivalTime=51.2442423260651 StartTime=51.26189302975696 EndTime=53.722624630492305 NumIters=10
IterStartTime=51.26189302975696 IterEndTime=51.51189302975696 LossValue=0.7587798126373195
IterStartTime=51.51189302975696 IterEndTime=51.711893029756965 LossValue=0.5709885941873506
IterStartTime=51.830957963825625 IterEndTime=52.16429129715896 LossValue=0.4247921165521628
IterStartTime=52.16429129715896 IterEndTime=52.41429129715896 LossValue=0.31097736925272895
IterStartTime=52.41429129715896 IterEndTime=52.7476246304923 LossValue=0.22237197388090402
IterStartTime=52.7476246304923 IterEndTime=52.9976246304923 LossValue=0.15339219511513003
IterStartTime=52.9976246304923 IterEndTime=53.1976246304923 LossValue=0.09969106485542405
IterStartTime=53.1976246304923 IterEndTime=53.3976246304923 LossValue=0.05788444496233759
IterStartTime=53.3976246304923 IterEndTime=53.597624630492305 LossValue=0.025337765619976527
IterStartTime=53.597624630492305 IterEndTime=53.722624630492305 LossValue=1.3877787807814457E-17
JobId=26 ArrivalTime=50.58432644551305 StartTime=50.585702553566485 EndTime=51.07141683928078 NumIters=3
IterStartTime=50.585702553566485 IterEndTime=50.72855969642363 LossValue=0.0394392458640326
IterStartTime=50.72855969642363 IterEndTime=50.92855969642363 LossValue=0.0015554541143152122
IterStartTime=50.92855969642363 IterEndTime=51.07141683928078 LossValue=6.134593723596626E-5
JobId=27 ArrivalTime=50.046133550373895 StartTime=50.04836489122882 EndTime=51.4208745287422 NumIters=10
IterStartTime=50.04836489122882 IterEndTime=50.09836489122882 LossValue=0.5054790312909732
IterStartTime=50.09836489122882 IterEndTime=50.1752879681519 LossValue=0.25523985086160916
IterStartTime=50.1752879681519 IterEndTime=50.26619705906099 LossValue=0.12861297074076886
IterStartTime=50.30595796382563 IterEndTime=50.40595796382563 LossValue=0.06453680672190629
IterStartTime=50.40595796382563 IterEndTime=50.50595796382563 LossValue=0.03211276854411931
IterStartTime=50.50595796382563 IterEndTime=50.648815106682775 LossValue=0.01570544660385614
IterStartTime=50.648815106682775 IterEndTime=50.79167224953992 LossValue=0.007402957821448255
IterStartTime=50.79167224953992 IterEndTime=50.991672249539924 LossValue=0.003201704244967072
IterStartTime=51.00420786207554 IterEndTime=51.1708745287422 LossValue=0.001075771638915791
IterStartTime=51.1708745287422 IterEndTime=51.4208745287422 LossValue=0.0
JobId=28 ArrivalTime=50.99074222082529 StartTime=50.991672249539924 EndTime=53.45420786207554 NumIters=10
IterStartTime=50.991672249539924 IterEndTime=51.15833891620659 LossValue=0.42889530349560123
IterStartTime=51.15833891620659 IterEndTime=51.40833891620659 LossValue=0.1737779094765366
IterStartTime=51.40833891620659 IterEndTime=51.65833891620659 LossValue=0.08532846608953285
IterStartTime=51.6708745287422 IterEndTime=51.9208745287422 LossValue=0.04733108506798598
IterStartTime=51.9208745287422 IterEndTime=52.1708745287422 LossValue=0.027988454552851864
IterStartTime=52.1708745287422 IterEndTime=52.50420786207554 LossValue=0.01690640357927911
IterStartTime=52.50420786207554 IterEndTime=52.75420786207554 LossValue=0.009996659372054071
IterStartTime=52.75420786207554 IterEndTime=53.00420786207554 LossValue=0.005408655278276683
IterStartTime=53.00420786207554 IterEndTime=53.25420786207554 LossValue=0.0022111736158092546
IterStartTime=53.25420786207554 IterEndTime=53.45420786207554 LossValue=-1.0426476132953909E-4
JobId=29 ArrivalTime=51.515881940645556 StartTime=51.515881940645556 EndTime=53.79205175991572 NumIters=10
IterStartTime=51.515881940645556 IterEndTime=51.71588194064556 LossValue=0.8847306212520407
IterStartTime=51.71588194064556 IterEndTime=52.049215273978895 LossValue=0.7731526741681054
IterStartTime=52.049215273978895 IterEndTime=52.299215273978895 LossValue=0.665147942896958
IterStartTime=52.299215273978895 IterEndTime=52.63254860731223 LossValue=0.5606019973780141
IterStartTime=52.63254860731223 IterEndTime=52.88254860731223 LossValue=0.45940407210369916
IterStartTime=52.88254860731223 IterEndTime=53.13254860731223 LossValue=0.36144694876437145
IterStartTime=53.138083505947456 IterEndTime=53.33808350594746 LossValue=0.26662684265146774
IterStartTime=53.33808350594746 IterEndTime=53.53808350594746 LossValue=0.17484329269851928
IterStartTime=53.53808350594746 IterEndTime=53.68094064880461 LossValue=0.08599905504353744
IterStartTime=53.68094064880461 IterEndTime=53.79205175991572 LossValue=4.440892098500626E-16
JobId=30 ArrivalTime=49.80714289001052 StartTime=49.80714289001052 EndTime=49.95810442847208 NumIters=10
IterStartTime=49.80714289001052 IterEndTime=49.81964289001052 LossValue=0.4443964946266552
IterStartTime=49.81964289001052 IterEndTime=49.83214289001052 LossValue=0.19739516083726022
IterStartTime=49.83214289001052 IterEndTime=49.844642890010526 LossValue=0.08758725231309794
IterStartTime=49.844642890010526 IterEndTime=49.85714289001053 LossValue=0.03877060590287325
IterStartTime=49.85714289001053 IterEndTime=49.86964289001053 LossValue=0.017068480812160582
IterStartTime=49.86964289001053 IterEndTime=49.882142890010535 LossValue=0.00742049660826629
IterStartTime=49.882142890010535 IterEndTime=49.89464289001054 LossValue=0.0031313498629814956
IterStartTime=49.89464289001054 IterEndTime=49.90714289001054 LossValue=0.0012245494978688008
IterStartTime=49.90714289001054 IterEndTime=49.91964289001054 LossValue=3.7685464191849723E-4
IterStartTime=49.91964289001054 IterEndTime=49.95810442847208 LossValue=-1.6263032587282567E-19
JobId=31 ArrivalTime=48.68152660455603 StartTime=48.68152660455603 EndTime=48.80652660455606 NumIters=10
IterStartTime=48.68152660455603 IterEndTime=48.694026604556036 LossValue=0.7409985045267505
IterStartTime=48.694026604556036 IterEndTime=48.70652660455604 LossValue=0.544933156182729
IterStartTime=48.70652660455604 IterEndTime=48.71902660455604 LossValue=0.39651076676361896
IterStartTime=48.71902660455604 IterEndTime=48.731526604556045 LossValue=0.2841543209819558
IterStartTime=48.731526604556045 IterEndTime=48.74402660455605 LossValue=0.19909996389947635
IterStartTime=48.74402660455605 IterEndTime=48.75652660455605 LossValue=0.13471341617286095
IterStartTime=48.75652660455605 IterEndTime=48.76902660455605 LossValue=0.08597249718464739
IterStartTime=48.76902660455605 IterEndTime=48.781526604556056 LossValue=0.04907539262326141
IterStartTime=48.781526604556056 IterEndTime=48.79402660455606 LossValue=0.02114411120152497
IterStartTime=48.79402660455606 IterEndTime=48.80652660455606 LossValue=0.0
JobId=32 ArrivalTime=49.46411236553086 StartTime=49.46411236553086 EndTime=49.67661236553086 NumIters=10
IterStartTime=49.46411236553086 IterEndTime=49.47661236553086 LossValue=0.6089067554903339
IterStartTime=49.47661236553086 IterEndTime=49.489112365530865 LossValue=0.3231119535019818
IterStartTime=49.489112365530865 IterEndTime=49.50161236553087 LossValue=0.180220480764809
IterStartTime=49.50161236553087 IterEndTime=49.526612365530866 LossValue=0.10663944592829647
IterStartTime=49.526612365530866 IterEndTime=49.551612365530865 LossValue=0.06534000475794183
IterStartTime=49.551612365530865 IterEndTime=49.57661236553086 LossValue=0.04025537455650261
IterStartTime=49.57661236553086 IterEndTime=49.60161236553086 LossValue=0.024010964694809067
IterStartTime=49.60161236553086 IterEndTime=49.62661236553086 LossValue=0.012938898949384728
IterStartTime=49.62661236553086 IterEndTime=49.65161236553086 LossValue=0.005074858547988947
IterStartTime=49.65161236553086 IterEndTime=49.67661236553086 LossValue=-7.016523612679744E-4
JobId=33 ArrivalTime=51.0799584993166 StartTime=51.08570255356648 EndTime=53.56903588689982 NumIters=10
IterStartTime=51.08570255356648 IterEndTime=51.28570255356648 LossValue=0.5043686378600248
IterStartTime=51.28570255356648 IterEndTime=51.53570255356648 LossValue=0.26204550735322546
IterStartTime=51.53570255356648 IterEndTime=51.78570255356648 LossValue=0.14858611447466766
IterStartTime=51.78570255356648 IterEndTime=52.03570255356648 LossValue=0.08965630933459935
IterStartTime=52.03570255356648 IterEndTime=52.369035886899816 LossValue=0.055851360802807934
IterStartTime=52.369035886899816 IterEndTime=52.619035886899816 LossValue=0.0348687767352196
IterStartTime=52.619035886899816 IterEndTime=52.95236922023315 LossValue=0.021021369215867555
IterStartTime=52.95236922023315 IterEndTime=53.152369220233155 LossValue=0.011430925187076908
IterStartTime=53.152369220233155 IterEndTime=53.402369220233155 LossValue=0.004526839775662803
IterStartTime=53.402369220233155 IterEndTime=53.56903588689982 LossValue=-6.027030342285224E-4
JobId=34 ArrivalTime=51.21347344635116 StartTime=51.22801738588506 EndTime=53.6992152739789 NumIters=10
IterStartTime=51.22801738588506 IterEndTime=51.42801738588506 LossValue=0.4102626475360161
IterStartTime=51.42801738588506 IterEndTime=51.67801738588506 LossValue=0.16826836587134672
IterStartTime=51.71588194064556 IterEndTime=51.96588194064556 LossValue=0.06896783468788949
IterStartTime=51.96588194064556 IterEndTime=52.299215273978895 LossValue=0.02822060948287181
IterStartTime=52.299215273978895 IterEndTime=52.549215273978895 LossValue=0.011500292460186762
IterStartTime=52.549215273978895 IterEndTime=52.88254860731223 LossValue=0.004639236279490931
IterStartTime=52.88254860731223 IterEndTime=53.13254860731223 LossValue=0.0018238535417834244
IterStartTime=53.13254860731223 IterEndTime=53.33254860731223 LossValue=6.685824361360223E-4
IterStartTime=53.33254860731223 IterEndTime=53.532548607312236 LossValue=1.945256375102901E-4
IterStartTime=53.532548607312236 IterEndTime=53.6992152739789 LossValue=8.131516293641283E-20
JobId=35 ArrivalTime=51.36390902829484 StartTime=51.38095796382562 EndTime=52.9976246304923 NumIters=6
IterStartTime=51.38095796382562 IterEndTime=51.63095796382562 LossValue=0.19483761721480236
IterStartTime=51.63095796382562 IterEndTime=51.830957963825625 LossValue=0.037961645973050004
IterStartTime=51.830957963825625 IterEndTime=52.16429129715896 LossValue=0.007396295580111162
IterStartTime=52.16429129715896 IterEndTime=52.41429129715896 LossValue=0.0014410136000338962
IterStartTime=52.41429129715896 IterEndTime=52.7476246304923 LossValue=2.807002711729211E-4
IterStartTime=52.7476246304923 IterEndTime=52.9976246304923 LossValue=5.462751330244177E-5
JobId=36 ArrivalTime=49.00287259238526 StartTime=49.00287259238526 EndTime=49.253869743382424 NumIters=10
IterStartTime=49.00287259238526 IterEndTime=49.01537259238526 LossValue=0.6926096658852349
IterStartTime=49.01537259238526 IterEndTime=49.027872592385265 LossValue=0.476982190204945
IterStartTime=49.027872592385265 IterEndTime=49.04037259238527 LossValue=0.3257243167192585
IterStartTime=49.04037259238527 IterEndTime=49.05287259238527 LossValue=0.2196202860560491
IterStartTime=49.05287259238527 IterEndTime=49.07787259238527 LossValue=0.14519067083311243
IterStartTime=49.07787259238527 IterEndTime=49.10287259238527 LossValue=0.09297995284617293
IterStartTime=49.10287259238527 IterEndTime=49.14133413084681 LossValue=0.05635529659144488
IterStartTime=49.14133413084681 IterEndTime=49.178371167883846 LossValue=0.030663915635670013
IterStartTime=49.178371167883846 IterEndTime=49.216832706345386 LossValue=0.012641983884992002
IterStartTime=49.216832706345386 IterEndTime=49.253869743382424 LossValue=0.0
JobId=37 ArrivalTime=49.49429467389234 StartTime=49.50161236553087 EndTime=49.714112365530866 NumIters=10
IterStartTime=49.50161236553087 IterEndTime=49.526612365530866 LossValue=0.5082614787778297
IterStartTime=49.526612365530866 IterEndTime=49.551612365530865 LossValue=0.21004957802778507
IterStartTime=49.551612365530865 IterEndTime=49.57661236553086 LossValue=0.10252471277094939
IterStartTime=49.57661236553086 IterEndTime=49.60161236553086 LossValue=0.0564654627381424
IterStartTime=49.60161236553086 IterEndTime=49.62661236553086 LossValue=0.033198349855211154
IterStartTime=49.62661236553086 IterEndTime=49.65161236553086 LossValue=0.019962687959533328
IterStartTime=49.65161236553086 IterEndTime=49.67661236553086 LossValue=0.011759047734823058
IterStartTime=49.67661236553086 IterEndTime=49.68911236553086 LossValue=0.006338334692464639
IterStartTime=49.68911236553086 IterEndTime=49.70161236553086 LossValue=0.0025756018086830045
IterStartTime=49.70161236553086 IterEndTime=49.714112365530866 LossValue=-1.401102672358573E-4
JobId=38 ArrivalTime=49.052524458274235 StartTime=49.05287259238527 EndTime=49.30386974338242 NumIters=8
IterStartTime=49.05287259238527 IterEndTime=49.07787259238527 LossValue=0.30116039583645693
IterStartTime=49.07787259238527 IterEndTime=49.10287259238527 LossValue=0.09069458626997003
IterStartTime=49.10287259238527 IterEndTime=49.139909629422306 LossValue=0.027309716934329754
IterStartTime=49.139909629422306 IterEndTime=49.178371167883846 LossValue=0.008220432698701916
IterStartTime=49.178371167883846 IterEndTime=49.215408204920884 LossValue=0.0024714144164524475
IterStartTime=49.215408204920884 IterEndTime=49.253869743382424 LossValue=7.400131338442433E-4
IterStartTime=49.253869743382424 IterEndTime=49.27886974338242 LossValue=2.1857621118335726E-4
IterStartTime=49.27886974338242 IterEndTime=49.30386974338242 LossValue=6.153782438924181E-5
JobId=39 ArrivalTime=50.493237311174255 StartTime=50.50595796382563 EndTime=52.741672249539924 NumIters=10
IterStartTime=50.50595796382563 IterEndTime=50.63095796382563 LossValue=0.7126278409553701
IterStartTime=50.63095796382563 IterEndTime=50.797624630492294 LossValue=0.5045705100373177
IterStartTime=50.797624630492294 IterEndTime=50.96429129715896 LossValue=0.35393708370731164
IterStartTime=50.96429129715896 IterEndTime=51.13095796382562 LossValue=0.24487854187273245
IterStartTime=51.13341556900966 IterEndTime=51.38341556900966 LossValue=0.1659202001761959
IterStartTime=51.38341556900966 IterEndTime=51.63341556900966 LossValue=0.1087543916242768
IterStartTime=51.65833891620659 IterEndTime=51.90833891620659 LossValue=0.06736636855820961
IterStartTime=51.90833891620659 IterEndTime=52.15833891620659 LossValue=0.037401456022046364
IterStartTime=52.15833891620659 IterEndTime=52.491672249539924 LossValue=0.015706871048354505
IterStartTime=52.491672249539924 IterEndTime=52.741672249539924 LossValue=1.3877787807814457E-17