THE SEED IS: 7

OVERALL JOB STATS -
JobId=0 ArrivalTime=54.72228669512229 StartTime=54.72228669512229 EndTime=56.72228669512232 NumIters=10
IterStartTime=54.72228669512229 IterEndTime=54.922286695122295 LossValue=0.392837895627038
IterStartTime=54.922286695122295 IterEndTime=55.1222866951223 LossValue=0.17246847777929983
IterStartTime=55.1222866951223 IterEndTime=55.3222866951223 LossValue=0.08950794273571704
IterStartTime=55.3222866951223 IterEndTime=55.522286695122304 LossValue=0.05138053991887859
IterStartTime=55.522286695122304 IterEndTime=55.72228669512231 LossValue=0.03106338908881701
IterStartTime=55.72228669512231 IterEndTime=55.92228669512231 LossValue=0.019045627040073457
IterStartTime=55.92228669512231 IterEndTime=56.12228669512231 LossValue=0.011376169804105305
IterStartTime=56.12228669512231 IterEndTime=56.322286695122315 LossValue=0.006193231297990293
IterStartTime=56.322286695122315 IterEndTime=56.52228669512232 LossValue=0.0025310490102980806
IterStartTime=56.52228669512232 IterEndTime=56.72228669512232 LossValue=-1.5034667010496022E-4
JobId=1 ArrivalTime=49.72436122993727 StartTime=49.72436122993727 EndTime=51.7243612299373 NumIters=10
IterStartTime=49.72436122993727 IterEndTime=49.924361229937276 LossValue=0.4710629956029706
IterStartTime=49.924361229937276 IterEndTime=50.12436122993728 LossValue=0.2702272756341906
IterStartTime=50.12436122993728 IterEndTime=50.32436122993728 LossValue=0.16925647705483726
IterStartTime=50.32436122993728 IterEndTime=50.524361229937284 LossValue=0.11049908424564513
IterStartTime=50.524361229937284 IterEndTime=50.72436122993729 LossValue=0.07302262738760695
IterStartTime=50.72436122993729 IterEndTime=50.92436122993729 LossValue=0.047549322895179325
IterStartTime=50.92436122993729 IterEndTime=51.12436122993729 LossValue=0.029400554294807174
IterStartTime=51.12436122993729 IterEndTime=51.324361229937296 LossValue=0.015991222676935493
IterStartTime=51.324361229937296 IterEndTime=51.5243612299373 LossValue=0.005791592877238579
IterStartTime=51.5243612299373 IterEndTime=51.7243612299373 LossValue=-0.0021533951903324744
JobId=2 ArrivalTime=42.93755428204701 StartTime=42.93755428204701 EndTime=43.52578957616469 NumIters=10
IterStartTime=42.93755428204701 IterEndTime=42.99637781145878 LossValue=0.5868929869569521
IterStartTime=42.99637781145878 IterEndTime=43.055201340870546 LossValue=0.3435862601297285
IterStartTime=43.055201340870546 IterEndTime=43.114024870282314 LossValue=0.20028643357072382
IterStartTime=43.114024870282314 IterEndTime=43.17284839969408 LossValue=0.11588745060950482
IterStartTime=43.17284839969408 IterEndTime=43.23167192910585 LossValue=0.0661791676622459
IterStartTime=43.23167192910585 IterEndTime=43.29049545851762 LossValue=0.036902589830731865
IterStartTime=43.29049545851762 IterEndTime=43.34931898792939 LossValue=0.019659628322000806
IterStartTime=43.34931898792939 IterEndTime=43.408142517341155 LossValue=0.009504079292238912
IterStartTime=43.408142517341155 IterEndTime=43.46696604675292 LossValue=0.0035227879668668334
IterStartTime=43.46696604675292 IterEndTime=43.52578957616469 LossValue=1.734723475976807E-18
JobId=3 ArrivalTime=32.72246024791764 StartTime=32.72246024791764 EndTime=34.12246024791766 NumIters=7
IterStartTime=32.72246024791764 IterEndTime=32.92246024791764 LossValue=0.21994770828479096
IterStartTime=32.92246024791764 IterEndTime=33.122460247917644 LossValue=0.04837683314970401
IterStartTime=33.122460247917644 IterEndTime=33.32246024791765 LossValue=0.01064017689311723
IterStartTime=33.32246024791765 IterEndTime=33.52246024791765 LossValue=0.0023400780313112567
IterStartTime=33.52246024791765 IterEndTime=33.72246024791765 LossValue=5.144885925615515E-4
IterStartTime=33.72246024791765 IterEndTime=33.922460247917655 LossValue=1.1295400190616972E-4
IterStartTime=33.922460247917655 IterEndTime=34.12246024791766 LossValue=2.463730590073763E-5
JobId=4 ArrivalTime=41.78141878470583 StartTime=41.78141878470583 EndTime=43.781418784705856 NumIters=10
IterStartTime=41.78141878470583 IterEndTime=41.98141878470583 LossValue=0.5218663202623232
IterStartTime=41.98141878470583 IterEndTime=42.18141878470583 LossValue=0.27199713419518223
IterStartTime=42.18141878470583 IterEndTime=42.381418784705836 LossValue=0.141417313547305
IterStartTime=42.381418784705836 IterEndTime=42.58141878470584 LossValue=0.0731772483003237
IterStartTime=42.58141878470584 IterEndTime=42.78141878470584 LossValue=0.03751548615508705
IterStartTime=42.78141878470584 IterEndTime=42.981418784705845 LossValue=0.01887890843933386
IterStartTime=42.981418784705845 IterEndTime=43.18141878470585 LossValue=0.00913956837136978
IterStartTime=43.18141878470585 IterEndTime=43.38141878470585 LossValue=0.0040498600350977465
IterStartTime=43.38141878470585 IterEndTime=43.58141878470585 LossValue=0.0013900154493719007
IterStartTime=43.58141878470585 IterEndTime=43.781418784705856 LossValue=-4.3368086899420177E-19
JobId=5 ArrivalTime=8.133873060755226 StartTime=8.133873060755226 EndTime=10.133873060755219 NumIters=10
IterStartTime=8.133873060755226 IterEndTime=8.333873060755225 LossValue=0.4258700943704748
IterStartTime=8.333873060755225 IterEndTime=8.533873060755225 LossValue=0.1789268018214971
IterStartTime=8.533873060755225 IterEndTime=8.733873060755224 LossValue=0.08972501480175737
IterStartTime=8.733873060755224 IterEndTime=8.933873060755223 LossValue=0.050372939461756625
IterStartTime=8.933873060755223 IterEndTime=9.133873060755223 LossValue=0.030008812063084894
IterStartTime=9.133873060755223 IterEndTime=9.333873060755222 LossValue=0.018213939603400654
IterStartTime=9.333873060755222 IterEndTime=9.533873060755221 LossValue=0.010803239097880196
IterStartTime=9.533873060755221 IterEndTime=9.73387306075522 LossValue=0.005854703593044911
IterStartTime=9.73387306075522 IterEndTime=9.93387306075522 LossValue=0.0023909698999202943
IterStartTime=9.93387306075522 IterEndTime=10.133873060755219 LossValue=-1.2588420995798127E-4
JobId=6 ArrivalTime=16.88825686173161 StartTime=16.88825686173161 EndTime=18.088256861731605 NumIters=6
IterStartTime=16.88825686173161 IterEndTime=17.088256861731608 LossValue=0.196689129901166
IterStartTime=17.088256861731608 IterEndTime=17.288256861731607 LossValue=0.03868655790060136
IterStartTime=17.288256861731607 IterEndTime=17.488256861731607 LossValue=0.0076091584926708915
IterStartTime=17.488256861731607 IterEndTime=17.688256861731606 LossValue=0.0014965696801508897
IterStartTime=17.688256861731606 IterEndTime=17.888256861731605 LossValue=2.9428947965862975E-4
IterStartTime=17.888256861731605 IterEndTime=18.088256861731605 LossValue=5.781394943238051E-5
JobId=7 ArrivalTime=36.912889739307644 StartTime=36.912889739307644 EndTime=37.62717545359334 NumIters=10
IterStartTime=36.912889739307644 IterEndTime=36.984318310736214 LossValue=0.5054790312909732
IterStartTime=36.984318310736214 IterEndTime=37.05574688216478 LossValue=0.25523985086160916
IterStartTime=37.05574688216478 IterEndTime=37.12717545359335 LossValue=0.12861297074076886
IterStartTime=37.12717545359335 IterEndTime=37.19860402502192 LossValue=0.06453680672190629
IterStartTime=37.19860402502192 IterEndTime=37.27003259645049 LossValue=0.03211276854411931
IterStartTime=37.27003259645049 IterEndTime=37.34146116787906 LossValue=0.01570544660385614
IterStartTime=37.34146116787906 IterEndTime=37.41288973930763 LossValue=0.007402957821448255
IterStartTime=37.41288973930763 IterEndTime=37.4843183107362 LossValue=0.003201704244967072
IterStartTime=37.4843183107362 IterEndTime=37.55574688216477 LossValue=0.001075771638915791
IterStartTime=37.55574688216477 IterEndTime=37.62717545359334 LossValue=0.0
JobId=8 ArrivalTime=33.174093660650996 StartTime=33.174093660650996 EndTime=34.28520477176214 NumIters=10
IterStartTime=33.174093660650996 IterEndTime=33.28520477176211 LossValue=0.46662785690564373
IterStartTime=33.28520477176211 IterEndTime=33.396315882873225 LossValue=0.20014821139673192
IterStartTime=33.396315882873225 IterEndTime=33.50742699398434 LossValue=0.1006555656919268
IterStartTime=33.50742699398434 IterEndTime=33.61853810509545 LossValue=0.05648109296389834
IterStartTime=33.61853810509545 IterEndTime=33.72964921620657 LossValue=0.033608903433353154
IterStartTime=33.72964921620657 IterEndTime=33.84076032731768 LossValue=0.020373417389612396
IterStartTime=33.84076032731768 IterEndTime=33.951871438428796 LossValue=0.012067816186484868
IterStartTime=33.951871438428796 IterEndTime=34.06298254953991 LossValue=0.0065284856478047305
IterStartTime=34.06298254953991 IterEndTime=34.174093660651025 LossValue=0.002655566347190828
IterStartTime=34.174093660651025 IterEndTime=34.28520477176214 LossValue=-1.5580486693915485E-4
JobId=9 ArrivalTime=97.51227433838558 StartTime=97.51227433838558 EndTime=97.73954706565824 NumIters=10
IterStartTime=97.51227433838558 IterEndTime=97.53500161111285 LossValue=0.49991098241055265
IterStartTime=97.53500161111285 IterEndTime=97.55772888384011 LossValue=0.28013203194782366
IterStartTime=97.55772888384011 IterEndTime=97.58045615656738 LossValue=0.1696618213020961
IterStartTime=97.58045615656738 IterEndTime=97.60318342929465 LossValue=0.10746427358981747
IterStartTime=97.60318342929465 IterEndTime=97.62591070202191 LossValue=0.06930593863595008
IterStartTime=97.62591070202191 IterEndTime=97.64863797474918 LossValue=0.04431903496294059
IterStartTime=97.64863797474918 IterEndTime=97.67136524747644 LossValue=0.027108612329100758
IterStartTime=97.67136524747644 IterEndTime=97.69409252020371 LossValue=0.014769112091657155
IterStartTime=97.69409252020371 IterEndTime=97.71681979293098 LossValue=0.005629496673804163
IterStartTime=97.71681979293098 IterEndTime=97.73954706565824 LossValue=-0.001324205144485606
JobId=10 ArrivalTime=76.0052118285621 StartTime=76.0052118285621 EndTime=78.00521182856212 NumIters=10
IterStartTime=76.0052118285621 IterEndTime=76.2052118285621 LossValue=0.6024653536111251
IterStartTime=76.2052118285621 IterEndTime=76.4052118285621 LossValue=0.33047000296460466
IterStartTime=76.4052118285621 IterEndTime=76.6052118285621 LossValue=0.1895537812918679
IterStartTime=76.6052118285621 IterEndTime=76.80521182856211 LossValue=0.11430503822877808
IterStartTime=76.80521182856211 IterEndTime=77.00521182856211 LossValue=0.07092008942212316
IterStartTime=77.00521182856211 IterEndTime=77.20521182856211 LossValue=0.0440529220736566
IterStartTime=77.20521182856211 IterEndTime=77.40521182856212 LossValue=0.026403343965540203
IterStartTime=77.40521182856212 IterEndTime=77.60521182856212 LossValue=0.014241947111620714
IterStartTime=77.60521182856212 IterEndTime=77.80521182856212 LossValue=0.005530512269006808
IterStartTime=77.80521182856212 IterEndTime=78.00521182856212 LossValue=-9.120560452171508E-4
JobId=11 ArrivalTime=13.926455291496886 StartTime=13.926455291496886 EndTime=15.35502672006831 NumIters=10
IterStartTime=13.926455291496886 IterEndTime=14.069312434354028 LossValue=0.4254030093429519
IterStartTime=14.069312434354028 IterEndTime=14.21216957721117 LossValue=0.20523033027468157
IterStartTime=14.21216957721117 IterEndTime=14.355026720068313 LossValue=0.11262407927134596
IterStartTime=14.355026720068313 IterEndTime=14.497883862925455 LossValue=0.06686801189283414
IterStartTime=14.497883862925455 IterEndTime=14.640741005782598 LossValue=0.0413045090722952
IterStartTime=14.640741005782598 IterEndTime=14.78359814863974 LossValue=0.025681371753144028
IterStartTime=14.78359814863974 IterEndTime=14.926455291496882 LossValue=0.01547174008797702
IterStartTime=14.926455291496882 IterEndTime=15.069312434354025 LossValue=0.008447336006920537
IterStartTime=15.069312434354025 IterEndTime=15.212169577211167 LossValue=0.0034140150211209724
IterStartTime=15.212169577211167 IterEndTime=15.35502672006831 LossValue=-3.1289734975596326E-4
JobId=12 ArrivalTime=51.131842353227064 StartTime=51.131842353227064 EndTime=52.040933262318 NumIters=10
IterStartTime=51.131842353227064 IterEndTime=51.22275144413616 LossValue=0.6571310739532741
IterStartTime=51.22275144413616 IterEndTime=51.31366053504525 LossValue=0.4298996680533232
IterStartTime=51.31366053504525 IterEndTime=51.404569625954345 LossValue=0.2793053507945129
IterStartTime=51.404569625954345 IterEndTime=51.49547871686344 LossValue=0.17950115207106476
IterStartTime=51.49547871686344 IterEndTime=51.58638780777253 LossValue=0.11335736747054204
IterStartTime=51.58638780777253 IterEndTime=51.677296898681625 LossValue=0.06952153393609095
IterStartTime=51.677296898681625 IterEndTime=51.76820598959072 LossValue=0.040469971294709806
IterStartTime=51.76820598959072 IterEndTime=51.85911508049981 LossValue=0.02121646967615869
IterStartTime=51.85911508049981 IterEndTime=51.950024171408906 LossValue=0.008456490836069433
IterStartTime=51.950024171408906 IterEndTime=52.040933262318 LossValue=3.469446951953614E-18
JobId=13 ArrivalTime=60.92143012369392 StartTime=60.92143012369392 EndTime=61.04643012369395 NumIters=10
IterStartTime=60.92143012369392 IterEndTime=60.933930123693926 LossValue=0.5159869027090982
IterStartTime=60.933930123693926 IterEndTime=60.94643012369393 LossValue=0.23323622879561823
IterStartTime=60.94643012369393 IterEndTime=60.95893012369393 LossValue=0.11964079959340643
IterStartTime=60.95893012369393 IterEndTime=60.971430123693935 LossValue=0.06771346016309134
IterStartTime=60.971430123693935 IterEndTime=60.98393012369394 LossValue=0.04045990778235317
IterStartTime=60.98393012369394 IterEndTime=60.99643012369394 LossValue=0.024574347753208867
IterStartTime=60.99643012369394 IterEndTime=61.00893012369394 LossValue=0.014563003706243466
IterStartTime=61.00893012369394 IterEndTime=61.021430123693946 LossValue=0.007867859382224866
IterStartTime=61.021430123693946 IterEndTime=61.03393012369395 LossValue=0.0031782696571330243
IterStartTime=61.03393012369395 IterEndTime=61.04643012369395 LossValue=-2.3029459456096364E-4
JobId=14 ArrivalTime=2.562886453521651 StartTime=2.562886453521651 EndTime=3.089202242995337 NumIters=10
IterStartTime=2.562886453521651 IterEndTime=2.6155180324690197 LossValue=0.515965233560233
IterStartTime=2.6155180324690197 IterEndTime=2.6681496114163883 LossValue=0.24908643879723932
IterStartTime=2.6681496114163883 IterEndTime=2.720781190363757 LossValue=0.1333507984410693
IterStartTime=2.720781190363757 IterEndTime=2.7734127693111255 LossValue=0.07743154116738643
IterStartTime=2.7734127693111255 IterEndTime=2.826044348258494 LossValue=0.04701261076104942
IterStartTime=2.826044348258494 IterEndTime=2.8786759272058626 LossValue=0.028848809427114826
IterStartTime=2.8786759272058626 IterEndTime=2.931307506153231 LossValue=0.017204000307206598
IterStartTime=2.931307506153231 IterEndTime=2.9839390851006 LossValue=0.009317044248857556
IterStartTime=2.9839390851006 IterEndTime=3.0365706640479684 LossValue=0.003738593521252092
IterStartTime=3.0365706640479684 IterEndTime=3.089202242995337 LossValue=-3.473380155917215E-4
JobId=15 ArrivalTime=47.560447913317375 StartTime=47.560447913317375 EndTime=48.67155902442852 NumIters=10
IterStartTime=47.560447913317375 IterEndTime=47.67155902442849 LossValue=0.4133411589506619
IterStartTime=47.67155902442849 IterEndTime=47.782670135539604 LossValue=0.17080070754002255
IterStartTime=47.782670135539604 IterEndTime=47.89378124665072 LossValue=0.07052799969970988
IterStartTime=47.89378124665072 IterEndTime=48.00489235776183 LossValue=0.029072581112212163
IterStartTime=48.00489235776183 IterEndTime=48.11600346887295 LossValue=0.011933802602296019
IterStartTime=48.11600346887295 IterEndTime=48.22711457998406 LossValue=0.004848173296877554
IterStartTime=48.22711457998406 IterEndTime=48.338225691095175 LossValue=0.00191878468118614
IterStartTime=48.338225691095175 IterEndTime=48.44933680220629 LossValue=7.076970992856556E-4
IterStartTime=48.44933680220629 IterEndTime=48.560447913317404 LossValue=2.0700110996660996E-4
IterStartTime=48.560447913317404 IterEndTime=48.67155902442852 LossValue=-8.131516293641283E-20
JobId=16 ArrivalTime=89.89492432039224 StartTime=89.89492432039224 EndTime=90.69492432039225 NumIters=4
IterStartTime=89.89492432039224 IterEndTime=90.09492432039224 LossValue=0.06850716824180357
IterStartTime=90.09492432039224 IterEndTime=90.29492432039224 LossValue=0.004693232098535086
IterStartTime=90.29492432039224 IterEndTime=90.49492432039224 LossValue=3.2152003886113523E-4
IterStartTime=90.49492432039224 IterEndTime=90.69492432039225 LossValue=2.2026425275057783E-5
JobId=17 ArrivalTime=86.73053479200495 StartTime=86.73053479200495 EndTime=88.73053479200497 NumIters=10
IterStartTime=86.73053479200495 IterEndTime=86.93053479200495 LossValue=0.4311547173351327
IterStartTime=86.93053479200495 IterEndTime=87.13053479200495 LossValue=0.20755464380889468
IterStartTime=87.13053479200495 IterEndTime=87.33053479200495 LossValue=0.1135346982508984
IterStartTime=87.33053479200495 IterEndTime=87.53053479200496 LossValue=0.06723727237008717
IterStartTime=87.53053479200496 IterEndTime=87.73053479200496 LossValue=0.0414541967667518
IterStartTime=87.73053479200496 IterEndTime=87.93053479200496 LossValue=0.025738446326290344
IterStartTime=87.93053479200496 IterEndTime=88.13053479200497 LossValue=0.015490177162005157
IterStartTime=88.13053479200497 IterEndTime=88.33053479200497 LossValue=0.008451399573965863
IterStartTime=88.33053479200497 IterEndTime=88.53053479200497 LossValue=0.0034149667848515468
IterStartTime=88.53053479200497 IterEndTime=88.73053479200497 LossValue=-3.098164372581612E-4
JobId=18 ArrivalTime=96.30329830655073 StartTime=96.30329830655073 EndTime=98.30329830655076 NumIters=10
IterStartTime=96.30329830655073 IterEndTime=96.50329830655073 LossValue=0.43615299173814825
IterStartTime=96.50329830655073 IterEndTime=96.70329830655074 LossValue=0.22640911603339986
IterStartTime=96.70329830655074 IterEndTime=96.90329830655074 LossValue=0.13113303199724158
IterStartTime=96.90329830655074 IterEndTime=97.10329830655074 LossValue=0.08079052695268506
IterStartTime=97.10329830655074 IterEndTime=97.30329830655074 LossValue=0.05119455304623417
IterStartTime=97.30329830655074 IterEndTime=97.50329830655075 LossValue=0.03239343327441641
IterStartTime=97.50329830655075 IterEndTime=97.70329830655075 LossValue=0.019732636423691385
IterStartTime=97.70329830655075 IterEndTime=97.90329830655075 LossValue=0.010811711953913311
IterStartTime=97.90329830655075 IterEndTime=98.10329830655076 LossValue=0.0042947332928140285
IterStartTime=98.10329830655076 IterEndTime=98.30329830655076 LossValue=-6.083569662705297E-4
JobId=19 ArrivalTime=89.11809310007158 StartTime=89.11809310007158 EndTime=91.1180931000716 NumIters=10
IterStartTime=89.11809310007158 IterEndTime=89.31809310007158 LossValue=0.3855299174673809
IterStartTime=89.31809310007158 IterEndTime=89.51809310007158 LossValue=0.14860589615363107
IterStartTime=89.51809310007158 IterEndTime=89.71809310007158 LossValue=0.057254024889014384
IterStartTime=89.71809310007158 IterEndTime=89.91809310007159 LossValue=0.022031068865927556
IterStartTime=89.91809310007159 IterEndTime=90.11809310007159 LossValue=0.008449993691117732
IterStartTime=90.11809310007159 IterEndTime=90.3180931000716 LossValue=0.003213476835946883
IterStartTime=90.3180931000716 IterEndTime=90.5180931000716 LossValue=0.0011944092421418613
IterStartTime=90.5180931000716 IterEndTime=90.7180931000716 LossValue=4.159081771967364E-4
IterStartTime=90.7180931000716 IterEndTime=90.9180931000716 LossValue=1.157379847870116E-4
IterStartTime=90.9180931000716 IterEndTime=91.1180931000716 LossValue=-1.3552527156068805E-20
JobId=20 ArrivalTime=44.60138765902889 StartTime=44.60138765902889 EndTime=44.94621524523579 NumIters=10
IterStartTime=44.60138765902889 IterEndTime=44.63587041764958 LossValue=0.47876966867275184
IterStartTime=44.63587041764958 IterEndTime=44.67035317627027 LossValue=0.2290472795765209
IterStartTime=44.67035317627027 IterEndTime=44.70483593489096 LossValue=0.10940483387092638
IterStartTime=44.70483593489096 IterEndTime=44.73931869351165 LossValue=0.05208392297374572
IterStartTime=44.73931869351165 IterEndTime=44.77380145213234 LossValue=0.024621371479540646
IterStartTime=44.77380145213234 IterEndTime=44.80828421075303 LossValue=0.011464013671241037
IterStartTime=44.80828421075303 IterEndTime=44.84276696937372 LossValue=0.005160299883680105
IterStartTime=44.84276696937372 IterEndTime=44.87724972799441 LossValue=0.0021401792717423533
IterStartTime=44.87724972799441 IterEndTime=44.9117324866151 LossValue=6.932340553129657E-4
IterStartTime=44.9117324866151 IterEndTime=44.94621524523579 LossValue=-3.2526065174565133E-19
JobId=21 ArrivalTime=12.854949976747099 StartTime=12.854949976747099 EndTime=14.104949976747099 NumIters=10
IterStartTime=12.854949976747099 IterEndTime=12.979949976747099 LossValue=0.4753434704397104
IterStartTime=12.979949976747099 IterEndTime=13.104949976747099 LossValue=0.20587053538079864
IterStartTime=13.104949976747099 IterEndTime=13.229949976747099 LossValue=0.10391561288366266
IterStartTime=13.229949976747099 IterEndTime=13.354949976747099 LossValue=0.058405691640788134
IterStartTime=13.354949976747099 IterEndTime=13.479949976747099 LossValue=0.03478231537396383
IterStartTime=13.479949976747099 IterEndTime=13.604949976747099 LossValue=0.02109322671895844
IterStartTime=13.604949976747099 IterEndTime=13.729949976747099 LossValue=0.012495800278409634
IterStartTime=13.729949976747099 IterEndTime=13.854949976747099 LossValue=0.0067587240002702186
IterStartTime=13.854949976747099 IterEndTime=13.979949976747099 LossValue=0.0027460484185327094
IterStartTime=13.979949976747099 IterEndTime=14.104949976747099 LossValue=-1.6755419257814298E-4
JobId=22 ArrivalTime=75.85710533184417 StartTime=75.85710533184417 EndTime=76.5237719985108 NumIters=10
IterStartTime=75.85710533184417 IterEndTime=75.92377199851083 LossValue=0.48457429765205895
IterStartTime=75.92377199851083 IterEndTime=75.99043866517749 LossValue=0.2437799947677491
IterStartTime=75.99043866517749 IterEndTime=76.05710533184416 LossValue=0.13565477190385483
IterStartTime=76.05710533184416 IterEndTime=76.12377199851082 LossValue=0.08094276416959108
IterStartTime=76.12377199851082 IterEndTime=76.19043866517748 LossValue=0.05007567736366984
IterStartTime=76.19043866517748 IterEndTime=76.25710533184414 LossValue=0.031131017633993206
IterStartTime=76.25710533184414 IterEndTime=76.32377199851081 LossValue=0.018728331097414844
IterStartTime=76.32377199851081 IterEndTime=76.39043866517747 LossValue=0.010189481360702805
IterStartTime=76.39043866517747 IterEndTime=76.45710533184413 LossValue=0.004070524422444467
IterStartTime=76.45710533184413 IterEndTime=76.5237719985108 LossValue=-4.5925104745384374E-4
JobId=23 ArrivalTime=31.961771356551317 StartTime=31.961771356551317 EndTime=33.07288246766246 NumIters=10
IterStartTime=31.961771356551317 IterEndTime=32.07288246766243 LossValue=0.6196254205555395
IterStartTime=32.07288246766243 IterEndTime=32.183993578773546 LossValue=0.2947656612557838
IterStartTime=32.183993578773546 IterEndTime=32.29510468988466 LossValue=0.1520691708434968
IterStartTime=32.29510468988466 IterEndTime=32.406215800995774 LossValue=0.08579706175298163
IterStartTime=32.406215800995774 IterEndTime=32.51732691210689 LossValue=0.05103618458875009
IterStartTime=32.51732691210689 IterEndTime=32.628438023218 LossValue=0.030861793726701288
IterStartTime=32.628438023218 IterEndTime=32.73954913432912 LossValue=0.01820858712949395
IterStartTime=32.73954913432912 IterEndTime=32.85066024544023 LossValue=0.009784525081210024
IterStartTime=32.85066024544023 IterEndTime=32.961771356551345 LossValue=0.003907290149992623
IterStartTime=32.961771356551345 IterEndTime=33.07288246766246 LossValue=-3.497398175920305E-4
JobId=24 ArrivalTime=71.7606771562658 StartTime=71.7606771562658 EndTime=72.04639144198005 NumIters=10
IterStartTime=71.7606771562658 IterEndTime=71.78924858483722 LossValue=0.5940834179789007
IterStartTime=71.78924858483722 IterEndTime=71.81782001340865 LossValue=0.3722790534909351
IterStartTime=71.81782001340865 IterEndTime=71.84639144198007 LossValue=0.24228588404631124
IterStartTime=71.84639144198007 IterEndTime=71.8749628705515 LossValue=0.16084200581170538
IterStartTime=71.8749628705515 IterEndTime=71.90353429912292 LossValue=0.10688226268606375
IterStartTime=71.90353429912292 IterEndTime=71.93210572769435 LossValue=0.06946153002693063
IterStartTime=71.93210572769435 IterEndTime=71.96067715626577 LossValue=0.04252208741130911
IterStartTime=71.96067715626577 IterEndTime=71.9892485848372 LossValue=0.022519530100313517
IterStartTime=71.9892485848372 IterEndTime=72.01782001340862 LossValue=0.007278690661315243
IterStartTime=72.01782001340862 IterEndTime=72.04639144198005 LossValue=-0.004590852227313355
JobId=25 ArrivalTime=47.14654274809666 StartTime=47.14654274809666 EndTime=50.14654274809668 NumIters=9
IterStartTime=47.14654274809666 IterEndTime=47.47987608142999 LossValue=0.363996602981432
IterStartTime=47.47987608142999 IterEndTime=47.81320941476333 LossValue=0.13247699967046647
IterStartTime=47.81320941476333 IterEndTime=48.146542748096664 LossValue=0.04819863422692155
IterStartTime=48.146542748096664 IterEndTime=48.47987608143 LossValue=0.017519405426172786
IterStartTime=48.47987608143 IterEndTime=48.813209414763335 LossValue=0.006351473124030798
IterStartTime=48.813209414763335 IterEndTime=49.14654274809667 LossValue=0.002286093491600712
IterStartTime=49.14654274809667 IterEndTime=49.47987608143001 LossValue=8.062034717975413E-4
IterStartTime=49.47987608143001 IterEndTime=49.81320941476334 LossValue=2.67490075084844E-4
IterStartTime=49.81320941476334 IterEndTime=50.14654274809668 LossValue=7.138622958669603E-5
JobId=26 ArrivalTime=69.45462123406273 StartTime=69.45462123406273 EndTime=70.56573234517387 NumIters=10
IterStartTime=69.45462123406273 IterEndTime=69.56573234517384 LossValue=0.8785352277516163
IterStartTime=69.56573234517384 IterEndTime=69.67684345628496 LossValue=0.7624234504633607
IterStartTime=69.67684345628496 IterEndTime=69.78795456739607 LossValue=0.6514287597766801
IterStartTime=69.78795456739607 IterEndTime=69.89906567850718 LossValue=0.5453256438968228
IterStartTime=69.89906567850718 IterEndTime=70.0101767896183 LossValue=0.4438985294126401
IterStartTime=70.0101767896183 IterEndTime=70.12128790072941 LossValue=0.34694134330854687
IterStartTime=70.12128790072941 IterEndTime=70.23239901184053 LossValue=0.2542570942787685
IterStartTime=70.23239901184053 IterEndTime=70.34351012295164 LossValue=0.16565747249321827
IterStartTime=70.34351012295164 IterEndTime=70.45462123406276 LossValue=0.08096246700182608
IterStartTime=70.45462123406276 IterEndTime=70.56573234517387 LossValue=-2.220446049250313E-16
JobId=27 ArrivalTime=35.565005711541986 StartTime=35.565005711541986 EndTime=36.315005711541986 NumIters=6
IterStartTime=35.565005711541986 IterEndTime=35.690005711541986 LossValue=0.16167881845623916
IterStartTime=35.690005711541986 IterEndTime=35.815005711541986 LossValue=0.02614003176006959
IterStartTime=35.815005711541986 IterEndTime=35.940005711541986 LossValue=0.004226279485267028
IterStartTime=35.940005711541986 IterEndTime=36.065005711541986 LossValue=6.832896853222926E-4
IterStartTime=36.065005711541986 IterEndTime=36.190005711541986 LossValue=1.1046324441439713E-4
IterStartTime=36.190005711541986 IterEndTime=36.315005711541986 LossValue=1.78493364070061E-5
JobId=28 ArrivalTime=38.72641786958895 StartTime=38.72641786958895 EndTime=40.15498929816041 NumIters=10
IterStartTime=38.72641786958895 IterEndTime=38.869275012446096 LossValue=0.37645740603185407
IterStartTime=38.869275012446096 IterEndTime=39.01213215530324 LossValue=0.16038547004920306
IterStartTime=39.01213215530324 IterEndTime=39.15498929816039 LossValue=0.08200918722142446
IterStartTime=39.15498929816039 IterEndTime=39.29784644101753 LossValue=0.04669423557614474
IterStartTime=39.29784644101753 IterEndTime=39.44070358387468 LossValue=0.02809305677552039
IterStartTime=39.44070358387468 IterEndTime=39.583560726731825 LossValue=0.0171725079865925
IterStartTime=39.583560726731825 IterEndTime=39.72641786958897 LossValue=0.010239404145019509
IterStartTime=39.72641786958897 IterEndTime=39.86927501244612 LossValue=0.0055718525040954914
IterStartTime=39.86927501244612 IterEndTime=40.01213215530326 LossValue=0.0022833527892586903
IterStartTime=40.01213215530326 IterEndTime=40.15498929816041 LossValue=-1.1898132230878447E-4
JobId=29 ArrivalTime=5.863755813704885 StartTime=5.863755813704885 EndTime=5.951255813704886 NumIters=7
IterStartTime=5.863755813704885 IterEndTime=5.876255813704885 LossValue=0.21677245730000724
IterStartTime=5.876255813704885 IterEndTime=5.888755813704885 LossValue=0.04699015769723132
IterStartTime=5.888755813704885 IterEndTime=5.901255813704886 LossValue=0.01018600093962317
IterStartTime=5.901255813704886 IterEndTime=5.913755813704886 LossValue=0.0022078668360817483
IterStartTime=5.913755813704886 IterEndTime=5.926255813704886 LossValue=4.784256701478809E-4
IterStartTime=5.926255813704886 IterEndTime=5.938755813704886 LossValue=1.0353014851218487E-4
IterStartTime=5.938755813704886 IterEndTime=5.951255813704886 LossValue=2.2263057783135488E-5
JobId=30 ArrivalTime=28.451237994885304 StartTime=28.451237994885304 EndTime=29.165523709171033 NumIters=10
IterStartTime=28.451237994885304 IterEndTime=28.522666566313877 LossValue=0.4593860346278318
IterStartTime=28.522666566313877 IterEndTime=28.59409513774245 LossValue=0.1840109652430896
IterStartTime=28.59409513774245 IterEndTime=28.665523709171023 LossValue=0.08923716490513249
IterStartTime=28.665523709171023 IterEndTime=28.736952280599596 LossValue=0.04909241653230738
IterStartTime=28.736952280599596 IterEndTime=28.80838085202817 LossValue=0.028870876344846905
IterStartTime=28.80838085202817 IterEndTime=28.87980942345674 LossValue=0.017372964039141955
IterStartTime=28.87980942345674 IterEndTime=28.951237994885314 LossValue=0.010244143984971029
IterStartTime=28.951237994885314 IterEndTime=29.022666566313887 LossValue=0.0055309832763777815
IterStartTime=29.022666566313887 IterEndTime=29.09409513774246 LossValue=0.0022573616282340527
IterStartTime=29.09409513774246 IterEndTime=29.165523709171033 LossValue=-1.0676934363350148E-4
JobId=31 ArrivalTime=30.53140049856491 StartTime=30.53140049856491 EndTime=33.86473383189825 NumIters=10
IterStartTime=30.53140049856491 IterEndTime=30.864733831898242 LossValue=0.5359577879075664
IterStartTime=30.864733831898242 IterEndTime=31.198067165231574 LossValue=0.22363910116563515
IterStartTime=31.198067165231574 IterEndTime=31.531400498564906 LossValue=0.10907999683808925
IterStartTime=31.531400498564906 IterEndTime=31.86473383189824 LossValue=0.05996997980800644
IterStartTime=31.86473383189824 IterEndTime=32.19806716523157 LossValue=0.03520347986171235
IterStartTime=32.19806716523157 IterEndTime=32.531400498564906 LossValue=0.02114091075622898
IterStartTime=32.531400498564906 IterEndTime=32.86473383189824 LossValue=0.012438870447241368
IterStartTime=32.86473383189824 IterEndTime=33.19806716523158 LossValue=0.006696651277857195
IterStartTime=33.19806716523158 IterEndTime=33.53140049856491 LossValue=0.0027152726596590872
IterStartTime=33.53140049856491 IterEndTime=33.86473383189825 LossValue=-1.5550687201991258E-4
JobId=32 ArrivalTime=37.52874966376214 StartTime=37.52874966376214 EndTime=38.43784057285308 NumIters=10
IterStartTime=37.52874966376214 IterEndTime=37.619658754671235 LossValue=0.48128489417354875
IterStartTime=37.619658754671235 IterEndTime=37.71056784558033 LossValue=0.24753836174411403
IterStartTime=37.71056784558033 IterEndTime=37.80147693648942 LossValue=0.14025900393108315
IterStartTime=37.80147693648942 IterEndTime=37.892386027398516 LossValue=0.08474984300294694
IterStartTime=37.892386027398516 IterEndTime=37.98329511830761 LossValue=0.052887715112383576
IterStartTime=37.98329511830761 IterEndTime=38.0742042092167 LossValue=0.03307541150950084
IterStartTime=38.0742042092167 IterEndTime=38.165113300125796 LossValue=0.019973913931284677
IterStartTime=38.165113300125796 IterEndTime=38.25602239103489 LossValue=0.010882540722990684
IterStartTime=38.25602239103489 IterEndTime=38.34693148194398 LossValue=0.004326243116621876
IterStartTime=38.34693148194398 IterEndTime=38.43784057285308 LossValue=-5.525303966673334E-4
JobId=33 ArrivalTime=95.02412092381991 StartTime=95.02412092381991 EndTime=98.3574542571532 NumIters=10
IterStartTime=95.02412092381991 IterEndTime=95.35745425715324 LossValue=0.4849077951886057
IterStartTime=95.35745425715324 IterEndTime=95.69078759048656 LossValue=0.20689990944123615
IterStartTime=95.69078759048656 IterEndTime=96.0241209238199 LossValue=0.10330997023805095
IterStartTime=96.0241209238199 IterEndTime=96.35745425715322 LossValue=0.05768062936555352
IterStartTime=96.35745425715322 IterEndTime=96.69078759048655 LossValue=0.034205345838269244
IterStartTime=96.69078759048655 IterEndTime=97.02412092381988 LossValue=0.0206850453502044
IterStartTime=97.02412092381988 IterEndTime=97.35745425715321 LossValue=0.012230890091977474
IterStartTime=97.35745425715321 IterEndTime=97.69078759048654 LossValue=0.00660796815909835
IterStartTime=97.69078759048654 IterEndTime=98.02412092381986 LossValue=0.0026851527044758957
IterStartTime=98.02412092381986 IterEndTime=98.3574542571532 LossValue=-1.5742757075751408E-4
JobId=34 ArrivalTime=91.0190385999921 StartTime=91.0190385999921 EndTime=92.01903859999211 NumIters=5
IterStartTime=91.0190385999921 IterEndTime=91.2190385999921 LossValue=0.14563244298809538
IterStartTime=91.2190385999921 IterEndTime=91.4190385999921 LossValue=0.021208805318326005
IterStartTime=91.4190385999921 IterEndTime=91.61903859999211 LossValue=0.0030886865428393765
IterStartTime=91.61903859999211 IterEndTime=91.81903859999211 LossValue=4.4980931189728764E-4
IterStartTime=91.81903859999211 IterEndTime=92.01903859999211 LossValue=6.550316433465527E-5
JobId=35 ArrivalTime=7.569319853735024 StartTime=7.569319853735024 EndTime=9.569319853735019 NumIters=10
IterStartTime=7.569319853735024 IterEndTime=7.769319853735024 LossValue=0.6662363277472154
IterStartTime=7.769319853735024 IterEndTime=7.9693198537350245 LossValue=0.3291053052563839
IterStartTime=7.9693198537350245 IterEndTime=8.169319853735024 LossValue=0.17176126125020355
IterStartTime=8.169319853735024 IterEndTime=8.369319853735023 LossValue=0.09723757696692636
IterStartTime=8.369319853735023 IterEndTime=8.569319853735022 LossValue=0.05788354387469173
IterStartTime=8.569319853735022 IterEndTime=8.769319853735022 LossValue=0.03498940409530028
IterStartTime=8.769319853735022 IterEndTime=8.969319853735021 LossValue=0.02062065743120253
IterStartTime=8.969319853735021 IterEndTime=9.16931985373502 LossValue=0.011054603264934262
IterStartTime=9.16931985373502 IterEndTime=9.36931985373502 LossValue=0.004382693706599949
IterStartTime=9.36931985373502 IterEndTime=9.569319853735019 LossValue=-4.478800468053143E-4
JobId=36 ArrivalTime=65.0695779980479 StartTime=65.0695779980479 EndTime=67.06957799804793 NumIters=10
IterStartTime=65.0695779980479 IterEndTime=65.26957799804791 LossValue=0.3884041356902132
IterStartTime=65.26957799804791 IterEndTime=65.46957799804791 LossValue=0.1508285107238112
IterStartTime=65.46957799804791 IterEndTime=65.66957799804791 LossValue=0.05854178860564574
IterStartTime=65.66957799804791 IterEndTime=65.86957799804792 LossValue=0.022692828593355176
IterStartTime=65.86957799804792 IterEndTime=66.06957799804792 LossValue=0.008767229065426515
IterStartTime=66.06957799804792 IterEndTime=66.26957799804792 LossValue=0.00335780234437904
IterStartTime=66.26957799804792 IterEndTime=66.46957799804792 LossValue=0.0012564998193641658
IterStartTime=66.46957799804792 IterEndTime=66.66957799804793 LossValue=4.4024469117215706E-4
IterStartTime=66.66957799804793 IterEndTime=66.86957799804793 LossValue=1.231687697528762E-4
IterStartTime=66.86957799804793 IterEndTime=67.06957799804793 LossValue=1.3552527156068805E-20
JobId=37 ArrivalTime=65.66387585515263 StartTime=65.66387585515263 EndTime=65.96690615818294 NumIters=10
IterStartTime=65.66387585515263 IterEndTime=65.69417888545566 LossValue=0.7566342339803858
IterStartTime=65.69417888545566 IterEndTime=65.72448191575869 LossValue=0.567813469524594
IterStartTime=65.72448191575869 IterEndTime=65.75478494606172 LossValue=0.4213126626411963
IterStartTime=65.75478494606172 IterEndTime=65.78508797636475 LossValue=0.30764673993749103
IterStartTime=65.78508797636475 IterEndTime=65.81539100666778 LossValue=0.21945649539933026
IterStartTime=65.81539100666778 IterEndTime=65.84569403697081 LossValue=0.15103212469348234
IterStartTime=65.84569403697081 IterEndTime=65.87599706727384 LossValue=0.09794354861559879
IterStartTime=65.87599706727384 IterEndTime=65.90630009757687 LossValue=0.05675359128163451
IterStartTime=65.90630009757687 IterEndTime=65.9366031278799 LossValue=0.024795443022303104
IterStartTime=65.9366031278799 IterEndTime=65.96690615818294 LossValue=0.0
JobId=38 ArrivalTime=53.61774414353807 StartTime=53.61774414353807 EndTime=54.20597943765575 NumIters=10
IterStartTime=53.61774414353807 IterEndTime=53.67656767294984 LossValue=0.3836517157145638
IterStartTime=53.67656767294984 IterEndTime=53.735391202361605 LossValue=0.17445331102768719
IterStartTime=53.735391202361605 IterEndTime=53.79421473177337 LossValue=0.09286494632238554
IterStartTime=53.79421473177337 IterEndTime=53.85303826118514 LossValue=0.05419584757621171
IterStartTime=53.85303826118514 IterEndTime=53.91186179059691 LossValue=0.03312951870288619
IterStartTime=53.91186179059691 IterEndTime=53.97068532000868 LossValue=0.02046707615001585
IterStartTime=53.97068532000868 IterEndTime=54.029508849420445 LossValue=0.012288412659176077
IterStartTime=54.029508849420445 IterEndTime=54.08833237883221 LossValue=0.006709701295189788
IterStartTime=54.08833237883221 IterEndTime=54.14715590824398 LossValue=0.002738637752415722
IterStartTime=54.14715590824398 IterEndTime=54.20597943765575 LossValue=-1.8641849610402488E-4
JobId=39 ArrivalTime=65.8729298097057 StartTime=65.8729298097057 EndTime=69.20626314303898 NumIters=10
IterStartTime=65.8729298097057 IterEndTime=66.20626314303902 LossValue=0.33996348104267327
IterStartTime=66.20626314303902 IterEndTime=66.53959647637235 LossValue=0.139444836017654
IterStartTime=66.53959647637235 IterEndTime=66.87292980970568 LossValue=0.07027209503604846
IterStartTime=66.87292980970568 IterEndTime=67.20626314303901 LossValue=0.03973937025008346
IterStartTime=67.20626314303901 IterEndTime=67.53959647637234 LossValue=0.023822589186634033
IterStartTime=67.53959647637234 IterEndTime=67.87292980970567 LossValue=0.014533723166686474
IterStartTime=67.87292980970567 IterEndTime=68.206263143039 LossValue=0.008658918561574186
IterStartTime=68.206263143039 IterEndTime=68.53959647637232 LossValue=0.004714091261538959
IterStartTime=68.53959647637232 IterEndTime=68.87292980970565 LossValue=0.0019399563238635762
IterStartTime=68.87292980970565 IterEndTime=69.20626314303898 LossValue=-8.380182269281805E-5