THE SEED IS: 7

OVERALL JOB STATS -
JobId=0 ArrivalTime=40.0 StartTime=40.0 EndTime=42.000000000000014 NumIters=10
IterStartTime=40.0 IterEndTime=40.2 LossValue=0.392837895627038
IterStartTime=40.2 IterEndTime=40.400000000000006 LossValue=0.17246847777929983
IterStartTime=40.400000000000006 IterEndTime=40.60000000000001 LossValue=0.08950794273571704
IterStartTime=40.60000000000001 IterEndTime=40.80000000000001 LossValue=0.05138053991887859
IterStartTime=40.80000000000001 IterEndTime=41.000000000000014 LossValue=0.03106338908881701
IterStartTime=41.0 IterEndTime=41.2 LossValue=0.019045627040073457
IterStartTime=41.2 IterEndTime=41.400000000000006 LossValue=0.011376169804105305
IterStartTime=41.400000000000006 IterEndTime=41.60000000000001 LossValue=0.006193231297990293
IterStartTime=41.60000000000001 IterEndTime=41.80000000000001 LossValue=0.0025310490102980806
IterStartTime=41.80000000000001 IterEndTime=42.000000000000014 LossValue=-1.5034667010496022E-4
JobId=1 ArrivalTime=55.0 StartTime=55.0 EndTime=55.18151873431049 NumIters=5
IterStartTime=55.0 IterEndTime=55.03030303030303 LossValue=0.12073605081176121
IterStartTime=55.04255319148936 IterEndTime=55.07112462006079 LossValue=0.014577193456748577
IterStartTime=55.07112462006079 IterEndTime=55.099696048632225 LossValue=0.0017599921995761162
IterStartTime=55.10921985815604 IterEndTime=55.13699763593382 LossValue=2.1249392990765228E-4
IterStartTime=55.1552029448368 IterEndTime=55.18151873431049 LossValue=2.5655099294237692E-5
JobId=2 ArrivalTime=51.0 StartTime=51.0 EndTime=51.58823529411768 NumIters=10
IterStartTime=51.0 IterEndTime=51.05882352941177 LossValue=0.41151447516802464
IterStartTime=51.05882352941177 IterEndTime=51.117647058823536 LossValue=0.1766389905132784
IterStartTime=51.117647058823536 IterEndTime=51.176470588235304 LossValue=0.09000028841540059
IterStartTime=51.176470588235304 IterEndTime=51.23529411764707 LossValue=0.05103867530475337
IterStartTime=51.23529411764707 IterEndTime=51.29411764705884 LossValue=0.03060585821084401
IterStartTime=51.29411764705884 IterEndTime=51.35294117647061 LossValue=0.018659342837207674
IterStartTime=51.35294117647061 IterEndTime=51.411764705882376 LossValue=0.011101415619309494
IterStartTime=51.411764705882376 IterEndTime=51.470588235294144 LossValue=0.006028036538030036
IterStartTime=51.470588235294144 IterEndTime=51.52941176470591 LossValue=0.002462297569130344
IterStartTime=51.52941176470591 IterEndTime=51.58823529411768 LossValue=-1.372439424642182E-4
JobId=3 ArrivalTime=45.0 StartTime=45.0 EndTime=45.35031993358113 NumIters=10
IterStartTime=45.0 IterEndTime=45.03703703703704 LossValue=0.6292366222405478
IterStartTime=45.03703703703704 IterEndTime=45.074074074074076 LossValue=0.3654605706803653
IterStartTime=45.093576965669996 IterEndTime=45.12805972429069 LossValue=0.21791127228578777
IterStartTime=45.12805972429069 IterEndTime=45.16254248291138 LossValue=0.13462934517718847
IterStartTime=45.16674769737731 IterEndTime=45.19900576189344 LossValue=0.0848018937964051
IterStartTime=45.2 IterEndTime=45.230303030303034 LossValue=0.053153580805072605
IterStartTime=45.24505677568639 IterEndTime=45.27137256516008 LossValue=0.03198502897765398
IterStartTime=45.27137256516008 IterEndTime=45.29768835463376 LossValue=0.017203314132621036
IterStartTime=45.29768835463376 IterEndTime=45.32400414410745 LossValue=0.0065067074556229496
IterStartTime=45.32400414410745 IterEndTime=45.35031993358113 LossValue=-0.0014673258155811567
JobId=4 ArrivalTime=33.0 StartTime=33.0 EndTime=33.909090909090935 NumIters=10
IterStartTime=33.0 IterEndTime=33.09090909090909 LossValue=0.5473789244364153
IterStartTime=33.09090909090909 IterEndTime=33.18181818181819 LossValue=0.3308587562494347
IterStartTime=33.18181818181819 IterEndTime=33.27272727272728 LossValue=0.21165396256576058
IterStartTime=33.27272727272728 IterEndTime=33.363636363636374 LossValue=0.1393437959900356
IterStartTime=33.363636363636374 IterEndTime=33.45454545454547 LossValue=0.09228210972092844
IterStartTime=33.45454545454547 IterEndTime=33.54545454545456 LossValue=0.05997847166376892
IterStartTime=33.54545454545456 IterEndTime=33.636363636363654 LossValue=0.036863076087814056
IterStartTime=33.636363636363654 IterEndTime=33.72727272727275 LossValue=0.01976110627443778
IterStartTime=33.72727272727275 IterEndTime=33.81818181818184 LossValue=0.006757254829718853
IterStartTime=33.81818181818184 IterEndTime=33.909090909090935 LossValue=-0.003358777527842402
JobId=5 ArrivalTime=48.0 StartTime=48.0 EndTime=49.42857142857142 NumIters=10
IterStartTime=48.0 IterEndTime=48.142857142857146 LossValue=0.4082135532379803
IterStartTime=48.142857142857146 IterEndTime=48.28571428571429 LossValue=0.19876747387792096
IterStartTime=48.28571428571429 IterEndTime=48.42857142857144 LossValue=0.11037450538964397
IterStartTime=48.42857142857144 IterEndTime=48.571428571428584 LossValue=0.06614208093001542
IterStartTime=48.571428571428584 IterEndTime=48.71428571428573 LossValue=0.04113741619934774
IterStartTime=48.71428571428573 IterEndTime=48.857142857142875 LossValue=0.025707315670501465
IterStartTime=48.857142857142875 IterEndTime=49.00000000000002 LossValue=0.01554461996292968
IterStartTime=49.0 IterEndTime=49.142857142857146 LossValue=0.008507784131012691
IterStartTime=49.14285714285714 IterEndTime=49.285714285714285 LossValue=0.0034389566550145287
IterStartTime=49.28571428571428 IterEndTime=49.42857142857142 LossValue=-3.307959570677012E-4
JobId=6 ArrivalTime=45.0 StartTime=45.0 EndTime=45.24505677568639 NumIters=10
IterStartTime=45.0 IterEndTime=45.02325581395349 LossValue=0.6093300894959321
IterStartTime=45.02325581395349 IterEndTime=45.04651162790698 LossValue=0.3701541549780137
IterStartTime=45.04651162790698 IterEndTime=45.06976744186047 LossValue=0.2237258631786535
IterStartTime=45.06976744186047 IterEndTime=45.093576965669996 LossValue=0.13407953365768632
IterStartTime=45.093576965669996 IterEndTime=45.117967209572434 LossValue=0.07919625736027788
IterStartTime=45.117967209572434 IterEndTime=45.14235745347487 LossValue=0.045595617677276004
IterStartTime=45.14235745347487 IterEndTime=45.16674769737731 LossValue=0.02502463388634966
IterStartTime=45.16674769737731 IterEndTime=45.19238872301834 LossValue=0.012430666089342863
IterStartTime=45.19238872301834 IterEndTime=45.21802974865937 LossValue=0.0047203870631154134
IterStartTime=45.21802974865937 IterEndTime=45.24505677568639 LossValue=1.734723475976807E-18
JobId=7 ArrivalTime=48.0 StartTime=48.0 EndTime=48.81818181818184 NumIters=9
IterStartTime=48.0 IterEndTime=48.09090909090909 LossValue=0.3529072317668036
IterStartTime=48.09090909090909 IterEndTime=48.18181818181819 LossValue=0.12453096036954818
IterStartTime=48.18181818181819 IterEndTime=48.27272727272728 LossValue=0.043930892036660826
IterStartTime=48.27272727272728 IterEndTime=48.363636363636374 LossValue=0.015484981366870541
IterStartTime=48.363636363636374 IterEndTime=48.45454545454547 LossValue=0.005445661915034267
IterStartTime=48.45454545454547 IterEndTime=48.54545454545456 LossValue=0.0019025187115700355
IterStartTime=48.54545454545456 IterEndTime=48.636363636363654 LossValue=6.520491134581261E-4
IterStartTime=48.636363636363654 IterEndTime=48.72727272727275 LossValue=2.1072508955942722E-4
IterStartTime=48.72727272727275 IterEndTime=48.81818181818184 LossValue=5.497008810699782E-5
JobId=8 ArrivalTime=51.0 StartTime=51.0 EndTime=52.400000000000006 NumIters=7
IterStartTime=51.0 IterEndTime=51.2 LossValue=0.25654557205168205
IterStartTime=51.2 IterEndTime=51.400000000000006 LossValue=0.06581494793430198
IterStartTime=51.400000000000006 IterEndTime=51.60000000000001 LossValue=0.01688367574241156
IterStartTime=51.60000000000001 IterEndTime=51.80000000000001 LossValue=0.0043305296003249135
IterStartTime=51.80000000000001 IterEndTime=52.000000000000014 LossValue=0.0011100640165442913
IterStartTime=52.0 IterEndTime=52.2 LossValue=2.838648741999268E-4
IterStartTime=52.2 IterEndTime=52.400000000000006 LossValue=7.190638402124E-5
JobId=9 ArrivalTime=42.0 StartTime=42.0 EndTime=42.227272727272734 NumIters=10
IterStartTime=42.0 IterEndTime=42.02272727272727 LossValue=0.6926096658852349
IterStartTime=42.02272727272727 IterEndTime=42.04545454545455 LossValue=0.476982190204945
IterStartTime=42.04545454545455 IterEndTime=42.06818181818182 LossValue=0.3257243167192585
IterStartTime=42.06818181818182 IterEndTime=42.09090909090909 LossValue=0.2196202860560491
IterStartTime=42.09090909090909 IterEndTime=42.11363636363637 LossValue=0.14519067083311243
IterStartTime=42.11363636363637 IterEndTime=42.13636363636364 LossValue=0.09297995284617293
IterStartTime=42.13636363636364 IterEndTime=42.159090909090914 LossValue=0.05635529659144488
IterStartTime=42.159090909090914 IterEndTime=42.18181818181819 LossValue=0.030663915635670013
IterStartTime=42.18181818181819 IterEndTime=42.20454545454546 LossValue=0.012641983884992002
IterStartTime=42.20454545454546 IterEndTime=42.227272727272734 LossValue=0.0
JobId=10 ArrivalTime=45.0 StartTime=45.0 EndTime=47.000000000000014 NumIters=10
IterStartTime=45.0 IterEndTime=45.2 LossValue=0.6024653536111251
IterStartTime=45.2 IterEndTime=45.400000000000006 LossValue=0.33047000296460466
IterStartTime=45.400000000000006 IterEndTime=45.60000000000001 LossValue=0.1895537812918679
IterStartTime=45.60000000000001 IterEndTime=45.80000000000001 LossValue=0.11430503822877808
IterStartTime=45.80000000000001 IterEndTime=46.000000000000014 LossValue=0.07092008942212316
IterStartTime=46.0 IterEndTime=46.2 LossValue=0.0440529220736566
IterStartTime=46.2 IterEndTime=46.400000000000006 LossValue=0.026403343965540203
IterStartTime=46.400000000000006 IterEndTime=46.60000000000001 LossValue=0.014241947111620714
IterStartTime=46.60000000000001 IterEndTime=46.80000000000001 LossValue=0.005530512269006808
IterStartTime=46.80000000000001 IterEndTime=47.000000000000014 LossValue=-9.120560452171508E-4
JobId=11 ArrivalTime=54.0 StartTime=54.0 EndTime=54.58823529411768 NumIters=10
IterStartTime=54.0 IterEndTime=54.05882352941177 LossValue=0.4753774530176652
IterStartTime=54.05882352941177 IterEndTime=54.117647058823536 LossValue=0.22582044694927858
IterStartTime=54.117647058823536 IterEndTime=54.176470588235304 LossValue=0.10710900453025145
IterStartTime=54.176470588235304 IterEndTime=54.23529411764707 LossValue=0.05063931536694976
IterStartTime=54.23529411764707 IterEndTime=54.29411764705884 LossValue=0.023777323555376866
IterStartTime=54.29411764705884 IterEndTime=54.35294117647061 LossValue=0.010999378169519528
IterStartTime=54.35294117647061 IterEndTime=54.411764705882376 LossValue=0.00492105421538858
IterStartTime=54.411764705882376 IterEndTime=54.470588235294144 LossValue=0.002029664326349453
IterStartTime=54.470588235294144 IterEndTime=54.52941176470591 LossValue=6.542628910975555E-4
IterStartTime=54.52941176470591 IterEndTime=54.58823529411768 LossValue=0.0
JobId=12 ArrivalTime=57.0 StartTime=57.000000000000014 EndTime=57.90909090909095 NumIters=10
IterStartTime=57.000000000000014 IterEndTime=57.09090909090911 LossValue=0.3755628932772838
IterStartTime=57.09090909090911 IterEndTime=57.1818181818182 LossValue=0.15453563338559118
IterStartTime=57.1818181818182 IterEndTime=57.272727272727295 LossValue=0.0774165411693005
IterStartTime=57.272727272727295 IterEndTime=57.36363636363639 LossValue=0.043549126355863464
IterStartTime=57.36363636363639 IterEndTime=57.45454545454548 LossValue=0.02600160056075184
IterStartTime=57.45454545454548 IterEndTime=57.545454545454575 LossValue=0.015814313042838257
IterStartTime=57.545454545454575 IterEndTime=57.63636363636367 LossValue=0.00939853256314826
IterStartTime=57.63636363636367 IterEndTime=57.72727272727276 LossValue=0.005105240803916552
IterStartTime=57.72727272727276 IterEndTime=57.818181818181856 LossValue=0.002094564126467205
IterStartTime=57.818181818181856 IterEndTime=57.90909090909095 LossValue=-9.660363645879085E-5
JobId=13 ArrivalTime=55.0 StartTime=55.0 EndTime=55.21590271254877 NumIters=10
IterStartTime=55.0 IterEndTime=55.02127659574468 LossValue=0.5159869027090982
IterStartTime=55.02127659574468 IterEndTime=55.04255319148936 LossValue=0.23323622879561823
IterStartTime=55.04255319148936 IterEndTime=55.06477541371159 LossValue=0.11964079959340643
IterStartTime=55.06477541371159 IterEndTime=55.08699763593381 LossValue=0.06771346016309134
IterStartTime=55.08699763593381 IterEndTime=55.10921985815604 LossValue=0.04045990778235317
IterStartTime=55.10921985815604 IterEndTime=55.13194713088331 LossValue=0.024574347753208867
IterStartTime=55.13194713088331 IterEndTime=55.1552029448368 LossValue=0.014563003706243466
IterStartTime=55.1552029448368 IterEndTime=55.17901246864633 LossValue=0.007867859382224866
IterStartTime=55.17901246864633 IterEndTime=55.203402712548765 LossValue=0.0031782696571330243
IterStartTime=55.203402712548765 IterEndTime=55.21590271254877 LossValue=-2.3029459456096364E-4
JobId=14 ArrivalTime=53.0 StartTime=53.0 EndTime=53.5263157894737 NumIters=10
IterStartTime=53.0 IterEndTime=53.05263157894737 LossValue=0.515965233560233
IterStartTime=53.05263157894737 IterEndTime=53.10526315789474 LossValue=0.24908643879723932
IterStartTime=53.10526315789474 IterEndTime=53.15789473684211 LossValue=0.1333507984410693
IterStartTime=53.15789473684211 IterEndTime=53.21052631578948 LossValue=0.07743154116738643
IterStartTime=53.21052631578948 IterEndTime=53.26315789473685 LossValue=0.04701261076104942
IterStartTime=53.26315789473685 IterEndTime=53.31578947368422 LossValue=0.028848809427114826
IterStartTime=53.31578947368422 IterEndTime=53.36842105263159 LossValue=0.017204000307206598
IterStartTime=53.36842105263159 IterEndTime=53.42105263157896 LossValue=0.009317044248857556
IterStartTime=53.42105263157896 IterEndTime=53.47368421052633 LossValue=0.003738593521252092
IterStartTime=53.47368421052633 IterEndTime=53.5263157894737 LossValue=-3.473380155917215E-4
JobId=15 ArrivalTime=49.0 StartTime=49.0 EndTime=50.111111111111114 NumIters=10
IterStartTime=49.0 IterEndTime=49.111111111111114 LossValue=0.4133411589506619
IterStartTime=49.111111111111114 IterEndTime=49.22222222222223 LossValue=0.17080070754002255
IterStartTime=49.22222222222223 IterEndTime=49.33333333333334 LossValue=0.07052799969970988
IterStartTime=49.33333333333334 IterEndTime=49.44444444444446 LossValue=0.029072581112212163
IterStartTime=49.44444444444446 IterEndTime=49.55555555555557 LossValue=0.011933802602296019
IterStartTime=49.55555555555557 IterEndTime=49.666666666666686 LossValue=0.004848173296877554
IterStartTime=49.666666666666686 IterEndTime=49.7777777777778 LossValue=0.00191878468118614
IterStartTime=49.7777777777778 IterEndTime=49.888888888888914 LossValue=7.076970992856556E-4
IterStartTime=49.888888888888914 IterEndTime=50.00000000000003 LossValue=2.0700110996660996E-4
IterStartTime=50.0 IterEndTime=50.111111111111114 LossValue=-8.131516293641283E-20
JobId=16 ArrivalTime=46.0 StartTime=46.0 EndTime=46.80000000000001 NumIters=4
IterStartTime=46.0 IterEndTime=46.2 LossValue=0.06850716824180357
IterStartTime=46.2 IterEndTime=46.400000000000006 LossValue=0.004693232098535086
IterStartTime=46.400000000000006 IterEndTime=46.60000000000001 LossValue=3.2152003886113523E-4
IterStartTime=46.60000000000001 IterEndTime=46.80000000000001 LossValue=2.2026425275057783E-5
JobId=17 ArrivalTime=58.0 StartTime=58.000000000000014 EndTime=60.00000000000003 NumIters=10
IterStartTime=58.000000000000014 IterEndTime=58.20000000000002 LossValue=0.4816217787679979
IterStartTime=58.20000000000002 IterEndTime=58.40000000000002 LossValue=0.231777770629436
IterStartTime=58.40000000000002 IterEndTime=58.60000000000002 LossValue=0.11135984825918936
IterStartTime=58.60000000000002 IterEndTime=58.800000000000026 LossValue=0.05332173025107256
IterStartTime=58.800000000000026 IterEndTime=59.00000000000003 LossValue=0.02534895779642693
IterStartTime=59.000000000000014 IterEndTime=59.20000000000002 LossValue=0.011866852834133879
IterStartTime=59.20000000000002 IterEndTime=59.40000000000002 LossValue=0.005368850016965874
IterStartTime=59.40000000000002 IterEndTime=59.60000000000002 LossValue=0.002236991844223845
IterStartTime=59.60000000000002 IterEndTime=59.800000000000026 LossValue=7.275225672551648E-4
IterStartTime=59.800000000000026 IterEndTime=60.00000000000003 LossValue=-2.1684043449710089E-19
JobId=18 ArrivalTime=57.0 StartTime=57.000000000000014 EndTime=58.250000000000014 NumIters=10
IterStartTime=57.000000000000014 IterEndTime=57.125000000000014 LossValue=0.6458582859424954
IterStartTime=57.125000000000014 IterEndTime=57.250000000000014 LossValue=0.3889975411422547
IterStartTime=57.250000000000014 IterEndTime=57.375000000000014 LossValue=0.23818279822990363
IterStartTime=57.375000000000014 IterEndTime=57.500000000000014 LossValue=0.14974005046376815
IterStartTime=57.500000000000014 IterEndTime=57.625000000000014 LossValue=0.0953780512164969
IterStartTime=57.625000000000014 IterEndTime=57.750000000000014 LossValue=0.060182825643474845
IterStartTime=57.750000000000014 IterEndTime=57.875000000000014 LossValue=0.03631118679857425
IterStartTime=57.875000000000014 IterEndTime=58.000000000000014 LossValue=0.019466184261884643
IterStartTime=58.000000000000014 IterEndTime=58.125000000000014 LossValue=0.0071772495389205646
IterStartTime=58.125000000000014 IterEndTime=58.250000000000014 LossValue=-0.0020428591988933334
JobId=19 ArrivalTime=62.0 StartTime=62.0 EndTime=63.11111111111114 NumIters=10
IterStartTime=62.0 IterEndTime=62.111111111111114 LossValue=0.39376520144800725
IterStartTime=62.111111111111114 IterEndTime=62.22222222222223 LossValue=0.15501805353903603
IterStartTime=62.22222222222223 IterEndTime=62.33333333333334 LossValue=0.060994746446116514
IterStartTime=62.33333333333334 IterEndTime=62.44444444444446 LossValue=0.023966524940157094
IterStartTime=62.44444444444446 IterEndTime=62.55555555555557 LossValue=0.00938408543354196
IterStartTime=62.55555555555557 IterEndTime=62.666666666666686 LossValue=0.00364123489102088
IterStartTime=62.666666666666686 IterEndTime=62.7777777777778 LossValue=0.0013795877682076108
IterStartTime=62.7777777777778 IterEndTime=62.888888888888914 LossValue=4.88906795360273E-4
IterStartTime=62.888888888888914 IterEndTime=63.00000000000003 LossValue=1.381391679129474E-4
IterStartTime=63.00000000000003 IterEndTime=63.11111111111114 LossValue=0.0
JobId=20 ArrivalTime=46.0 StartTime=46.0 EndTime=46.470588235294144 NumIters=8
IterStartTime=46.0 IterEndTime=46.05882352941177 LossValue=0.3044831083467335
IterStartTime=46.05882352941177 IterEndTime=46.117647058823536 LossValue=0.0927066495518797
IterStartTime=46.117647058823536 IterEndTime=46.176470588235304 LossValue=0.028223286116837536
IterStartTime=46.176470588235304 IterEndTime=46.23529411764707 LossValue=0.00858888395732436
IterStartTime=46.23529411764707 IterEndTime=46.29411764705884 LossValue=0.0026104466112352068
IterStartTime=46.29411764705884 IterEndTime=46.35294117647061 LossValue=7.900849414098748E-4
IterStartTime=46.35294117647061 IterEndTime=46.411764705882376 LossValue=2.3580688894571914E-4
IterStartTime=46.411764705882376 IterEndTime=46.470588235294144 LossValue=6.703594384394923E-5
JobId=21 ArrivalTime=49.0 StartTime=49.0 EndTime=49.714285714285694 NumIters=10
IterStartTime=49.0 IterEndTime=49.07142857142857 LossValue=0.7583394137061039
IterStartTime=49.07142857142857 IterEndTime=49.14285714285714 LossValue=0.5703361726625935
IterStartTime=49.14285714285714 IterEndTime=49.21428571428571 LossValue=0.4240764156003514
IterStartTime=49.21428571428571 IterEndTime=49.28571428571428 LossValue=0.31029158711989324
IterStartTime=49.28571428571428 IterEndTime=49.35714285714285 LossValue=0.221771084608614
IterStartTime=49.35714285714285 IterEndTime=49.428571428571416 LossValue=0.15290531867572285
IterStartTime=49.428571428571416 IterEndTime=49.499999999999986 LossValue=0.09933023061158244
IterStartTime=49.499999999999986 IterEndTime=49.571428571428555 LossValue=0.05765073976155019
IterStartTime=49.571428571428555 IterEndTime=49.642857142857125 LossValue=0.025225595533356668
IterStartTime=49.642857142857125 IterEndTime=49.714285714285694 LossValue=1.3877787807814457E-17
JobId=22 ArrivalTime=49.0 StartTime=49.0 EndTime=49.909090909090935 NumIters=10
IterStartTime=49.0 IterEndTime=49.09090909090909 LossValue=0.869726295771452
IterStartTime=49.09090909090909 IterEndTime=49.18181818181819 LossValue=0.7473233236981345
IterStartTime=49.18181818181819 IterEndTime=49.27272727272728 LossValue=0.6323155586153484
IterStartTime=49.27272727272728 IterEndTime=49.363636363636374 LossValue=0.5242562051103148
IterStartTime=49.363636363636374 IterEndTime=49.45454545454547 LossValue=0.42272546175989434
IterStartTime=49.45454545454547 IterEndTime=49.54545454545456 LossValue=0.32732889023766343
IterStartTime=49.54545454545456 IterEndTime=49.636363636363654 LossValue=0.23769588295447197
IterStartTime=49.636363636363654 IterEndTime=49.72727272727275 LossValue=0.15347822327939187
IterStartTime=49.72727272727275 IterEndTime=49.81818181818184 LossValue=0.07434873274764175
IterStartTime=49.81818181818184 IterEndTime=49.909090909090935 LossValue=2.220446049250313E-16
JobId=23 ArrivalTime=56.0 StartTime=56.0 EndTime=57.11111111111113 NumIters=10
IterStartTime=56.0 IterEndTime=56.111111111111114 LossValue=0.4814380718544272
IterStartTime=56.111111111111114 IterEndTime=56.22222222222223 LossValue=0.24619899444163065
IterStartTime=56.22222222222223 IterEndTime=56.33333333333334 LossValue=0.13886611016815675
IterStartTime=56.33333333333334 IterEndTime=56.44444444444446 LossValue=0.0836437698033209
IterStartTime=56.44444444444446 IterEndTime=56.55555555555557 LossValue=0.05208424366027378
IterStartTime=56.55555555555557 IterEndTime=56.666666666666686 LossValue=0.032524679547759505
IterStartTime=56.666666666666686 IterEndTime=56.7777777777778 LossValue=0.019623060394775443
IterStartTime=56.7777777777778 IterEndTime=56.888888888888914 LossValue=0.010688225254272262
IterStartTime=56.888888888888914 IterEndTime=57.00000000000003 LossValue=0.004255140640544039
IterStartTime=57.000000000000014 IterEndTime=57.11111111111113 LossValue=-5.256585848835843E-4
JobId=24 ArrivalTime=47.0 StartTime=47.0 EndTime=48.25 NumIters=10
IterStartTime=47.0 IterEndTime=47.125 LossValue=0.5600579290652623
IterStartTime=47.125 IterEndTime=47.25 LossValue=0.31306271060159774
IterStartTime=47.25 IterEndTime=47.375 LossValue=0.17439300389613607
IterStartTime=47.375 IterEndTime=47.5 LossValue=0.09654013015474597
IterStartTime=47.5 IterEndTime=47.625 LossValue=0.05283144933474024
IterStartTime=47.625 IterEndTime=47.75 LossValue=0.02829222955755873
IterStartTime=47.75 IterEndTime=47.875 LossValue=0.014515256746308894
IterStartTime=47.875 IterEndTime=48.0 LossValue=0.006780496571969004
IterStartTime=48.0 IterEndTime=48.125 LossValue=0.0024379958082524655
IterStartTime=48.125 IterEndTime=48.25 LossValue=4.3368086899420177E-19
JobId=25 ArrivalTime=65.0 StartTime=65.0 EndTime=67.00000000000003 NumIters=10
IterStartTime=65.0 IterEndTime=65.2 LossValue=0.840676055657932
IterStartTime=65.2 IterEndTime=65.4 LossValue=0.6987486923063857
IterStartTime=65.4 IterEndTime=65.60000000000001 LossValue=0.5723183773207481
IterStartTime=65.60000000000001 IterEndTime=65.80000000000001 LossValue=0.45969298803781955
IterStartTime=65.80000000000001 IterEndTime=66.00000000000001 LossValue=0.3593651646627679
IterStartTime=66.00000000000001 IterEndTime=66.20000000000002 LossValue=0.26999213601210226
IterStartTime=66.20000000000002 IterEndTime=66.40000000000002 LossValue=0.19037774808370866
IterStartTime=66.40000000000002 IterEndTime=66.60000000000002 LossValue=0.11945645492726897
IterStartTime=66.60000000000002 IterEndTime=66.80000000000003 LossValue=0.05627905755148854
IterStartTime=66.80000000000003 IterEndTime=67.00000000000003 LossValue=0.0
JobId=26 ArrivalTime=53.0 StartTime=53.0 EndTime=53.49999999999997 NumIters=10
IterStartTime=53.0 IterEndTime=53.05 LossValue=0.5025897304962258
IterStartTime=53.05 IterEndTime=53.099999999999994 LossValue=0.28649723887585865
IterStartTime=53.099999999999994 IterEndTime=53.14999999999999 LossValue=0.17613652961748566
IterStartTime=53.14999999999999 IterEndTime=53.19999999999999 LossValue=0.1128548227411662
IterStartTime=53.19999999999999 IterEndTime=53.249999999999986 LossValue=0.0733990176363483
IterStartTime=53.249999999999986 IterEndTime=53.29999999999998 LossValue=0.04720941012506402
IterStartTime=53.29999999999998 IterEndTime=53.34999999999998 LossValue=0.028965241539797112
IterStartTime=53.34999999999998 IterEndTime=53.39999999999998 LossValue=0.015759858828637084
IterStartTime=53.39999999999998 IterEndTime=53.449999999999974 LossValue=0.005900083625308639
IterStartTime=53.449999999999974 IterEndTime=53.49999999999997 LossValue=-0.0016531463141705102
JobId=27 ArrivalTime=46.0 StartTime=46.0 EndTime=48.000000000000014 NumIters=10
IterStartTime=46.0 IterEndTime=46.2 LossValue=0.4567223365230669
IterStartTime=46.2 IterEndTime=46.400000000000006 LossValue=0.20847817684893008
IterStartTime=46.400000000000006 IterEndTime=46.60000000000001 LossValue=0.0950460095517836
IterStartTime=46.60000000000001 IterEndTime=46.80000000000001 LossValue=0.04321455218892845
IterStartTime=46.80000000000001 IterEndTime=47.000000000000014 LossValue=0.019530794429809508
IterStartTime=47.0 IterEndTime=47.2 LossValue=0.008708787676925714
IterStartTime=47.2 IterEndTime=47.400000000000006 LossValue=0.0037638025377169934
IterStartTime=47.400000000000006 IterEndTime=47.60000000000001 LossValue=0.0015042513670915434
IterStartTime=47.60000000000001 IterEndTime=47.80000000000001 LossValue=4.717767794142555E-4
IterStartTime=47.80000000000001 IterEndTime=48.000000000000014 LossValue=0.0
JobId=28 ArrivalTime=50.0 StartTime=50.0 EndTime=51.25 NumIters=10
IterStartTime=50.0 IterEndTime=50.125 LossValue=0.886655106970585
IterStartTime=50.125 IterEndTime=50.25 LossValue=0.7765043310088151
IterStartTime=50.25 IterEndTime=50.375 LossValue=0.6694576602617586
IterStartTime=50.375 IterEndTime=50.5 LossValue=0.5654276194565462
IterStartTime=50.5 IterEndTime=50.625 LossValue=0.4643291984182465
IterStartTime=50.625 IterEndTime=50.75 LossValue=0.36607978260214535
IterStartTime=50.75 IterEndTime=50.875 LossValue=0.27059908558365997
IterStartTime=50.875 IterEndTime=51.0 LossValue=0.1778090834507231
IterStartTime=51.0 IterEndTime=51.125 LossValue=0.08763395104502347
IterStartTime=51.125 IterEndTime=51.25 LossValue=-4.440892098500626E-16
JobId=29 ArrivalTime=45.0 StartTime=45.0 EndTime=47.018029748659394 NumIters=10
IterStartTime=45.0 IterEndTime=45.2 LossValue=0.3888769652770851
IterStartTime=45.21802974865937 IterEndTime=45.41802974865937 LossValue=0.1705724823730211
IterStartTime=45.41802974865937 IterEndTime=45.618029748659374 LossValue=0.0885569758795739
IterStartTime=45.618029748659374 IterEndTime=45.81802974865938 LossValue=0.050857877214471145
IterStartTime=45.81802974865938 IterEndTime=46.01802974865938 LossValue=0.03075924309183488
IterStartTime=46.01802974865938 IterEndTime=46.21802974865938 LossValue=0.018865050909885536
IterStartTime=46.21802974865938 IterEndTime=46.418029748659386 LossValue=0.011271304084666213
IterStartTime=46.418029748659386 IterEndTime=46.61802974865939 LossValue=0.006137734255874534
IterStartTime=46.61802974865939 IterEndTime=46.81802974865939 LossValue=0.0025093669299286
IterStartTime=46.81802974865939 IterEndTime=47.018029748659394 LossValue=-1.4793231135734955E-4
JobId=30 ArrivalTime=60.0 StartTime=60.0 EndTime=61.125 NumIters=9
IterStartTime=60.0 IterEndTime=60.125 LossValue=0.7646339372327734
IterStartTime=60.125 IterEndTime=60.25 LossValue=0.5671417195312859
IterStartTime=60.25 IterEndTime=60.375 LossValue=0.4115712261909851
IterStartTime=60.375 IterEndTime=60.5 LossValue=0.29190696681124084
IterStartTime=60.5 IterEndTime=60.625 LossValue=0.2002183747169398
IterStartTime=60.625 IterEndTime=60.75 LossValue=0.12955011646838308
IterStartTime=60.75 IterEndTime=60.875 LossValue=0.07451489644893791
IterStartTime=60.875 IterEndTime=61.0 LossValue=0.031131206673876782
IterStartTime=61.0 IterEndTime=61.125 LossValue=-0.0034976357357094923
JobId=31 ArrivalTime=56.0 StartTime=56.0 EndTime=58.00000000000003 NumIters=10
IterStartTime=56.0 IterEndTime=56.2 LossValue=0.5726890923946281
IterStartTime=56.2 IterEndTime=56.400000000000006 LossValue=0.28070735292068705
IterStartTime=56.400000000000006 IterEndTime=56.60000000000001 LossValue=0.14950453673394862
IterStartTime=56.60000000000001 IterEndTime=56.80000000000001 LossValue=0.08619938266188905
IterStartTime=56.80000000000001 IterEndTime=57.000000000000014 LossValue=0.052020076987456976
IterStartTime=57.000000000000014 IterEndTime=57.20000000000002 LossValue=0.03176552134091934
IterStartTime=57.20000000000002 IterEndTime=57.40000000000002 LossValue=0.018865801255575663
IterStartTime=57.40000000000002 IterEndTime=57.60000000000002 LossValue=0.010177204683870181
IterStartTime=57.60000000000002 IterEndTime=57.800000000000026 LossValue=0.004060190971429428
IterStartTime=57.800000000000026 IterEndTime=58.00000000000003 LossValue=-4.027537074534279E-4
JobId=32 ArrivalTime=51.0 StartTime=51.0 EndTime=51.909090909090935 NumIters=10
IterStartTime=51.0 IterEndTime=51.09090909090909 LossValue=0.8454371749914344
IterStartTime=51.09090909090909 IterEndTime=51.18181818181819 LossValue=0.7065856694267598
IterStartTime=51.18181818181819 IterEndTime=51.27272727272728 LossValue=0.5818484268426622
IterStartTime=51.27272727272728 IterEndTime=51.363636363636374 LossValue=0.46979073165089713
IterStartTime=51.363636363636374 IterEndTime=51.45454545454547 LossValue=0.36912370717963927
IterStartTime=51.45454545454547 IterEndTime=51.54545454545456 LossValue=0.27868949113981556
IterStartTime=51.54545454545456 IterEndTime=51.636363636363654 LossValue=0.1974479180060773
IterStartTime=51.636363636363654 IterEndTime=51.72727272727275 LossValue=0.12446455513446164
IterStartTime=51.72727272727275 IterEndTime=51.81818181818184 LossValue=0.058899955009333094
IterStartTime=51.81818181818184 IterEndTime=51.909090909090935 LossValue=-1.1102230246251565E-16
JobId=33 ArrivalTime=52.0 StartTime=52.0 EndTime=53.000000000000014 NumIters=5
IterStartTime=52.0 IterEndTime=52.2 LossValue=0.14156572527661992
IterStartTime=52.2 IterEndTime=52.400000000000006 LossValue=0.020040852190801376
IterStartTime=52.400000000000006 IterEndTime=52.60000000000001 LossValue=0.002837095056007089
IterStartTime=52.60000000000001 IterEndTime=52.80000000000001 LossValue=4.016326519938993E-4
IterStartTime=52.80000000000001 IterEndTime=53.000000000000014 LossValue=5.685464362702934E-5
JobId=34 ArrivalTime=56.0 StartTime=56.0 EndTime=58.00000000000003 NumIters=10
IterStartTime=56.0 IterEndTime=56.2 LossValue=0.7406100373641924
IterStartTime=56.2 IterEndTime=56.400000000000006 LossValue=0.4322709857166055
IterStartTime=56.400000000000006 IterEndTime=56.60000000000001 LossValue=0.24868457927361914
IterStartTime=56.60000000000001 IterEndTime=56.80000000000001 LossValue=0.14832201896606384
IterStartTime=56.80000000000001 IterEndTime=57.000000000000014 LossValue=0.09087000958843096
IterStartTime=57.000000000000014 IterEndTime=57.20000000000002 LossValue=0.055791092273914544
IterStartTime=57.20000000000002 IterEndTime=57.40000000000002 LossValue=0.03308029195039554
IterStartTime=57.40000000000002 IterEndTime=57.60000000000002 LossValue=0.017637335800224717
IterStartTime=57.60000000000002 IterEndTime=57.800000000000026 LossValue=0.006702799813002314
IterStartTime=57.800000000000026 IterEndTime=58.00000000000003 LossValue=-0.0013030068083677987
JobId=35 ArrivalTime=58.0 StartTime=58.000000000000014 EndTime=59.250000000000014 NumIters=10
IterStartTime=58.000000000000014 IterEndTime=58.125000000000014 LossValue=0.4890263802322675
IterStartTime=58.125000000000014 IterEndTime=58.250000000000014 LossValue=0.25767681940153414
IterStartTime=58.250000000000014 IterEndTime=58.375000000000014 LossValue=0.1485043872202459
IterStartTime=58.375000000000014 IterEndTime=58.500000000000014 LossValue=0.09074989240414418
IterStartTime=58.500000000000014 IterEndTime=58.625000000000014 LossValue=0.05706125356696809
IterStartTime=58.625000000000014 IterEndTime=58.750000000000014 LossValue=0.035863783112217676
IterStartTime=58.750000000000014 IterEndTime=58.875000000000014 LossValue=0.02172015126339673
IterStartTime=58.875000000000014 IterEndTime=59.000000000000014 LossValue=0.011836932198024955
IterStartTime=59.000000000000014 IterEndTime=59.125000000000014 LossValue=0.00466982155771949
IterStartTime=59.125000000000014 IterEndTime=59.250000000000014 LossValue=-6.877106891498702E-4
JobId=36 ArrivalTime=51.0 StartTime=51.0 EndTime=51.636363636363654 NumIters=7
IterStartTime=51.0 IterEndTime=51.09090909090909 LossValue=0.22097966673092753
IterStartTime=51.09090909090909 IterEndTime=51.18181818181819 LossValue=0.04883184459878266
IterStartTime=51.18181818181819 IterEndTime=51.27272727272728 LossValue=0.010790638998306063
IterStartTime=51.27272727272728 IterEndTime=51.363636363636374 LossValue=0.0023842978339846345
IterStartTime=51.363636363636374 IterEndTime=51.45454545454547 LossValue=5.266655466924683E-4
IterStartTime=51.45454545454547 IterEndTime=51.54545454545456 LossValue=1.1616618111397408E-4
IterStartTime=51.54545454545456 IterEndTime=51.636363636363654 LossValue=2.5454079320147348E-5
JobId=37 ArrivalTime=38.0 StartTime=38.0 EndTime=38.44444444444446 NumIters=4
IterStartTime=38.0 IterEndTime=38.111111111111114 LossValue=0.07118488547895466
IterStartTime=38.111111111111114 IterEndTime=38.22222222222223 LossValue=0.005067287917769604
IterStartTime=38.22222222222223 IterEndTime=38.33333333333334 LossValue=3.607143070278629E-4
IterStartTime=38.33333333333334 IterEndTime=38.44444444444446 LossValue=2.567740353433674E-5
JobId=38 ArrivalTime=41.0 StartTime=41.0 EndTime=41.909090909090935 NumIters=10
IterStartTime=41.0 IterEndTime=41.09090909090909 LossValue=0.6393192758416989
IterStartTime=41.09090909090909 IterEndTime=41.18181818181819 LossValue=0.4071396469639358
IterStartTime=41.18181818181819 IterEndTime=41.27272727272728 LossValue=0.25767953874324784
IterStartTime=41.27272727272728 IterEndTime=41.363636363636374 LossValue=0.16146815251047741
IterStartTime=41.363636363636374 IterEndTime=41.45454545454547 LossValue=0.0995343632804891
IterStartTime=41.45454545454547 IterEndTime=41.54545454545456 LossValue=0.05966596101982086
IterStartTime=41.54545454545456 IterEndTime=41.636363636363654 LossValue=0.03400162627492155
IterStartTime=41.636363636363654 IterEndTime=41.72727272727275 LossValue=0.017480821814492065
IterStartTime=41.72727272727275 IterEndTime=41.81818181818184 LossValue=0.0068459472801349185
IterStartTime=41.81818181818184 IterEndTime=41.909090909090935 LossValue=-3.469446951953614E-18
JobId=39 ArrivalTime=57.0 StartTime=57.000000000000014 EndTime=57.588235294117695 NumIters=10
IterStartTime=57.000000000000014 IterEndTime=57.05882352941178 LossValue=0.8443408836930933
IterStartTime=57.05882352941178 IterEndTime=57.11764705882355 LossValue=0.7047769270046272
IterStartTime=57.11764705882355 IterEndTime=57.17647058823532 LossValue=0.5796438897070498
IterStartTime=57.17647058823532 IterEndTime=57.235294117647086 LossValue=0.4674496140870975
IterStartTime=57.235294117647086 IterEndTime=57.294117647058854 LossValue=0.36685623160608616
IterStartTime=57.294117647058854 IterEndTime=57.35294117647062 LossValue=0.27666420939232994
IterStartTime=57.35294117647062 IterEndTime=57.41176470588239 LossValue=0.19579804632695896
IterStartTime=57.41176470588239 IterEndTime=57.47058823529416 LossValue=0.12329344815510657
IterStartTime=57.47058823529416 IterEndTime=57.52941176470593 LossValue=0.05828582869117638
IterStartTime=57.52941176470593 IterEndTime=57.588235294117695 LossValue=0.0