THE SEED IS: 7

OVERALL JOB STATS -
JobId=0 ArrivalTime=54.72228669512229 StartTime=56.0 EndTime=56.12500000000003 NumIters=10
IterStartTime=56.0 IterEndTime=56.0125 LossValue=0.392837895627038
IterStartTime=56.0125 IterEndTime=56.025000000000006 LossValue=0.17246847777929983
IterStartTime=56.025000000000006 IterEndTime=56.03750000000001 LossValue=0.08950794273571704
IterStartTime=56.03750000000001 IterEndTime=56.05000000000001 LossValue=0.05138053991887859
IterStartTime=56.05000000000001 IterEndTime=56.062500000000014 LossValue=0.03106338908881701
IterStartTime=56.062500000000014 IterEndTime=56.07500000000002 LossValue=0.019045627040073457
IterStartTime=56.07500000000002 IterEndTime=56.08750000000002 LossValue=0.011376169804105305
IterStartTime=56.08750000000002 IterEndTime=56.10000000000002 LossValue=0.006193231297990293
IterStartTime=56.10000000000002 IterEndTime=56.112500000000026 LossValue=0.0025310490102980806
IterStartTime=56.112500000000026 IterEndTime=56.12500000000003 LossValue=-1.5034667010496022E-4
JobId=1 ArrivalTime=49.72436122993727 StartTime=50.0 EndTime=50.12500000000003 NumIters=10
IterStartTime=50.0 IterEndTime=50.0125 LossValue=0.42695937500983316
IterStartTime=50.0125 IterEndTime=50.025000000000006 LossValue=0.21723964418135644
IterStartTime=50.025000000000006 IterEndTime=50.03750000000001 LossValue=0.12413680669666236
IterStartTime=50.03750000000001 IterEndTime=50.05000000000001 LossValue=0.07579271677623803
IterStartTime=50.05000000000001 IterEndTime=50.062500000000014 LossValue=0.04773352326921055
IterStartTime=50.062500000000014 IterEndTime=50.07500000000002 LossValue=0.030079573929801165
IterStartTime=50.07500000000002 IterEndTime=50.08750000000002 LossValue=0.01827952415300043
IterStartTime=50.08750000000002 IterEndTime=50.10000000000002 LossValue=0.010014083238448157
IterStartTime=50.10000000000002 IterEndTime=50.112500000000026 LossValue=0.004004823834167757
IterStartTime=50.112500000000026 IterEndTime=50.12500000000003 LossValue=-4.984112461055672E-4
JobId=2 ArrivalTime=42.93755428204701 StartTime=44.0 EndTime=44.12500000000003 NumIters=10
IterStartTime=44.0 IterEndTime=44.0125 LossValue=0.6986153439631856
IterStartTime=44.0125 IterEndTime=44.025000000000006 LossValue=0.48518161485349676
IterStartTime=44.025000000000006 IterEndTime=44.03750000000001 LossValue=0.3340327231988945
IterStartTime=44.03750000000001 IterEndTime=44.05000000000001 LossValue=0.22699253070582515
IterStartTime=44.05000000000001 IterEndTime=44.062500000000014 LossValue=0.15118911141820204
IterStartTime=44.062500000000014 IterEndTime=44.07500000000002 LossValue=0.09750686139733025
IterStartTime=44.07500000000002 IterEndTime=44.08750000000002 LossValue=0.059490318154485855
IterStartTime=44.08750000000002 IterEndTime=44.10000000000002 LossValue=0.03256787061226961
IterStartTime=44.10000000000002 IterEndTime=44.112500000000026 LossValue=0.01350200823142799
IterStartTime=44.112500000000026 IterEndTime=44.12500000000003 LossValue=6.938893903907228E-18
JobId=3 ArrivalTime=32.72246024791764 StartTime=34.0 EndTime=35.28571428571431 NumIters=9
IterStartTime=34.0 IterEndTime=34.142857142857146 LossValue=0.3518958968714912
IterStartTime=34.142857142857146 IterEndTime=34.28571428571429 LossValue=0.12381848552736284
IterStartTime=34.28571428571429 IterEndTime=34.42857142857144 LossValue=0.04355467402804867
IterStartTime=34.42857142857144 IterEndTime=34.571428571428584 LossValue=0.015308652651222427
IterStartTime=34.571428571428584 IterEndTime=34.71428571428573 LossValue=0.00536846031900379
IterStartTime=34.71428571428573 IterEndTime=34.857142857142875 LossValue=0.0018703597446495448
IterStartTime=34.857142857142875 IterEndTime=35.00000000000002 LossValue=6.393264588412525E-4
IterStartTime=35.00000000000002 IterEndTime=35.14285714285717 LossValue=2.0610765379082491E-4
IterStartTime=35.14285714285717 IterEndTime=35.28571428571431 LossValue=5.365155433930498E-5
JobId=4 ArrivalTime=41.78141878470583 StartTime=42.0 EndTime=42.062500000000014 NumIters=5
IterStartTime=42.0 IterEndTime=42.0125 LossValue=0.12073605081176121
IterStartTime=42.0125 IterEndTime=42.025000000000006 LossValue=0.014577193456748577
IterStartTime=42.025000000000006 IterEndTime=42.03750000000001 LossValue=0.0017599921995761162
IterStartTime=42.03750000000001 IterEndTime=42.05000000000001 LossValue=2.1249392990765228E-4
IterStartTime=42.05000000000001 IterEndTime=42.062500000000014 LossValue=2.5655099294237692E-5
JobId=5 ArrivalTime=8.133873060755226 StartTime=10.0 EndTime=10.124999999999993 NumIters=10
IterStartTime=10.0 IterEndTime=10.0125 LossValue=0.5087437312623323
IterStartTime=10.0125 IterEndTime=10.024999999999999 LossValue=0.20790767224765538
IterStartTime=10.024999999999999 IterEndTime=10.037499999999998 LossValue=0.10086754108260115
IterStartTime=10.037499999999998 IterEndTime=10.049999999999997 LossValue=0.05537244025006396
IterStartTime=10.049999999999997 IterEndTime=10.062499999999996 LossValue=0.03249359684908859
IterStartTime=10.062499999999996 IterEndTime=10.074999999999996 LossValue=0.01951571108654794
IterStartTime=10.074999999999996 IterEndTime=10.087499999999995 LossValue=0.011487350431357917
IterStartTime=10.087499999999995 IterEndTime=10.099999999999994 LossValue=0.0061898145136766395
IterStartTime=10.099999999999994 IterEndTime=10.112499999999994 LossValue=0.002516415804210548
IterStartTime=10.112499999999994 IterEndTime=10.124999999999993 LossValue=-1.3267312686838714E-4
JobId=6 ArrivalTime=16.88825686173161 StartTime=18.0 EndTime=18.124999999999993 NumIters=10
IterStartTime=18.0 IterEndTime=18.0125 LossValue=0.8636309879198435
IterStartTime=18.0125 IterEndTime=18.025 LossValue=0.7369785307576874
IterStartTime=18.025 IterEndTime=18.037499999999998 LossValue=0.6193503052500983
IterStartTime=18.037499999999998 IterEndTime=18.049999999999997 LossValue=0.5101033175003921
IterStartTime=18.049999999999997 IterEndTime=18.062499999999996 LossValue=0.4086403881661872
IterStartTime=18.062499999999996 IterEndTime=18.074999999999996 LossValue=0.314406888084117
IterStartTime=18.074999999999996 IterEndTime=18.087499999999995 LossValue=0.2268877064875735
IterStartTime=18.087499999999995 IterEndTime=18.099999999999994 LossValue=0.14560443524477973
IterStartTime=18.099999999999994 IterEndTime=18.112499999999994 LossValue=0.070112753725325
IterStartTime=18.112499999999994 IterEndTime=18.124999999999993 LossValue=0.0
JobId=7 ArrivalTime=36.912889739307644 StartTime=38.0 EndTime=38.714285714285694 NumIters=10
IterStartTime=38.0 IterEndTime=38.07142857142857 LossValue=0.6373269917187301
IterStartTime=38.07142857142857 IterEndTime=38.14285714285714 LossValue=0.4046305314566027
IterStartTime=38.14285714285714 IterEndTime=38.21428571428571 LossValue=0.25532898052196634
IterStartTime=38.21428571428571 IterEndTime=38.28571428571428 LossValue=0.1595348584868586
IterStartTime=38.28571428571428 IterEndTime=38.35714285714285 LossValue=0.09807190810870378
IterStartTime=38.35714285714285 IterEndTime=38.428571428571416 LossValue=0.058636354142218995
IterStartTime=38.428571428571416 IterEndTime=38.499999999999986 LossValue=0.03333390922092423
IterStartTime=38.499999999999986 IterEndTime=38.571428571428555 LossValue=0.0170994797632005
IterStartTime=38.571428571428555 IterEndTime=38.642857142857125 LossValue=0.006683225498538649
IterStartTime=38.642857142857125 IterEndTime=38.714285714285694 LossValue=0.0
JobId=8 ArrivalTime=33.174093660650996 StartTime=34.0 EndTime=34.13698630136986 NumIters=10
IterStartTime=34.0 IterEndTime=34.013698630136986 LossValue=0.41151447516802464
IterStartTime=34.013698630136986 IterEndTime=34.02739726027397 LossValue=0.1766389905132784
IterStartTime=34.02739726027397 IterEndTime=34.04109589041096 LossValue=0.09000028841540059
IterStartTime=34.04109589041096 IterEndTime=34.054794520547944 LossValue=0.05103867530475337
IterStartTime=34.054794520547944 IterEndTime=34.06849315068493 LossValue=0.03060585821084401
IterStartTime=34.06849315068493 IterEndTime=34.082191780821915 LossValue=0.018659342837207674
IterStartTime=34.082191780821915 IterEndTime=34.0958904109589 LossValue=0.011101415619309494
IterStartTime=34.0958904109589 IterEndTime=34.10958904109589 LossValue=0.006028036538030036
IterStartTime=34.10958904109589 IterEndTime=34.12328767123287 LossValue=0.002462297569130344
IterStartTime=34.12328767123287 IterEndTime=34.13698630136986 LossValue=-1.372439424642182E-4
JobId=9 ArrivalTime=97.51227433838558 StartTime=98.0 EndTime=98.25000000000006 NumIters=10
IterStartTime=98.0 IterEndTime=98.025 LossValue=0.5655099986309255
IterStartTime=98.025 IterEndTime=98.05000000000001 LossValue=0.27570056149094563
IterStartTime=98.05000000000001 IterEndTime=98.07500000000002 LossValue=0.14659291924158546
IterStartTime=98.07500000000002 IterEndTime=98.10000000000002 LossValue=0.08447761333599926
IterStartTime=98.10000000000002 IterEndTime=98.12500000000003 LossValue=0.05097531691250754
IterStartTime=98.12500000000003 IterEndTime=98.15000000000003 LossValue=0.031129399708265795
IterStartTime=98.15000000000003 IterEndTime=98.17500000000004 LossValue=0.01849137200456593
IterStartTime=98.17500000000004 IterEndTime=98.20000000000005 LossValue=0.009979058488589578
IterStartTime=98.20000000000005 IterEndTime=98.22500000000005 LossValue=0.0039858752635686875
IterStartTime=98.22500000000005 IterEndTime=98.25000000000006 LossValue=-3.870154371573911E-4
JobId=10 ArrivalTime=76.0052118285621 StartTime=78.0 EndTime=78.12500000000003 NumIters=10
IterStartTime=78.0 IterEndTime=78.0125 LossValue=0.44728105902480986
IterStartTime=78.0125 IterEndTime=78.025 LossValue=0.22512146887266093
IterStartTime=78.025 IterEndTime=78.03750000000001 LossValue=0.12673585215040306
IterStartTime=78.03750000000001 IterEndTime=78.05000000000001 LossValue=0.07644356956486
IterStartTime=78.05000000000001 IterEndTime=78.06250000000001 LossValue=0.0477007412104236
IterStartTime=78.06250000000001 IterEndTime=78.07500000000002 LossValue=0.029852532858075615
IterStartTime=78.07500000000002 IterEndTime=78.08750000000002 LossValue=0.018051571444019653
IterStartTime=78.08750000000002 IterEndTime=78.10000000000002 LossValue=0.009859554050514623
IterStartTime=78.10000000000002 IterEndTime=78.11250000000003 LossValue=0.003948291001741249
IterStartTime=78.11250000000003 IterEndTime=78.12500000000003 LossValue=-4.5347056350092743E-4
JobId=11 ArrivalTime=13.926455291496886 StartTime=14.0 EndTime=14.212765957446805 NumIters=10
IterStartTime=14.0 IterEndTime=14.02127659574468 LossValue=0.6292366222405478
IterStartTime=14.02127659574468 IterEndTime=14.042553191489361 LossValue=0.3654605706803653
IterStartTime=14.042553191489361 IterEndTime=14.063829787234042 LossValue=0.21791127228578777
IterStartTime=14.063829787234042 IterEndTime=14.085106382978722 LossValue=0.13462934517718847
IterStartTime=14.085106382978722 IterEndTime=14.106382978723403 LossValue=0.0848018937964051
IterStartTime=14.106382978723403 IterEndTime=14.127659574468083 LossValue=0.053153580805072605
IterStartTime=14.127659574468083 IterEndTime=14.148936170212764 LossValue=0.03198502897765398
IterStartTime=14.148936170212764 IterEndTime=14.170212765957444 LossValue=0.017203314132621036
IterStartTime=14.170212765957444 IterEndTime=14.191489361702125 LossValue=0.0065067074556229496
IterStartTime=14.191489361702125 IterEndTime=14.212765957446805 LossValue=-0.0014673258155811567
JobId=12 ArrivalTime=51.131842353227064 StartTime=52.0 EndTime=52.12500000000003 NumIters=10
IterStartTime=52.0 IterEndTime=52.0125 LossValue=0.8247741855668523
IterStartTime=52.0125 IterEndTime=52.025000000000006 LossValue=0.6729123712582004
IterStartTime=52.025000000000006 IterEndTime=52.03750000000001 LossValue=0.5412992826289895
IterStartTime=52.03750000000001 IterEndTime=52.05000000000001 LossValue=0.42723502508420375
IterStartTime=52.05000000000001 IterEndTime=52.062500000000014 LossValue=0.32837969857562466
IterStartTime=52.062500000000014 IterEndTime=52.07500000000002 LossValue=0.24270539718212447
IterStartTime=52.07500000000002 IterEndTime=52.08750000000002 LossValue=0.16845460889883163
IterStartTime=52.08750000000002 IterEndTime=52.10000000000002 LossValue=0.10410416225359465
IterStartTime=52.10000000000002 IterEndTime=52.112500000000026 LossValue=0.048333980156103684
IterStartTime=52.112500000000026 IterEndTime=52.12500000000003 LossValue=0.0
JobId=13 ArrivalTime=60.92143012369392 StartTime=62.0 EndTime=62.12500000000003 NumIters=10
IterStartTime=62.0 IterEndTime=62.0125 LossValue=0.6073718845598581
IterStartTime=62.0125 IterEndTime=62.025000000000006 LossValue=0.3801319800191469
IterStartTime=62.025000000000006 IterEndTime=62.03750000000001 LossValue=0.2456181549075085
IterStartTime=62.03750000000001 IterEndTime=62.05000000000001 LossValue=0.1617936711791464
IterStartTime=62.05000000000001 IterEndTime=62.062500000000014 LossValue=0.10680694998139038
IterStartTime=62.062500000000014 IterEndTime=62.07500000000002 LossValue=0.06908338524459391
IterStartTime=62.07500000000002 IterEndTime=62.08750000000002 LossValue=0.04220477006220236
IterStartTime=62.08750000000002 IterEndTime=62.10000000000002 LossValue=0.02243479110081298
IterStartTime=62.10000000000002 IterEndTime=62.112500000000026 LossValue=0.007498298634088102
IterStartTime=62.112500000000026 IterEndTime=62.12500000000003 LossValue=-0.004046519380091887
JobId=14 ArrivalTime=2.562886453521651 StartTime=4.0 EndTime=4.125000000000002 NumIters=10
IterStartTime=4.0 IterEndTime=4.0125 LossValue=0.6034060682272965
IterStartTime=4.0125 IterEndTime=4.025 LossValue=0.28628456787995116
IterStartTime=4.025 IterEndTime=4.0375000000000005 LossValue=0.1480622522774276
IterStartTime=4.0375000000000005 IterEndTime=4.050000000000001 LossValue=0.08374145057830389
IterStartTime=4.050000000000001 IterEndTime=4.062500000000001 LossValue=0.04990718458812614
IterStartTime=4.062500000000001 IterEndTime=4.075000000000001 LossValue=0.030221978958105807
IterStartTime=4.075000000000001 IterEndTime=4.087500000000001 LossValue=0.017851030350393843
IterStartTime=4.087500000000001 IterEndTime=4.100000000000001 LossValue=0.009601776476412863
IterStartTime=4.100000000000001 IterEndTime=4.112500000000002 LossValue=0.003839085911921225
IterStartTime=4.112500000000002 IterEndTime=4.125000000000002 LossValue=-3.3939316754261206E-4
JobId=15 ArrivalTime=47.560447913317375 StartTime=48.0 EndTime=48.277777777777786 NumIters=10
IterStartTime=48.0 IterEndTime=48.02777777777778 LossValue=0.5950161552218599
IterStartTime=48.02777777777778 IterEndTime=48.05555555555556 LossValue=0.35309530086154
IterStartTime=48.05555555555556 IterEndTime=48.083333333333336 LossValue=0.20858163561524135
IterStartTime=48.083333333333336 IterEndTime=48.111111111111114 LossValue=0.12225505786674311
IterStartTime=48.111111111111114 IterEndTime=48.13888888888889 LossValue=0.07068707629858911
IterStartTime=48.13888888888889 IterEndTime=48.16666666666667 LossValue=0.03988246441230668
IterStartTime=48.16666666666667 IterEndTime=48.19444444444445 LossValue=0.021481043906631823
IterStartTime=48.19444444444445 IterEndTime=48.22222222222223 LossValue=0.01048878476450453
IterStartTime=48.22222222222223 IterEndTime=48.25000000000001 LossValue=0.003922456854633756
IterStartTime=48.25000000000001 IterEndTime=48.277777777777786 LossValue=-2.6020852139652106E-18
JobId=16 ArrivalTime=89.89492432039224 StartTime=90.0 EndTime=90.49999999999997 NumIters=10
IterStartTime=90.0 IterEndTime=90.05 LossValue=0.7336259952950067
IterStartTime=90.05 IterEndTime=90.1 LossValue=0.5343016773725692
IterStartTime=90.1 IterEndTime=90.14999999999999 LossValue=0.38514979688315815
IterStartTime=90.14999999999999 IterEndTime=90.19999999999999 LossValue=0.2735413203791312
IterStartTime=90.19999999999999 IterEndTime=90.24999999999999 LossValue=0.19002610094859737
IterStartTime=90.24999999999999 IterEndTime=90.29999999999998 LossValue=0.1275327124981371
IterStartTime=90.29999999999998 IterEndTime=90.34999999999998 LossValue=0.08076969580908241
IterStartTime=90.34999999999998 IterEndTime=90.39999999999998 LossValue=0.045777518491088055
IterStartTime=90.39999999999998 IterEndTime=90.44999999999997 LossValue=0.01959331224973674
IterStartTime=90.44999999999997 IterEndTime=90.49999999999997 LossValue=-1.3877787807814457E-17
JobId=17 ArrivalTime=86.73053479200495 StartTime=88.0 EndTime=88.12500000000003 NumIters=10
IterStartTime=88.0 IterEndTime=88.0125 LossValue=0.4322334050853701
IterStartTime=88.0125 IterEndTime=88.025 LossValue=0.21612203621252385
IterStartTime=88.025 IterEndTime=88.03750000000001 LossValue=0.12160417941876507
IterStartTime=88.03750000000001 IterEndTime=88.05000000000001 LossValue=0.07340701790264001
IterStartTime=88.05000000000001 IterEndTime=88.06250000000001 LossValue=0.045854043087574736
IterStartTime=88.06250000000001 IterEndTime=88.07500000000002 LossValue=0.028726959494275332
IterStartTime=88.07500000000002 IterEndTime=88.08750000000002 LossValue=0.017389225522652943
IterStartTime=88.08750000000002 IterEndTime=88.10000000000002 LossValue=0.009509610644185085
IterStartTime=88.10000000000002 IterEndTime=88.11250000000003 LossValue=0.0038176954763175543
IterStartTime=88.11250000000003 IterEndTime=88.12500000000003 LossValue=-4.2480515837758914E-4
JobId=18 ArrivalTime=96.30329830655073 StartTime=98.0 EndTime=98.25000000000006 NumIters=10
IterStartTime=98.0 IterEndTime=98.025 LossValue=0.5086598070221793
IterStartTime=98.025 IterEndTime=98.05000000000001 LossValue=0.24830592176697283
IterStartTime=98.05000000000001 IterEndTime=98.07500000000002 LossValue=0.1342349783949484
IterStartTime=98.07500000000002 IterEndTime=98.10000000000002 LossValue=0.0784622370451867
IterStartTime=98.10000000000002 IterEndTime=98.12500000000003 LossValue=0.04785098972677788
IterStartTime=98.12500000000003 IterEndTime=98.15000000000003 LossValue=0.029452535440509214
IterStartTime=98.15000000000003 IterEndTime=98.17500000000004 LossValue=0.01759949468057577
IterStartTime=98.17500000000004 IterEndTime=98.20000000000005 LossValue=0.009541258079392226
IterStartTime=98.20000000000005 IterEndTime=98.22500000000005 LossValue=0.003824712683245527
IterStartTime=98.22500000000005 IterEndTime=98.25000000000006 LossValue=-3.724159965767561E-4
JobId=19 ArrivalTime=89.11809310007158 StartTime=90.0 EndTime=90.16666666666666 NumIters=10
IterStartTime=90.0 IterEndTime=90.01666666666667 LossValue=0.8543721224326387
IterStartTime=90.01666666666667 IterEndTime=90.03333333333333 LossValue=0.7214222028366745
IterStartTime=90.03333333333333 IterEndTime=90.05 LossValue=0.6000465334536106
IterStartTime=90.05 IterEndTime=90.06666666666666 LossValue=0.48923749225255053
IterStartTime=90.06666666666666 IterEndTime=90.08333333333333 LossValue=0.3880751779740058
IterStartTime=90.08333333333333 IterEndTime=90.1 LossValue=0.2957197734035245
IterStartTime=90.1 IterEndTime=90.11666666666666 LossValue=0.21140457347747554
IterStartTime=90.11666666666666 IterEndTime=90.13333333333333 LossValue=0.13442962034255324
IterStartTime=90.13333333333333 IterEndTime=90.14999999999999 LossValue=0.06415589252929643
IterStartTime=90.14999999999999 IterEndTime=90.16666666666666 LossValue=0.0
JobId=20 ArrivalTime=44.60138765902889 StartTime=46.0 EndTime=46.062500000000014 NumIters=5
IterStartTime=46.0 IterEndTime=46.0125 LossValue=0.10940707694078865
IterStartTime=46.0125 IterEndTime=46.025000000000006 LossValue=0.011969908289827292
IterStartTime=46.025000000000006 IterEndTime=46.03750000000001 LossValue=0.0013095924610154817
IterStartTime=46.03750000000001 IterEndTime=46.05000000000001 LossValue=1.4327846458662082E-4
IterStartTime=46.05000000000001 IterEndTime=46.062500000000014 LossValue=1.5675459186969635E-5
JobId=21 ArrivalTime=12.854949976747099 StartTime=14.0 EndTime=14.303030303030312 NumIters=10
IterStartTime=14.0 IterEndTime=14.030303030303031 LossValue=0.544813999705082
IterStartTime=14.030303030303031 IterEndTime=14.060606060606062 LossValue=0.24807910031140704
IterStartTime=14.060606060606062 IterEndTime=14.090909090909093 LossValue=0.12693141809436678
IterStartTime=14.090909090909093 IterEndTime=14.121212121212125 LossValue=0.07161191387444968
IterStartTime=14.121212121212125 IterEndTime=14.151515151515156 LossValue=0.04267744016170685
IterStartTime=14.151515151515156 IterEndTime=14.181818181818187 LossValue=0.025867409544346257
IterStartTime=14.181818181818187 IterEndTime=14.212121212121218 LossValue=0.015302775616653927
IterStartTime=14.212121212121218 IterEndTime=14.24242424242425 LossValue=0.008253752292450251
IterStartTime=14.24242424242425 IterEndTime=14.27272727272728 LossValue=0.003325613214931959
IterStartTime=14.27272727272728 IterEndTime=14.303030303030312 LossValue=-2.506928318895714E-4
JobId=22 ArrivalTime=75.85710533184417 StartTime=76.0 EndTime=76.12500000000003 NumIters=10
IterStartTime=76.0 IterEndTime=76.0125 LossValue=0.4384230452289678
IterStartTime=76.0125 IterEndTime=76.025 LossValue=0.20045389059847604
IterStartTime=76.025 IterEndTime=76.03750000000001 LossValue=0.10560019581599271
IterStartTime=76.03750000000001 IterEndTime=76.05000000000001 LossValue=0.06101520764755318
IterStartTime=76.05000000000001 IterEndTime=76.06250000000001 LossValue=0.03700385403819841
IterStartTime=76.06250000000001 IterEndTime=76.07500000000002 LossValue=0.022719724385947736
IterStartTime=76.07500000000002 IterEndTime=76.08750000000002 LossValue=0.013573150894082214
IterStartTime=76.08750000000002 IterEndTime=76.10000000000002 LossValue=0.007378794086037779
IterStartTime=76.10000000000002 IterEndTime=76.11250000000003 LossValue=0.002995732822750754
IterStartTime=76.11250000000003 IterEndTime=76.12500000000003 LossValue=-2.1664684525427545E-4
JobId=23 ArrivalTime=31.961771356551317 StartTime=32.0 EndTime=32.277777777777786 NumIters=10
IterStartTime=32.0 IterEndTime=32.02777777777778 LossValue=0.5411363379599753
IterStartTime=32.02777777777778 IterEndTime=32.05555555555556 LossValue=0.22643798862098263
IterStartTime=32.05555555555556 IterEndTime=32.083333333333336 LossValue=0.11049002436746709
IterStartTime=32.083333333333336 IterEndTime=32.111111111111114 LossValue=0.06074241281505559
IterStartTime=32.111111111111114 IterEndTime=32.13888888888889 LossValue=0.0356523084405871
IterStartTime=32.13888888888889 IterEndTime=32.16666666666667 LossValue=0.021407407450579244
IterStartTime=32.16666666666667 IterEndTime=32.19444444444445 LossValue=0.01259374831792938
IterStartTime=32.19444444444445 IterEndTime=32.22222222222223 LossValue=0.006778664674925381
IterStartTime=32.22222222222223 IterEndTime=32.25000000000001 LossValue=0.0027472633490579212
IterStartTime=32.25000000000001 IterEndTime=32.277777777777786 LossValue=-1.5926713367787892E-4
JobId=24 ArrivalTime=71.7606771562658 StartTime=72.0 EndTime=72.12500000000003 NumIters=10
IterStartTime=72.0 IterEndTime=72.0125 LossValue=0.39590852207566934
IterStartTime=72.0125 IterEndTime=72.025 LossValue=0.18840910478978803
IterStartTime=72.025 IterEndTime=72.03750000000001 LossValue=0.10322046310656752
IterStartTime=72.03750000000001 IterEndTime=72.05000000000001 LossValue=0.061342964155068846
IterStartTime=72.05000000000001 IterEndTime=72.06250000000001 LossValue=0.037948510014612
IterStartTime=72.06250000000001 IterEndTime=72.07500000000002 LossValue=0.02363202450995111
IterStartTime=72.07500000000002 IterEndTime=72.08750000000002 LossValue=0.014260653001810987
IterStartTime=72.08750000000002 IterEndTime=72.10000000000002 LossValue=0.0078022589358768026
IterStartTime=72.10000000000002 IterEndTime=72.11250000000003 LossValue=0.003167366844053436
IterStartTime=72.11250000000003 IterEndTime=72.12500000000003 LossValue=-2.693180161979468E-4
JobId=25 ArrivalTime=47.14654274809666 StartTime=48.0 EndTime=48.20454545454546 NumIters=9
IterStartTime=48.0 IterEndTime=48.02272727272727 LossValue=0.3529072317668036
IterStartTime=48.02272727272727 IterEndTime=48.04545454545455 LossValue=0.12453096036954818
IterStartTime=48.04545454545455 IterEndTime=48.06818181818182 LossValue=0.043930892036660826
IterStartTime=48.06818181818182 IterEndTime=48.09090909090909 LossValue=0.015484981366870541
IterStartTime=48.09090909090909 IterEndTime=48.11363636363637 LossValue=0.005445661915034267
IterStartTime=48.11363636363637 IterEndTime=48.13636363636364 LossValue=0.0019025187115700355
IterStartTime=48.13636363636364 IterEndTime=48.159090909090914 LossValue=6.520491134581261E-4
IterStartTime=48.159090909090914 IterEndTime=48.18181818181819 LossValue=2.1072508955942722E-4
IterStartTime=48.18181818181819 IterEndTime=48.20454545454546 LossValue=5.497008810699782E-5
JobId=26 ArrivalTime=69.45462123406273 StartTime=70.0 EndTime=70.12500000000003 NumIters=10
IterStartTime=70.0 IterEndTime=70.0125 LossValue=0.8847306212520407
IterStartTime=70.0125 IterEndTime=70.025 LossValue=0.7731526741681054
IterStartTime=70.025 IterEndTime=70.03750000000001 LossValue=0.665147942896958
IterStartTime=70.03750000000001 IterEndTime=70.05000000000001 LossValue=0.5606019973780141
IterStartTime=70.05000000000001 IterEndTime=70.06250000000001 LossValue=0.45940407210369916
IterStartTime=70.06250000000001 IterEndTime=70.07500000000002 LossValue=0.36144694876437145
IterStartTime=70.07500000000002 IterEndTime=70.08750000000002 LossValue=0.26662684265146774
IterStartTime=70.08750000000002 IterEndTime=70.10000000000002 LossValue=0.17484329269851928
IterStartTime=70.10000000000002 IterEndTime=70.11250000000003 LossValue=0.08599905504353744
IterStartTime=70.11250000000003 IterEndTime=70.12500000000003 LossValue=4.440892098500626E-16
JobId=27 ArrivalTime=35.565005711541986 StartTime=36.0 EndTime=36.12500000000003 NumIters=10
IterStartTime=36.0 IterEndTime=36.0125 LossValue=0.4443964946266552
IterStartTime=36.0125 IterEndTime=36.025000000000006 LossValue=0.19739516083726022
IterStartTime=36.025000000000006 IterEndTime=36.03750000000001 LossValue=0.08758725231309794
IterStartTime=36.03750000000001 IterEndTime=36.05000000000001 LossValue=0.03877060590287325
IterStartTime=36.05000000000001 IterEndTime=36.062500000000014 LossValue=0.017068480812160582
IterStartTime=36.062500000000014 IterEndTime=36.07500000000002 LossValue=0.00742049660826629
IterStartTime=36.07500000000002 IterEndTime=36.08750000000002 LossValue=0.0031313498629814956
IterStartTime=36.08750000000002 IterEndTime=36.10000000000002 LossValue=0.0012245494978688008
IterStartTime=36.10000000000002 IterEndTime=36.112500000000026 LossValue=3.7685464191849723E-4
IterStartTime=36.112500000000026 IterEndTime=36.12500000000003 LossValue=-1.6263032587282567E-19
JobId=28 ArrivalTime=38.72641786958895 StartTime=40.0 EndTime=40.12500000000003 NumIters=10
IterStartTime=40.0 IterEndTime=40.0125 LossValue=0.46662785690564373
IterStartTime=40.0125 IterEndTime=40.025000000000006 LossValue=0.20014821139673192
IterStartTime=40.025000000000006 IterEndTime=40.03750000000001 LossValue=0.1006555656919268
IterStartTime=40.03750000000001 IterEndTime=40.05000000000001 LossValue=0.05648109296389834
IterStartTime=40.05000000000001 IterEndTime=40.062500000000014 LossValue=0.033608903433353154
IterStartTime=40.062500000000014 IterEndTime=40.07500000000002 LossValue=0.020373417389612396
IterStartTime=40.07500000000002 IterEndTime=40.08750000000002 LossValue=0.012067816186484868
IterStartTime=40.08750000000002 IterEndTime=40.10000000000002 LossValue=0.0065284856478047305
IterStartTime=40.10000000000002 IterEndTime=40.112500000000026 LossValue=0.002655566347190828
IterStartTime=40.112500000000026 IterEndTime=40.12500000000003 LossValue=-1.5580486693915485E-4
JobId=29 ArrivalTime=5.863755813704885 StartTime=6.0 EndTime=6.087500000000001 NumIters=7
IterStartTime=6.0 IterEndTime=6.0125 LossValue=0.25654557205168205
IterStartTime=6.0125 IterEndTime=6.025 LossValue=0.06581494793430198
IterStartTime=6.025 IterEndTime=6.0375000000000005 LossValue=0.01688367574241156
IterStartTime=6.0375000000000005 IterEndTime=6.050000000000001 LossValue=0.0043305296003249135
IterStartTime=6.050000000000001 IterEndTime=6.062500000000001 LossValue=0.0011100640165442913
IterStartTime=6.062500000000001 IterEndTime=6.075000000000001 LossValue=2.838648741999268E-4
IterStartTime=6.075000000000001 IterEndTime=6.087500000000001 LossValue=7.190638402124E-5
JobId=30 ArrivalTime=28.451237994885304 StartTime=30.0 EndTime=30.124999999999993 NumIters=10
IterStartTime=30.0 IterEndTime=30.0125 LossValue=0.5043686378600248
IterStartTime=30.0125 IterEndTime=30.025 LossValue=0.26204550735322546
IterStartTime=30.025 IterEndTime=30.037499999999998 LossValue=0.14858611447466766
IterStartTime=30.037499999999998 IterEndTime=30.049999999999997 LossValue=0.08965630933459935
IterStartTime=30.049999999999997 IterEndTime=30.062499999999996 LossValue=0.055851360802807934
IterStartTime=30.062499999999996 IterEndTime=30.074999999999996 LossValue=0.0348687767352196
IterStartTime=30.074999999999996 IterEndTime=30.087499999999995 LossValue=0.021021369215867555
IterStartTime=30.087499999999995 IterEndTime=30.099999999999994 LossValue=0.011430925187076908
IterStartTime=30.099999999999994 IterEndTime=30.112499999999994 LossValue=0.004526839775662803
IterStartTime=30.112499999999994 IterEndTime=30.124999999999993 LossValue=-6.027030342285224E-4
JobId=31 ArrivalTime=30.53140049856491 StartTime=32.0 EndTime=32.227272727272734 NumIters=10
IterStartTime=32.0 IterEndTime=32.02272727272727 LossValue=0.608668719700713
IterStartTime=32.02272727272727 IterEndTime=32.04545454545455 LossValue=0.3091474469552109
IterStartTime=32.04545454545455 IterEndTime=32.06818181818182 LossValue=0.16703484721661263
IterStartTime=32.06818181818182 IterEndTime=32.09090909090909 LossValue=0.09689684979761429
IterStartTime=32.09090909090909 IterEndTime=32.11363636363637 LossValue=0.058634773320444616
IterStartTime=32.11363636363637 IterEndTime=32.13636363636364 LossValue=0.035841264600026665
IterStartTime=32.13636363636364 IterEndTime=32.159090909090914 LossValue=0.021282364571130856
IterStartTime=32.159090909090914 IterEndTime=32.18181818181819 LossValue=0.011459559042508734
IterStartTime=32.18181818181819 IterEndTime=32.20454545454546 LossValue=0.00453685605866494
IterStartTime=32.20454545454546 IterEndTime=32.227272727272734 LossValue=-5.172044988824218E-4
JobId=32 ArrivalTime=37.52874966376214 StartTime=38.0 EndTime=38.151515151515156 NumIters=10
IterStartTime=38.0 IterEndTime=38.015151515151516 LossValue=0.385213750763321
IterStartTime=38.015151515151516 IterEndTime=38.03030303030303 LossValue=0.1710309765602178
IterStartTime=38.03030303030303 IterEndTime=38.04545454545455 LossValue=0.08957278335146238
IterStartTime=38.04545454545455 IterEndTime=38.06060606060606 LossValue=0.05173175348129803
IterStartTime=38.06060606060606 IterEndTime=38.07575757575758 LossValue=0.03140514278362544
IterStartTime=38.07575757575758 IterEndTime=38.09090909090909 LossValue=0.01931063265200498
IterStartTime=38.09090909090909 IterEndTime=38.10606060606061 LossValue=0.01155769564288114
IterStartTime=38.10606060606061 IterEndTime=38.121212121212125 LossValue=0.006300146457117385
IterStartTime=38.121212121212125 IterEndTime=38.13636363636364 LossValue=0.002574965984950134
IterStartTime=38.13636363636364 IterEndTime=38.151515151515156 LossValue=-1.586998476999172E-4
JobId=33 ArrivalTime=95.02412092381991 StartTime=96.0 EndTime=96.12500000000003 NumIters=10
IterStartTime=96.0 IterEndTime=96.0125 LossValue=0.6723266806980239
IterStartTime=96.0125 IterEndTime=96.025 LossValue=0.4346735335067691
IterStartTime=96.025 IterEndTime=96.03750000000001 LossValue=0.28226741901338503
IterStartTime=96.03750000000001 IterEndTime=96.05000000000001 LossValue=0.18507571342288176
IterStartTime=96.05000000000001 IterEndTime=96.06250000000001 LossValue=0.12126694108158598
IterStartTime=96.06250000000001 IterEndTime=96.07500000000002 LossValue=0.07782659402112913
IterStartTime=96.07500000000002 IterEndTime=96.08750000000002 LossValue=0.04720257853918272
IterStartTime=96.08750000000002 IterEndTime=96.10000000000002 LossValue=0.024930319903779752
IterStartTime=96.10000000000002 IterEndTime=96.11250000000003 LossValue=0.008286305554327647
IterStartTime=96.11250000000003 IterEndTime=96.12500000000003 LossValue=-0.0044475527991268
JobId=34 ArrivalTime=91.0190385999921 StartTime=92.0 EndTime=92.12500000000003 NumIters=10
IterStartTime=92.0 IterEndTime=92.0125 LossValue=0.7126278409553701
IterStartTime=92.0125 IterEndTime=92.025 LossValue=0.5045705100373177
IterStartTime=92.025 IterEndTime=92.03750000000001 LossValue=0.35393708370731164
IterStartTime=92.03750000000001 IterEndTime=92.05000000000001 LossValue=0.24487854187273245
IterStartTime=92.05000000000001 IterEndTime=92.06250000000001 LossValue=0.1659202001761959
IterStartTime=92.06250000000001 IterEndTime=92.07500000000002 LossValue=0.1087543916242768
IterStartTime=92.07500000000002 IterEndTime=92.08750000000002 LossValue=0.06736636855820961
IterStartTime=92.08750000000002 IterEndTime=92.10000000000002 LossValue=0.037401456022046364
IterStartTime=92.10000000000002 IterEndTime=92.11250000000003 LossValue=0.015706871048354505
IterStartTime=92.11250000000003 IterEndTime=92.12500000000003 LossValue=1.3877787807814457E-17
JobId=35 ArrivalTime=7.569319853735024 StartTime=8.0 EndTime=8.124999999999993 NumIters=10
IterStartTime=8.0 IterEndTime=8.0125 LossValue=0.6024653536111251
IterStartTime=8.0125 IterEndTime=8.024999999999999 LossValue=0.33047000296460466
IterStartTime=8.024999999999999 IterEndTime=8.037499999999998 LossValue=0.1895537812918679
IterStartTime=8.037499999999998 IterEndTime=8.049999999999997 LossValue=0.11430503822877808
IterStartTime=8.049999999999997 IterEndTime=8.062499999999996 LossValue=0.07092008942212316
IterStartTime=8.062499999999996 IterEndTime=8.074999999999996 LossValue=0.0440529220736566
IterStartTime=8.074999999999996 IterEndTime=8.087499999999995 LossValue=0.026403343965540203
IterStartTime=8.087499999999995 IterEndTime=8.099999999999994 LossValue=0.014241947111620714
IterStartTime=8.099999999999994 IterEndTime=8.112499999999994 LossValue=0.005530512269006808
IterStartTime=8.112499999999994 IterEndTime=8.124999999999993 LossValue=-9.120560452171508E-4
JobId=36 ArrivalTime=65.0695779980479 StartTime=66.0 EndTime=66.55555555555557 NumIters=10
IterStartTime=66.0 IterEndTime=66.05555555555556 LossValue=0.7280885218994299
IterStartTime=66.05555555555556 IterEndTime=66.11111111111111 LossValue=0.5263823586525385
IterStartTime=66.11111111111111 IterEndTime=66.16666666666667 LossValue=0.37675507341990255
IterStartTime=66.16666666666667 IterEndTime=66.22222222222223 LossValue=0.2657603267760683
IterStartTime=66.22222222222223 IterEndTime=66.27777777777779 LossValue=0.1834235139188782
IterStartTime=66.27777777777779 IterEndTime=66.33333333333334 LossValue=0.1223453912466955
IterStartTime=66.33333333333334 IterEndTime=66.3888888888889 LossValue=0.07703713920603578
IterStartTime=66.3888888888889 IterEndTime=66.44444444444446 LossValue=0.04342710646161281
IterStartTime=66.44444444444446 IterEndTime=66.50000000000001 LossValue=0.01849490867858096
IterStartTime=66.50000000000001 IterEndTime=66.55555555555557 LossValue=0.0
JobId=37 ArrivalTime=65.66387585515263 StartTime=66.0 EndTime=66.5263157894737 NumIters=10
IterStartTime=66.0 IterEndTime=66.05263157894737 LossValue=0.7408019958606773
IterStartTime=66.05263157894737 IterEndTime=66.10526315789474 LossValue=0.5446484795948376
IterStartTime=66.10526315789474 IterEndTime=66.15789473684211 LossValue=0.3962051994422194
IterStartTime=66.15789473684211 IterEndTime=66.21052631578948 LossValue=0.28386763934156356
IterStartTime=66.21052631578948 IterEndTime=66.26315789473685 LossValue=0.19885383880849938
IterStartTime=66.26315789473685 IterEndTime=66.31578947368422 LossValue=0.13451786538518634
IterStartTime=66.31578947368422 IterEndTime=66.36842105263159 LossValue=0.08583027054327096
IterStartTime=66.36842105263159 IterEndTime=66.42105263157896 LossValue=0.04898491381114556
IterStartTime=66.42105263157896 IterEndTime=66.47368421052633 LossValue=0.021101418700624486
IterStartTime=66.47368421052633 IterEndTime=66.5263157894737 LossValue=-1.3877787807814457E-17
JobId=38 ArrivalTime=53.61774414353807 StartTime=54.0 EndTime=54.12500000000003 NumIters=10
IterStartTime=54.0 IterEndTime=54.0125 LossValue=0.6354121820845043
IterStartTime=54.0125 IterEndTime=54.025000000000006 LossValue=0.3949037677992334
IterStartTime=54.025000000000006 IterEndTime=54.03750000000001 LossValue=0.25029070278537224
IterStartTime=54.03750000000001 IterEndTime=54.05000000000001 LossValue=0.16174752326448016
IterStartTime=54.05000000000001 IterEndTime=54.062500000000014 LossValue=0.10511406317221439
IterStartTime=54.062500000000014 IterEndTime=54.07500000000002 LossValue=0.06722195431228783
IterStartTime=54.07500000000002 IterEndTime=54.08750000000002 LossValue=0.04082788845369637
IterStartTime=54.08750000000002 IterEndTime=54.10000000000002 LossValue=0.02179627684775439
IterStartTime=54.10000000000002 IterEndTime=54.112500000000026 LossValue=0.0076640042672844536
IterStartTime=54.112500000000026 IterEndTime=54.12500000000003 LossValue=-0.003096249934446113
JobId=39 ArrivalTime=65.8729298097057 StartTime=66.0 EndTime=66.23255813953483 NumIters=10
IterStartTime=66.0 IterEndTime=66.02325581395348 LossValue=0.4254030093429519
IterStartTime=66.02325581395348 IterEndTime=66.04651162790697 LossValue=0.20523033027468157
IterStartTime=66.04651162790697 IterEndTime=66.06976744186045 LossValue=0.11262407927134596
IterStartTime=66.06976744186045 IterEndTime=66.09302325581393 LossValue=0.06686801189283414
IterStartTime=66.09302325581393 IterEndTime=66.11627906976742 LossValue=0.0413045090722952
IterStartTime=66.11627906976742 IterEndTime=66.1395348837209 LossValue=0.025681371753144028
IterStartTime=66.1395348837209 IterEndTime=66.16279069767438 LossValue=0.01547174008797702
IterStartTime=66.16279069767438 IterEndTime=66.18604651162786 LossValue=0.008447336006920537
IterStartTime=66.18604651162786 IterEndTime=66.20930232558135 LossValue=0.0034140150211209724
IterStartTime=66.20930232558135 IterEndTime=66.23255813953483 LossValue=-3.1289734975596326E-4